2025-04-28 10:49:26,682 [INFO] Activator:176 - 


2025-04-28 10:49:26,690 [INFO] Activator:177 - !SESSION log4j initialized
2025-04-28 10:49:33,478 [INFO] LogOutputStream:77 - [STDOUT_REDIRECT] 
2025-04-28 10:49:34,055 [ERROR] ConfigurationRetriever:142 - IOException on connection: sw-center.st.com
2025-04-28 10:49:34,056 [ERROR] ConfigurationRetriever:142 - IOException on connection: sw-center.st.com
2025-04-28 10:49:34,057 [ERROR] ConfigurationRetriever:142 - IOException on connection: sw-center.st.com
2025-04-28 10:49:35,086 [INFO] ApplicationProperties:184 - Using Application install path: D:\Program Files\en.st-stm32cubeide_1.16.1_22882_20240916_0822_x86_64.exe\STM32CubeIDE_1.16.1\STM32CubeIDE\plugins\com.st.stm32cube.common.mx_6.12.1.202409122256
2025-04-28 10:49:35,116 [INFO] DbMcusXml:78 - Set database path to: D:\Program Files\en.st-stm32cubeide_1.16.1_22882_20240916_0822_x86_64.exe\STM32CubeIDE_1.16.1\STM32CubeIDE\plugins\com.st.stm32cube.common.mx_6.12.1.202409122256\\db\/mcu/
2025-04-28 10:49:35,116 [INFO] ApiDb:274 - Set plugin database path to: D:\Program Files\en.st-stm32cubeide_1.16.1_22882_20240916_0822_x86_64.exe\STM32CubeIDE_1.16.1\STM32CubeIDE\plugins\com.st.stm32cube.common.mx_6.12.1.202409122256\\db\/plugins/boardmanager/
2025-04-28 10:49:35,117 [WARN] ApiDb:259 - Overriding images path with different value:  => D:\Program Files\en.st-stm32cubeide_1.16.1_22882_20240916_0822_x86_64.exe\STM32CubeIDE_1.16.1\STM32CubeIDE\plugins\com.st.stm32cube.common.mx_6.12.1.202409122256\\db\/plugins/mcufinder/images/
2025-04-28 10:49:35,127 [INFO] ApiDb:250 - Set database path to: C:\Users\ashry\.stmcufinder\plugins\mcufinder//mcu/
2025-04-28 10:49:35,130 [INFO] DbMcusAds:125 - Set database path to: C:\Users\ashry\.stmcufinder\plugins\mcufinder//mcu/
2025-04-28 10:49:35,137 [INFO] CrossReferenceDbSqlite:203 - Set database path to: C:\Users\ashry\.stmcufinder\plugins\mcufinder//mcu/cs/
2025-04-28 10:49:35,426 [INFO] RulesReader:64 - Compatibility file has been processed (297 Rules)
2025-04-28 10:49:35,538 [INFO] DbMcusXml:78 - Set database path to: D:\Program Files\en.st-stm32cubeide_1.16.1_22882_20240916_0822_x86_64.exe\STM32CubeIDE_1.16.1\STM32CubeIDE\plugins\com.st.stm32cube.common.mx_6.12.1.202409122256\\db\/mcu/
2025-04-28 10:49:35,538 [INFO] ApiDb:274 - Set plugin database path to: D:\Program Files\en.st-stm32cubeide_1.16.1_22882_20240916_0822_x86_64.exe\STM32CubeIDE_1.16.1\STM32CubeIDE\plugins\com.st.stm32cube.common.mx_6.12.1.202409122256\\db\/plugins/boardmanager/
2025-04-28 10:49:35,539 [INFO] ApiDb:261 - Set plugin images path to: D:\Program Files\en.st-stm32cubeide_1.16.1_22882_20240916_0822_x86_64.exe\STM32CubeIDE_1.16.1\STM32CubeIDE\plugins\com.st.stm32cube.common.mx_6.12.1.202409122256\\db\/plugins/mcufinder/images/
2025-04-28 10:49:35,539 [WARN] DbFile:41 - Overriding database path with different value: C:\Users\ashry\.stmcufinder\plugins\mcufinder/ => C:\Users\ashry\.stmcufinder\plugins\mcufinder
2025-04-28 10:49:35,539 [INFO] ApiDb:250 - Set database path to: C:\Users\ashry\.stmcufinder\plugins\mcufinder//mcu/
2025-04-28 10:49:35,539 [WARN] DbFile:41 - Overriding database path with different value: C:\Users\ashry\.stmcufinder\plugins\mcufinder/ => C:\Users\ashry\.stmcufinder\plugins\mcufinder
2025-04-28 10:49:35,539 [INFO] DbMcusAds:125 - Set database path to: C:\Users\ashry\.stmcufinder\plugins\mcufinder//mcu/
2025-04-28 10:49:35,539 [WARN] DbFile:41 - Overriding database path with different value: C:\Users\ashry\.stmcufinder\plugins\mcufinder/ => C:\Users\ashry\.stmcufinder\plugins\mcufinder
2025-04-28 10:49:35,539 [WARN] DbFile:41 - Overriding database path with different value: C:\Users\ashry\.stmcufinder\plugins\mcufinder/ => C:\Users\ashry\.stmcufinder\plugins\mcufinder
2025-04-28 10:49:35,540 [INFO] CrossReferenceDbSqlite:203 - Set database path to: C:\Users\ashry\.stmcufinder\plugins\mcufinder//mcu/cs/
2025-04-28 10:49:35,643 [INFO] MainPanel:268 - HeapMemory: 268435456
2025-04-28 10:49:35,758 [INFO] DbMcusXml:78 - Set database path to: D:\Program Files\en.st-stm32cubeide_1.16.1_22882_20240916_0822_x86_64.exe\STM32CubeIDE_1.16.1\STM32CubeIDE\plugins\com.st.stm32cube.common.mx_6.12.1.202409122256\\db\/mcu/
2025-04-28 10:49:35,759 [INFO] ApiDb:274 - Set plugin database path to: D:\Program Files\en.st-stm32cubeide_1.16.1_22882_20240916_0822_x86_64.exe\STM32CubeIDE_1.16.1\STM32CubeIDE\plugins\com.st.stm32cube.common.mx_6.12.1.202409122256\\db\/plugins/boardmanager/
2025-04-28 10:49:35,759 [INFO] ApiDb:261 - Set plugin images path to: D:\Program Files\en.st-stm32cubeide_1.16.1_22882_20240916_0822_x86_64.exe\STM32CubeIDE_1.16.1\STM32CubeIDE\plugins\com.st.stm32cube.common.mx_6.12.1.202409122256\\db\/plugins/mcufinder/images/
2025-04-28 10:49:35,761 [WARN] DbFile:41 - Overriding database path with different value: C:\Users\ashry\.stmcufinder\plugins\mcufinder/ => C:\Users\ashry\.stmcufinder\plugins\mcufinder
2025-04-28 10:49:35,761 [INFO] ApiDb:250 - Set database path to: C:\Users\ashry\.stmcufinder\plugins\mcufinder//mcu/
2025-04-28 10:49:35,761 [WARN] DbFile:41 - Overriding database path with different value: C:\Users\ashry\.stmcufinder\plugins\mcufinder/ => C:\Users\ashry\.stmcufinder\plugins\mcufinder
2025-04-28 10:49:35,761 [INFO] DbMcusAds:125 - Set database path to: C:\Users\ashry\.stmcufinder\plugins\mcufinder//mcu/
2025-04-28 10:49:35,761 [WARN] DbFile:41 - Overriding database path with different value: C:\Users\ashry\.stmcufinder\plugins\mcufinder/ => C:\Users\ashry\.stmcufinder\plugins\mcufinder
2025-04-28 10:49:35,761 [WARN] DbFile:41 - Overriding database path with different value: C:\Users\ashry\.stmcufinder\plugins\mcufinder/ => C:\Users\ashry\.stmcufinder\plugins\mcufinder
2025-04-28 10:49:35,762 [INFO] CrossReferenceDbSqlite:203 - Set database path to: C:\Users\ashry\.stmcufinder\plugins\mcufinder//mcu/cs/
2025-04-28 10:49:35,804 [INFO] ApplicationProperties:184 - Using Application install path: D:\Program Files\en.st-stm32cubeide_1.16.1_22882_20240916_0822_x86_64.exe\STM32CubeIDE_1.16.1\STM32CubeIDE\plugins\com.st.stm32cube.common.mx_6.12.1.202409122256
2025-04-28 10:49:35,806 [INFO] PluginManage:196 - Search for loadable plugins [exclusion list=, ]
2025-04-28 10:49:35,810 [INFO] PluginManage:310 - Check plugin analytics
2025-04-28 10:49:36,140 [INFO] AnalyticsPlugin:253 - Accepted Software Licenses: STM32CubeMX.6.14.0
2025-04-28 10:49:36,141 [INFO] AnalyticsPlugin:255 - Accepted CMSIS Pack Licenses: 
2025-04-28 10:49:36,141 [INFO] AnalyticsPlugin:257 - Accepted Firmware Licenses: FW.F4.1.28.0
2025-04-28 10:49:36,144 [ERROR] ConfigurationRetriever:142 - IOException on connection: sw-center.st.com
2025-04-28 10:49:36,144 [INFO] PluginManage:359 - Loaded plugin analytics (category:tool,tabindex:-1)
2025-04-28 10:49:36,145 [ERROR] ConfigurationRetriever:142 - IOException on connection: sw-center.st.com
2025-04-28 10:49:36,145 [INFO] PluginManage:310 - Check plugin cadmodel
2025-04-28 10:49:36,145 [ERROR] ConfigurationRetriever:142 - IOException on connection: sw-center.st.com
2025-04-28 10:49:36,149 [INFO] CADModel:105 - Init CAD model plugin
2025-04-28 10:49:36,150 [INFO] PluginManage:359 - Loaded plugin cadmodel (category:power,tabindex:5)
2025-04-28 10:49:36,150 [INFO] PluginManage:310 - Check plugin clock
2025-04-28 10:49:36,165 [INFO] PluginManage:359 - Loaded plugin clock (category:base,tabindex:2)
2025-04-28 10:49:36,165 [INFO] PluginManage:310 - Check plugin ddr
2025-04-28 10:49:36,168 [INFO] PluginManage:359 - Loaded plugin ddr (category:tool,tabindex:6)
2025-04-28 10:49:36,168 [INFO] PluginManage:310 - Check plugin filemanager
2025-04-28 10:49:36,392 [INFO] PluginManage:359 - Loaded plugin filemanager (category:base,tabindex:10)
2025-04-28 10:49:36,392 [INFO] PluginManage:310 - Check plugin ipmanager
2025-04-28 10:49:36,405 [INFO] PluginManage:359 - Loaded plugin ipmanager (category:base,tabindex:5)
2025-04-28 10:49:36,405 [INFO] PluginManage:310 - Check plugin lpbam
2025-04-28 10:49:36,417 [INFO] PluginManage:359 - Loaded plugin lpbam (category:base,tabindex:0)
2025-04-28 10:49:36,417 [INFO] PluginManage:310 - Check plugin memorymap
2025-04-28 10:49:36,433 [INFO] PluginManage:359 - Loaded plugin memorymap (category:base,tabindex:4)
2025-04-28 10:49:36,433 [INFO] PluginManage:310 - Check plugin pinoutandconfiguration
2025-04-28 10:49:36,450 [INFO] PluginManage:359 - Loaded plugin pinoutandconfiguration (category:base,tabindex:1)
2025-04-28 10:49:36,450 [INFO] PluginManage:310 - Check plugin pinoutconfig
2025-04-28 10:49:36,598 [WARN] SupportedApi:132 - Cannot load RTOS API schema: s4s-elt-must-match.1: The content of 'definitions' must match (annotation?, (simpleType | complexType)?, (unique | key | keyref)*)). A problem was found starting at: attribute.
2025-04-28 10:49:36,808 [INFO] PluginManage:359 - Loaded plugin pinoutconfig (category:base,tabindex:0)
2025-04-28 10:49:36,808 [INFO] PluginManage:310 - Check plugin power
2025-04-28 10:49:36,821 [INFO] PluginManage:359 - Loaded plugin power (category:power,tabindex:4)
2025-04-28 10:49:36,822 [INFO] PluginManage:310 - Check plugin projectmanager
2025-04-28 10:49:36,870 [INFO] PluginManage:359 - Loaded plugin projectmanager (category:projectmanager,tabindex:4)
2025-04-28 10:49:36,871 [INFO] PluginManage:310 - Check plugin rif
2025-04-28 10:49:36,883 [INFO] PluginManage:359 - Loaded plugin rif (category:base,tabindex:3)
2025-04-28 10:49:36,883 [INFO] PluginManage:310 - Check plugin thirdparty
2025-04-28 10:49:37,178 [INFO] PluginManage:359 - Loaded plugin thirdparty (category:base,tabindex:-1)
2025-04-28 10:49:37,179 [INFO] PluginManage:310 - Check plugin tools
2025-04-28 10:49:37,184 [INFO] PluginManage:359 - Loaded plugin tools (category:base,tabindex:7)
2025-04-28 10:49:37,183 [WARN] IntegrityCheckThread:84 - waiting for thirdparty lock release [integrity check]
2025-04-28 10:49:37,184 [INFO] PluginManage:310 - Check plugin tutovideos
2025-04-28 10:49:37,184 [INFO] IntegrityCheckThread:86 - entering critical section [integrity check]
2025-04-28 10:49:37,185 [INFO] ThirdPartyUpdaterWithRetryManager:70 - Updater plugin not ready yet. [1/15]
2025-04-28 10:49:37,563 [INFO] PluginManage:359 - Loaded plugin tutovideos (category:base,tabindex:-1)
2025-04-28 10:49:37,563 [INFO] PluginManage:310 - Check plugin updater
2025-04-28 10:49:37,593 [INFO] PluginManage:359 - Loaded plugin updater (category:base,tabindex:12)
2025-04-28 10:49:37,593 [INFO] PluginManage:310 - Check plugin userauth
2025-04-28 10:49:37,603 [INFO] UserAuth:113 - Init User Auth plugin
2025-04-28 10:49:37,603 [INFO] PluginManage:359 - Loaded plugin userauth (category:base,tabindex:14)
2025-04-28 10:49:37,604 [INFO] PluginManage:283 - PluginManage : Loaded plugins [18]
2025-04-28 10:49:37,922 [INFO] PinOutPanel:1561 - setPackage(No Configuration,No Configuration)
2025-04-28 10:49:38,051 [INFO] CADModel:165 - CPN selected for project level
2025-04-28 10:49:38,051 [INFO] CADModel:114 - Register for checkConnection events
2025-04-28 10:49:38,074 [INFO] IPUIPlugin:80 - create IPUIPlugin
2025-04-28 10:49:38,074 [INFO] PluginManager:220 - loadIPPluginJar : add adc
2025-04-28 10:49:38,077 [INFO] IPUIPlugin:80 - create IPUIPlugin
2025-04-28 10:49:38,077 [INFO] PluginManager:220 - loadIPPluginJar : add aes
2025-04-28 10:49:38,080 [INFO] IPUIPlugin:80 - create IPUIPlugin
2025-04-28 10:49:38,080 [INFO] PluginManager:220 - loadIPPluginJar : add can
2025-04-28 10:49:38,082 [INFO] IPUIPlugin:80 - create IPUIPlugin
2025-04-28 10:49:38,082 [INFO] PluginManager:220 - loadIPPluginJar : add comp
2025-04-28 10:49:38,085 [INFO] IPUIPlugin:80 - create IPUIPlugin
2025-04-28 10:49:38,085 [INFO] PluginManager:220 - loadIPPluginJar : add cryp
2025-04-28 10:49:38,088 [INFO] IPUIPlugin:80 - create IPUIPlugin
2025-04-28 10:49:38,088 [INFO] PluginManager:220 - loadIPPluginJar : add ddr_ctrl_phy
2025-04-28 10:49:38,091 [INFO] IPUIPlugin:80 - create IPUIPlugin
2025-04-28 10:49:38,092 [INFO] PluginManager:220 - loadIPPluginJar : add dfsdm
2025-04-28 10:49:38,098 [INFO] IPUIPlugin:80 - create IPUIPlugin
2025-04-28 10:49:38,099 [INFO] PluginManager:220 - loadIPPluginJar : add dma
2025-04-28 10:49:38,102 [INFO] IPUIPlugin:80 - create IPUIPlugin
2025-04-28 10:49:38,102 [INFO] PluginManager:220 - loadIPPluginJar : add dma3
2025-04-28 10:49:38,105 [INFO] IPUIPlugin:80 - create IPUIPlugin
2025-04-28 10:49:38,105 [INFO] PluginManager:220 - loadIPPluginJar : add extmemmanager
2025-04-28 10:49:38,107 [INFO] IPUIPlugin:80 - create IPUIPlugin
2025-04-28 10:49:38,107 [INFO] PluginManager:220 - loadIPPluginJar : add fatfs
2025-04-28 10:49:38,113 [INFO] IPUIPlugin:80 - create IPUIPlugin
2025-04-28 10:49:38,113 [INFO] PluginManager:220 - loadIPPluginJar : add fmc
2025-04-28 10:49:38,123 [INFO] IPUIPlugin:80 - create IPUIPlugin
2025-04-28 10:49:38,123 [INFO] PluginManager:220 - loadIPPluginJar : add freertos
2025-04-28 10:49:38,125 [INFO] IPUIPlugin:80 - create IPUIPlugin
2025-04-28 10:49:38,125 [INFO] PluginManager:220 - loadIPPluginJar : add genericplugin
2025-04-28 10:49:38,128 [INFO] IPUIPlugin:80 - create IPUIPlugin
2025-04-28 10:49:38,128 [INFO] PluginManager:220 - loadIPPluginJar : add gfxmmu
2025-04-28 10:49:38,134 [INFO] IPUIPlugin:80 - create IPUIPlugin
2025-04-28 10:49:38,134 [INFO] PluginManager:220 - loadIPPluginJar : add gic
2025-04-28 10:49:38,152 [INFO] IPUIPlugin:80 - create IPUIPlugin
2025-04-28 10:49:38,152 [INFO] PluginManager:220 - loadIPPluginJar : add gpio
2025-04-28 10:49:38,155 [INFO] IPUIPlugin:80 - create IPUIPlugin
2025-04-28 10:49:38,155 [INFO] PluginManager:220 - loadIPPluginJar : add gtzc
2025-04-28 10:49:38,159 [INFO] IPUIPlugin:80 - create IPUIPlugin
2025-04-28 10:49:38,159 [INFO] PluginManager:220 - loadIPPluginJar : add hash
2025-04-28 10:49:38,163 [INFO] IPUIPlugin:80 - create IPUIPlugin
2025-04-28 10:49:38,163 [INFO] PluginManager:220 - loadIPPluginJar : add i2c
2025-04-28 10:49:38,167 [INFO] IPUIPlugin:80 - create IPUIPlugin
2025-04-28 10:49:38,167 [INFO] PluginManager:220 - loadIPPluginJar : add i2s
2025-04-28 10:49:38,172 [INFO] IPUIPlugin:80 - create IPUIPlugin
2025-04-28 10:49:38,172 [INFO] PluginManager:220 - loadIPPluginJar : add i3c
2025-04-28 10:49:38,178 [INFO] IPUIPlugin:80 - create IPUIPlugin
2025-04-28 10:49:38,178 [INFO] PluginManager:220 - loadIPPluginJar : add ipddr
2025-04-28 10:49:38,189 [INFO] IPUIPlugin:80 - create IPUIPlugin
2025-04-28 10:49:38,189 [INFO] PluginManager:220 - loadIPPluginJar : add linkedlist
2025-04-28 10:49:38,193 [INFO] IPUIPlugin:80 - create IPUIPlugin
2025-04-28 10:49:38,194 [INFO] PluginManager:220 - loadIPPluginJar : add lorawan
2025-04-28 10:49:38,196 [INFO] IPUIPlugin:80 - create IPUIPlugin
2025-04-28 10:49:38,196 [INFO] PluginManager:220 - loadIPPluginJar : add ltdc
2025-04-28 10:49:38,205 [INFO] IPUIPlugin:80 - create IPUIPlugin
2025-04-28 10:49:38,205 [INFO] PluginManager:220 - loadIPPluginJar : add mdma
2025-04-28 10:49:38,215 [INFO] IPUIPlugin:80 - create IPUIPlugin
2025-04-28 10:49:38,215 [INFO] PluginManager:220 - loadIPPluginJar : add nvic
2025-04-28 10:49:38,222 [INFO] IPUIPlugin:80 - create IPUIPlugin
2025-04-28 10:49:38,222 [INFO] PluginManager:220 - loadIPPluginJar : add opamp
2025-04-28 10:49:38,226 [INFO] IPUIPlugin:80 - create IPUIPlugin
2025-04-28 10:49:38,227 [INFO] PluginManager:220 - loadIPPluginJar : add openamp
2025-04-28 10:49:38,232 [INFO] IPUIPlugin:80 - create IPUIPlugin
2025-04-28 10:49:38,232 [INFO] PluginManager:220 - loadIPPluginJar : add pdm2pcm
2025-04-28 10:49:38,242 [INFO] IPUIPlugin:80 - create IPUIPlugin
2025-04-28 10:49:38,247 [INFO] PluginManager:220 - loadIPPluginJar : add plateformsettings
2025-04-28 10:49:38,249 [INFO] IPUIPlugin:80 - create IPUIPlugin
2025-04-28 10:49:38,249 [INFO] PluginManager:220 - loadIPPluginJar : add quadspi
2025-04-28 10:49:38,252 [INFO] IPUIPlugin:80 - create IPUIPlugin
2025-04-28 10:49:38,253 [INFO] PluginManager:220 - loadIPPluginJar : add radio
2025-04-28 10:49:38,258 [INFO] IPUIPlugin:80 - create IPUIPlugin
2025-04-28 10:49:38,258 [INFO] PluginManager:220 - loadIPPluginJar : add resmgrutility
2025-04-28 10:49:38,262 [INFO] IPUIPlugin:80 - create IPUIPlugin
2025-04-28 10:49:38,262 [INFO] PluginManager:220 - loadIPPluginJar : add sai
2025-04-28 10:49:38,265 [INFO] IPUIPlugin:80 - create IPUIPlugin
2025-04-28 10:49:38,266 [INFO] PluginManager:220 - loadIPPluginJar : add spi
2025-04-28 10:49:38,293 [INFO] IPUIPlugin:80 - create IPUIPlugin
2025-04-28 10:49:38,293 [INFO] PluginManager:220 - loadIPPluginJar : add stm32_wpan
2025-04-28 10:49:38,296 [INFO] IPUIPlugin:80 - create IPUIPlugin
2025-04-28 10:49:38,296 [INFO] PluginManager:220 - loadIPPluginJar : add tim
2025-04-28 10:49:38,304 [INFO] IPUIPlugin:80 - create IPUIPlugin
2025-04-28 10:49:38,304 [INFO] PluginManager:220 - loadIPPluginJar : add touchsensing
2025-04-28 10:49:38,308 [INFO] IPUIPlugin:80 - create IPUIPlugin
2025-04-28 10:49:38,308 [INFO] PluginManager:220 - loadIPPluginJar : add tracer_emb
2025-04-28 10:49:38,311 [INFO] IPUIPlugin:80 - create IPUIPlugin
2025-04-28 10:49:38,311 [INFO] PluginManager:220 - loadIPPluginJar : add ts
2025-04-28 10:49:38,315 [INFO] IPUIPlugin:80 - create IPUIPlugin
2025-04-28 10:49:38,315 [INFO] PluginManager:220 - loadIPPluginJar : add tsc
2025-04-28 10:49:38,319 [INFO] IPUIPlugin:80 - create IPUIPlugin
2025-04-28 10:49:38,319 [INFO] PluginManager:220 - loadIPPluginJar : add ucpd
2025-04-28 10:49:38,324 [INFO] IPUIPlugin:80 - create IPUIPlugin
2025-04-28 10:49:38,325 [INFO] PluginManager:220 - loadIPPluginJar : add usart
2025-04-28 10:49:38,329 [INFO] IPUIPlugin:80 - create IPUIPlugin
2025-04-28 10:49:38,329 [INFO] PluginManager:220 - loadIPPluginJar : add usbx
2025-04-28 10:49:38,495 [INFO] CADModel:165 - CPN selected for project level
2025-04-28 10:49:38,495 [INFO] CADModel:114 - Register for checkConnection events
2025-04-28 10:49:38,495 [FATAL] Updater:334 - Updater called before beeing initialized
2025-04-28 10:49:38,496 [ERROR] CADModel:125 - Updater not yet initialized, retry later 
2025-04-28 10:49:38,714 [INFO] CADModel:165 - CPN selected for project level
2025-04-28 10:49:38,714 [INFO] CADModel:114 - Register for checkConnection events
2025-04-28 10:49:38,715 [FATAL] Updater:334 - Updater called before beeing initialized
2025-04-28 10:49:38,715 [ERROR] CADModel:125 - Updater not yet initialized, retry later 
2025-04-28 10:49:38,718 [FATAL] Updater:334 - Updater called before beeing initialized
2025-04-28 10:49:38,872 [FATAL] Updater:334 - Updater called before beeing initialized
2025-04-28 10:49:38,879 [INFO] DbMcusAds:53 - JSON generation date=Thu Mar 06 16:54:22 EET 2025 (1741272862204)
2025-04-28 10:49:38,879 [FATAL] Updater:334 - Updater called before beeing initialized
2025-04-28 10:49:38,931 [WARN] DetailPanel:346 - Failed to get advertising image, set to default
2025-04-28 10:49:39,060 [FATAL] Updater:334 - Updater called before beeing initialized
2025-04-28 10:49:39,062 [FATAL] Updater:334 - Updater called before beeing initialized
2025-04-28 10:49:39,063 [FATAL] Updater:334 - Updater called before beeing initialized
2025-04-28 10:49:39,063 [WARN] DetailPanel:346 - Failed to get advertising image, set to default
2025-04-28 10:49:39,064 [FATAL] Updater:334 - Updater called before beeing initialized
2025-04-28 10:49:39,150 [ERROR] Updater:1164 - MainUpdater not yet initialized. External WinMGr cannot be set.
2025-04-28 10:49:39,152 [INFO] Updater:1100 - Updater Version found : 6.12.1
2025-04-28 10:49:39,177 [INFO] ApplicationProperties:184 - Using Application install path: D:\Program Files\en.st-stm32cubeide_1.16.1_22882_20240916_0822_x86_64.exe\STM32CubeIDE_1.16.1\STM32CubeIDE\plugins\com.st.stm32cube.common.mx_6.12.1.202409122256
2025-04-28 10:49:40,186 [INFO] ThirdPartyUpdaterWithRetryManager:70 - Updater plugin not ready yet. [2/15]
2025-04-28 10:49:40,754 [ERROR] LogOutputStream:75 - [STDERR_REDIRECT] Apr 28, 2025 10:49:40 AM java.util.prefs.WindowsPreferences <init>
2025-04-28 10:49:40,756 [ERROR] LogOutputStream:75 - [STDERR_REDIRECT] WARNING: Could not open/create prefs root node Software\JavaSoft\Prefs at root 0xffffffff80000002. Windows RegCreateKeyEx(...) returned error code 5.
2025-04-28 10:49:40,757 [ERROR] LogOutputStream:75 - [STDERR_REDIRECT] 
2025-04-28 10:49:41,058 [INFO] MainUpdater:2873 - connection check result : 22
2025-04-28 10:49:41,059 [INFO] MainUpdater:290 - Updater Check For Update Now.
2025-04-28 10:49:41,059 [INFO] MicroXplorer:498 - Change Database Version : DB.6.0.121
2025-04-28 10:49:41,073 [INFO] McuFinderGlobals:63 - Set McuFinder mode to 2 (CubeIDE integrated)
2025-04-28 10:49:41,074 [INFO] UserAuth:179 - activating auth plugin
2025-04-28 10:49:41,077 [INFO] UserAuth:417 - Internet connection configuration mode: 2
2025-04-28 10:49:41,109 [INFO] UserAuth:417 - Internet connection configuration mode: 2
2025-04-28 10:49:41,318 [INFO] CheckServerUpdateThread:120 - End of CheckServer Thread
2025-04-28 10:49:43,497 [WARN] PackLoader:240 - Cannot read IP mode file for STMicroelectronics.FP-SNS-MOTENVWB1.1.4.0
2025-04-28 10:49:43,517 [WARN] PackLoader:240 - Cannot read IP mode file for STMicroelectronics.FP-ATR-ASTRA1.2.0.2
2025-04-28 10:49:43,524 [WARN] PackLoader:240 - Cannot read IP mode file for STMicroelectronics.FP-ATR-ASTRA1.2.0.1
2025-04-28 10:49:43,546 [WARN] PackLoader:240 - Cannot read IP mode file for STMicroelectronics.X-CUBE-SMBUS.2.1.0
2025-04-28 10:49:43,559 [WARN] PackLoader:240 - Cannot read IP mode file for STMicroelectronics.X-CUBE-WB05N.1.1.0
2025-04-28 10:49:43,618 [WARN] PackLoader:240 - Cannot read IP mode file for STMicroelectronics.X-CUBE-AZRTOS-F7.1.1.0
2025-04-28 10:49:43,639 [WARN] PackLoader:240 - Cannot read IP mode file for STMicroelectronics.FP-SNS-FLIGHT1.5.0.2
2025-04-28 10:49:43,694 [WARN] PackLoader:240 - Cannot read IP mode file for Infineon.AIROC-Wi-Fi-Bluetooth-STM32.1.7.0
2025-04-28 10:49:43,718 [WARN] PackLoader:240 - Cannot read IP mode file for STMicroelectronics.X-CUBE-DISPLAY.3.0.0
2025-04-28 10:49:43,740 [WARN] PackLoader:240 - Cannot read IP mode file for STMicroelectronics.X-CUBE-BLE1.7.0.0
2025-04-28 10:49:43,751 [WARN] PackLoader:240 - Cannot read IP mode file for STMicroelectronics.X-CUBE-NFC10.1.0.0
2025-04-28 10:49:43,778 [WARN] PackLoader:240 - Cannot read IP mode file for STMicroelectronics.X-CUBE-BLEMGR.4.0.0
2025-04-28 10:49:43,796 [WARN] PackLoader:240 - Cannot read IP mode file for emotas.I-CUBE-CANOPEN.1.3.0
2025-04-28 10:49:43,804 [WARN] PackLoader:240 - Cannot read IP mode file for STMicroelectronics.X-CUBE-AI.10.0.0
2025-04-28 10:49:43,819 [WARN] PackLoader:240 - Cannot read IP mode file for STMicroelectronics.FP-SNS-SMARTAG2.1.2.0
2025-04-28 10:49:43,829 [ERROR] Engine:466 - C:\Users\ashry\.stm32cubemx\thirdparties\pdsc\STMicroelectronics.FP-SNS-FLIGHT1.5.1.0.pdsc: PDSC version is not supported
2025-04-28 10:49:43,907 [WARN] PackLoader:240 - Cannot read IP mode file for STMicroelectronics.X-CUBE-MEMS1.11.1.0
2025-04-28 10:49:44,229 [INFO] LogOutputStream:77 - [STDOUT_REDIRECT] 1 : Invalid condition id : UX_CORESTACK_Condition cause : null
2025-04-28 10:49:44,230 [INFO] LogOutputStream:77 - [STDOUT_REDIRECT] 1 : Invalid condition id : UX_CORESTACK_Condition cause : null
2025-04-28 10:49:44,233 [INFO] LogOutputStream:77 - [STDOUT_REDIRECT] 1 : Invalid condition id : UX_CORESTACK_Condition cause : null
2025-04-28 10:49:44,237 [INFO] LogOutputStream:77 - [STDOUT_REDIRECT] 1 : Invalid condition id : UX_CORESTACK_Condition cause : null
2025-04-28 10:49:44,239 [INFO] LogOutputStream:77 - [STDOUT_REDIRECT] 1 : Invalid condition id : UX_CORESTACK_Condition cause : null
2025-04-28 10:49:44,243 [WARN] PackLoader:240 - Cannot read IP mode file for STMicroelectronics.X-CUBE-AZRTOS-WL.2.0.0
2025-04-28 10:49:44,252 [WARN] PackLoader:240 - Cannot read IP mode file for STMicroelectronics.FP-SNS-MOTENV1.5.0.0
2025-04-28 10:49:44,258 [WARN] PackLoader:240 - Cannot read IP mode file for wolfSSL.I-CUBE-wolfMQTT.1.19.0
2025-04-28 10:49:44,265 [WARN] PackLoader:240 - Cannot read IP mode file for WES.I-CUBE-Cesium.1.3.0
2025-04-28 10:49:44,270 [WARN] PackLoader:240 - Cannot read IP mode file for STMicroelectronics.X-CUBE-BLE2.3.3.0
2025-04-28 10:49:44,276 [WARN] PackLoader:240 - Cannot read IP mode file for STMicroelectronics.X-CUBE-NFC9.1.0.0
2025-04-28 10:49:44,283 [WARN] PackLoader:240 - Cannot read IP mode file for STMicroelectronics.X-CUBE-BLE1.7.1.0
2025-04-28 10:49:44,346 [WARN] PackLoader:240 - Cannot read IP mode file for STMicroelectronics.X-CUBE-MEMS1.11.2.0
2025-04-28 10:49:44,496 [WARN] PackLoader:240 - Cannot read IP mode file for STMicroelectronics.X-CUBE-AZRTOS-G0.1.1.0
2025-04-28 10:49:44,506 [WARN] PackLoader:240 - Cannot read IP mode file for STMicroelectronics.X-CUBE-SAFEA1.1.2.2
2025-04-28 10:49:44,515 [WARN] PackLoader:240 - Cannot read IP mode file for STMicroelectronics.X-CUBE-NFC4.3.0.0
2025-04-28 10:49:44,525 [WARN] PackLoader:240 - Cannot read IP mode file for EmbeddedOffice.I-CUBE-FS-RTOS.1.0.1
2025-04-28 10:49:44,526 [ERROR] ConditionMgr:805 - Attr not supported : Dmpu
2025-04-28 10:49:44,526 [ERROR] ConditionMgr:805 - Attr not supported : Dmpu
2025-04-28 10:49:44,526 [ERROR] ConditionMgr:805 - Attr not supported : Dmpu
2025-04-28 10:49:44,526 [ERROR] ConditionMgr:805 - Attr not supported : Dmpu
2025-04-28 10:49:44,526 [ERROR] ConditionMgr:805 - Attr not supported : Dmpu
2025-04-28 10:49:44,526 [ERROR] ConditionMgr:805 - Attr not supported : Dmpu
2025-04-28 10:49:44,526 [ERROR] ConditionMgr:805 - Attr not supported : Dmpu
2025-04-28 10:49:44,526 [ERROR] ConditionMgr:805 - Attr not supported : Dmpu
2025-04-28 10:49:44,526 [ERROR] ConditionMgr:805 - Attr not supported : Dmpu
2025-04-28 10:49:44,526 [ERROR] ConditionMgr:805 - Attr not supported : Dmpu
2025-04-28 10:49:44,526 [ERROR] ConditionMgr:805 - Attr not supported : Dmpu
2025-04-28 10:49:44,526 [ERROR] ConditionMgr:805 - Attr not supported : Dmpu
2025-04-28 10:49:44,526 [ERROR] ConditionMgr:805 - Attr not supported : Dmpu
2025-04-28 10:49:44,526 [ERROR] ConditionMgr:805 - Attr not supported : Dmpu
2025-04-28 10:49:44,527 [ERROR] ConditionMgr:805 - Attr not supported : Dmpu
2025-04-28 10:49:44,527 [ERROR] ConditionMgr:805 - Attr not supported : Dmpu
2025-04-28 10:49:44,527 [ERROR] ConditionMgr:805 - Attr not supported : Dmpu
2025-04-28 10:49:44,527 [ERROR] ConditionMgr:805 - Attr not supported : Dmpu
2025-04-28 10:49:44,527 [ERROR] ConditionMgr:805 - Attr not supported : Dmpu
2025-04-28 10:49:44,527 [ERROR] ConditionMgr:805 - Attr not supported : Dmpu
2025-04-28 10:49:44,527 [ERROR] ConditionMgr:805 - Attr not supported : Dmpu
2025-04-28 10:49:44,527 [ERROR] ConditionMgr:805 - Attr not supported : Dmpu
2025-04-28 10:49:44,527 [ERROR] ConditionMgr:805 - Attr not supported : Dmpu
2025-04-28 10:49:44,527 [ERROR] ConditionMgr:805 - Attr not supported : Dmpu
2025-04-28 10:49:44,527 [ERROR] ConditionMgr:805 - Attr not supported : Dmpu
2025-04-28 10:49:44,527 [ERROR] ConditionMgr:805 - Attr not supported : Dmpu
2025-04-28 10:49:44,527 [ERROR] ConditionMgr:805 - Attr not supported : Dmpu
2025-04-28 10:49:44,527 [ERROR] ConditionMgr:805 - Attr not supported : Dmpu
2025-04-28 10:49:44,528 [ERROR] ConditionMgr:805 - Attr not supported : Dmpu
2025-04-28 10:49:44,528 [ERROR] ConditionMgr:805 - Attr not supported : Dmpu
2025-04-28 10:49:44,528 [ERROR] ConditionMgr:805 - Attr not supported : Dmpu
2025-04-28 10:49:44,528 [ERROR] ConditionMgr:805 - Attr not supported : Dmpu
2025-04-28 10:49:44,528 [ERROR] ConditionMgr:805 - Attr not supported : Dmpu
2025-04-28 10:49:44,528 [ERROR] ConditionMgr:805 - Attr not supported : Dmpu
2025-04-28 10:49:44,528 [ERROR] ConditionMgr:805 - Attr not supported : Dmpu
2025-04-28 10:49:44,528 [ERROR] ConditionMgr:805 - Attr not supported : Dmpu
2025-04-28 10:49:44,528 [ERROR] ConditionMgr:805 - Attr not supported : Dmpu
2025-04-28 10:49:44,528 [ERROR] ConditionMgr:805 - Attr not supported : Dmpu
2025-04-28 10:49:44,528 [ERROR] ConditionMgr:805 - Attr not supported : Dmpu
2025-04-28 10:49:44,528 [ERROR] ConditionMgr:805 - Attr not supported : Dmpu
2025-04-28 10:49:44,528 [ERROR] ConditionMgr:805 - Attr not supported : Dmpu
2025-04-28 10:49:44,528 [ERROR] ConditionMgr:805 - Attr not supported : Dmpu
2025-04-28 10:49:44,529 [ERROR] ConditionMgr:805 - Attr not supported : Dmpu
2025-04-28 10:49:44,529 [ERROR] ConditionMgr:805 - Attr not supported : Dmpu
2025-04-28 10:49:44,529 [ERROR] ConditionMgr:805 - Attr not supported : Dmpu
2025-04-28 10:49:44,529 [ERROR] ConditionMgr:805 - Attr not supported : Dmpu
2025-04-28 10:49:44,529 [ERROR] ConditionMgr:805 - Attr not supported : Dmpu
2025-04-28 10:49:44,529 [ERROR] ConditionMgr:805 - Attr not supported : Dmpu
2025-04-28 10:49:44,529 [ERROR] ConditionMgr:805 - Attr not supported : Dmpu
2025-04-28 10:49:44,529 [ERROR] ConditionMgr:805 - Attr not supported : Dmpu
2025-04-28 10:49:44,529 [ERROR] ConditionMgr:805 - Attr not supported : Dmpu
2025-04-28 10:49:44,530 [ERROR] ConditionMgr:805 - Attr not supported : Dmpu
2025-04-28 10:49:44,530 [ERROR] ConditionMgr:805 - Attr not supported : Dmpu
2025-04-28 10:49:44,530 [ERROR] ConditionMgr:805 - Attr not supported : Dmpu
2025-04-28 10:49:44,530 [ERROR] ConditionMgr:805 - Attr not supported : Dmpu
2025-04-28 10:49:44,530 [ERROR] ConditionMgr:805 - Attr not supported : Dmpu
2025-04-28 10:49:44,530 [ERROR] ConditionMgr:805 - Attr not supported : Dmpu
2025-04-28 10:49:44,531 [ERROR] ConditionMgr:805 - Attr not supported : Dmpu
2025-04-28 10:49:44,531 [ERROR] ConditionMgr:805 - Attr not supported : Dmpu
2025-04-28 10:49:44,531 [ERROR] ConditionMgr:805 - Attr not supported : Dmpu
2025-04-28 10:49:44,531 [ERROR] ConditionMgr:805 - Attr not supported : Dmpu
2025-04-28 10:49:44,531 [ERROR] ConditionMgr:805 - Attr not supported : Dmpu
2025-04-28 10:49:44,531 [ERROR] ConditionMgr:805 - Attr not supported : Dmpu
2025-04-28 10:49:44,531 [ERROR] ConditionMgr:805 - Attr not supported : Dmpu
2025-04-28 10:49:44,538 [WARN] PackLoader:240 - Cannot read IP mode file for STMicroelectronics.X-CUBE-WB05N.2.0.0
2025-04-28 10:49:44,541 [ERROR] Engine:466 - C:\Users\ashry\.stm32cubemx\thirdparties\pdsc\STMicroelectronics.X-CUBE-TCPP.4.2.0.pdsc: PDSC version is not supported
2025-04-28 10:49:44,547 [WARN] PackLoader:240 - Cannot read IP mode file for RealThread.X-CUBE-RT-Thread_Nano.4.1.1
2025-04-28 10:49:44,552 [WARN] PackLoader:240 - Cannot read IP mode file for STMicroelectronics.FP-ATR-SIGFOX1.3.2.0
2025-04-28 10:49:44,566 [WARN] ConditionMgr:438 - getConditionDescription Invalid condition id : Cortex-A Device cause : null
2025-04-28 10:49:44,590 [WARN] ConditionMgr:1039 - genDependencies : Invalid condition id : Cortex-A Device cause : null
2025-04-28 10:49:44,590 [WARN] ConditionMgr:1039 - genDependencies : Invalid condition id : Cortex-A Device cause : null
2025-04-28 10:49:44,591 [WARN] ConditionMgr:1039 - genDependencies : Invalid condition id : Cortex-A Device cause : null
2025-04-28 10:49:44,597 [WARN] PackLoader:240 - Cannot read IP mode file for STMicroelectronics.X-CUBE-EEPRMA1.5.1.0
2025-04-28 10:49:44,606 [WARN] PackLoader:240 - Cannot read IP mode file for wolfSSL.I-CUBE-wolfSSL.5.7.6
2025-04-28 10:49:44,616 [WARN] PackLoader:240 - Cannot read IP mode file for ITTIA_DB.I-CUBE-ITTIADB.8.9.0
2025-04-28 10:49:44,671 [WARN] PackLoader:240 - Cannot read IP mode file for SEGGER.I-CUBE-embOS.1.3.1
2025-04-28 10:49:44,762 [WARN] PackLoader:240 - Cannot read IP mode file for STMicroelectronics.X-CUBE-ALGOBUILD.1.4.0
2025-04-28 10:49:44,784 [WARN] PackLoader:240 - Cannot read IP mode file for STMicroelectronics.X-CUBE-AZRTOS-F4.1.1.0
2025-04-28 10:49:44,790 [ERROR] Engine:466 - C:\Users\ashry\.stm32cubemx\thirdparties\pdsc\Avnet-IotConnect.X-CUBE-IoTC-DA16k-PMOD.1.0.0.pdsc: PDSC version is not supported
2025-04-28 10:49:44,796 [WARN] PackLoader:240 - Cannot read IP mode file for STMicroelectronics.X-CUBE-ISPU.2.1.0
2025-04-28 10:49:44,820 [WARN] PackLoader:240 - Cannot read IP mode file for STMicroelectronics.X-CUBE-AZRTOS-L5.2.0.0
2025-04-28 10:49:44,834 [WARN] PackLoader:240 - Cannot read IP mode file for STMicroelectronics.X-CUBE-NFC6.3.1.0
2025-04-28 10:49:44,848 [WARN] PackLoader:240 - Cannot read IP mode file for STMicroelectronics.X-CUBE-DPower.1.2.0
2025-04-28 10:49:44,860 [WARN] PackLoader:240 - Cannot read IP mode file for STMicroelectronics.X-CUBE-FREERTOS.1.3.0
2025-04-28 10:49:44,868 [WARN] PackLoader:240 - Cannot read IP mode file for STMicroelectronics.X-CUBE-NFC7.1.0.1
2025-04-28 10:49:44,875 [WARN] PackLoader:240 - Cannot read IP mode file for STMicroelectronics.X-CUBE-DPower.1.3.0
2025-04-28 10:49:44,905 [WARN] ConditionMgr:438 - getConditionDescription Invalid condition id : LAN8742 Phy interface Condition cause : null
2025-04-28 10:49:44,906 [WARN] PackLoader:240 - Cannot read IP mode file for STMicroelectronics.X-CUBE-AZRTOS-L4.2.0.0
2025-04-28 10:49:44,908 [WARN] ConditionMgr:1039 - genDependencies : Invalid condition id : LAN8742 Phy interface Condition cause : null
2025-04-28 10:49:44,909 [WARN] ConditionMgr:1039 - genDependencies : Invalid condition id : LAN8742 Phy interface Condition cause : null
2025-04-28 10:49:44,909 [WARN] ConditionMgr:1039 - genDependencies : Invalid condition id : LAN8742 Phy interface Condition cause : null
2025-04-28 10:49:44,924 [WARN] PackLoader:240 - Cannot read IP mode file for STMicroelectronics.X-CUBE-SFXS2LP1.4.0.0
2025-04-28 10:49:44,957 [WARN] PackLoader:240 - Cannot read IP mode file for STMicroelectronics.X-CUBE-AZRTOS-H7.3.3.0
2025-04-28 10:49:44,985 [WARN] ConditionMgr:438 - getConditionDescription Invalid condition id : UX DEVICE CLASS RTOS Condition cause : null
2025-04-28 10:49:44,986 [WARN] ConditionMgr:438 - getConditionDescription Invalid condition id : UX DEVICE CLASS RTOS Condition cause : null
2025-04-28 10:49:44,989 [WARN] PackLoader:240 - Cannot read IP mode file for STMicroelectronics.X-CUBE-AZRTOS-WB.2.0.0
2025-04-28 10:49:44,990 [WARN] ConditionMgr:1039 - genDependencies : Invalid condition id : UX DEVICE CLASS RTOS Condition cause : null
2025-04-28 10:49:44,991 [WARN] ConditionMgr:1039 - genDependencies : Invalid condition id : UX DEVICE CLASS RTOS Condition cause : null
2025-04-28 10:49:44,992 [WARN] ConditionMgr:1039 - genDependencies : Invalid condition id : UX DEVICE CLASS RTOS Condition cause : null
2025-04-28 10:49:44,993 [WARN] ConditionMgr:1039 - genDependencies : Invalid condition id : UX DEVICE CLASS RTOS Condition cause : null
2025-04-28 10:49:44,993 [WARN] ConditionMgr:1039 - genDependencies : Invalid condition id : UX DEVICE CLASS RTOS Condition cause : null
2025-04-28 10:49:45,002 [WARN] PackLoader:240 - Cannot read IP mode file for STMicroelectronics.X-CUBE-GNSS1.7.0.1
2025-04-28 10:49:45,016 [WARN] PackLoader:240 - Cannot read IP mode file for STMicroelectronics.X-CUBE-TOUCHGFX.4.25.0
2025-04-28 10:49:45,025 [WARN] PackLoader:240 - Cannot read IP mode file for STMicroelectronics.FP-SNS-STBOX1.2.0.0
2025-04-28 10:49:45,046 [WARN] PackLoader:240 - Cannot read IP mode file for STMicroelectronics.X-CUBE-SUBG2.5.0.0
2025-04-28 10:49:45,091 [WARN] PackLoader:240 - Cannot read IP mode file for STMicroelectronics.X-CUBE-AZRTOS-H7RS.1.1.0
2025-04-28 10:49:45,099 [WARN] PackLoader:240 - Cannot read IP mode file for Cesanta.I-CUBE-Mongoose.7.13.0
2025-04-28 10:49:45,123 [WARN] PackLoader:240 - Cannot read IP mode file for STMicroelectronics.X-CUBE-AZRTOS-G4.2.0.0
2025-04-28 10:49:45,134 [ERROR] Engine:466 - C:\Users\ashry\.stm32cubemx\thirdparties\pdsc\STMicroelectronics.X-CUBE-IPS.3.1.0.pdsc: PDSC version is not supported
2025-04-28 10:49:45,140 [WARN] PackLoader:240 - Cannot read IP mode file for STMicroelectronics.X-CUBE-ALS.1.0.2
2025-04-28 10:49:45,145 [WARN] PackLoader:240 - Cannot read IP mode file for STMicroelectronics.X-CUBE-TOUCHGFX.4.24.2
2025-04-28 10:49:45,150 [WARN] PackLoader:240 - Cannot read IP mode file for wolfSSL.I-CUBE-wolfTPM.3.4.0
2025-04-28 10:49:45,157 [WARN] PackLoader:240 - Cannot read IP mode file for portGmbH.I-Cube-SoM-uGOAL.1.1.0
2025-04-28 10:49:45,183 [WARN] PackLoader:240 - Cannot read IP mode file for STMicroelectronics.X-CUBE-AZRTOS-H7RS.1.0.0
2025-04-28 10:49:45,204 [WARN] PackLoader:240 - Cannot read IP mode file for STMicroelectronics.X-CUBE-TOF1.3.4.2
2025-04-28 10:49:45,223 [ERROR] Engine:466 - C:\Users\ashry\.stm32cubemx\thirdparties\pdsc\STMicroelectronics.X-CUBE-TOF1.3.4.3.pdsc: PDSC version is not supported
2025-04-28 10:49:45,227 [WARN] PackLoader:240 - Cannot read IP mode file for wolfSSL.I-CUBE-wolfSSH.1.4.17
2025-04-28 10:49:45,228 [INFO] ThirdParty:978 - Integrity check success = true
2025-04-28 10:49:45,228 [INFO] IntegrityCheckThread:100 - exiting critical section [integrity check]
2025-04-28 10:49:45,228 [INFO] IntegrityCheckThread:103 - End integrity checks thread
2025-04-28 10:54:17,940 [ERROR] ConfigurationRetriever:142 - IOException on connection: sw-center.st.com
2025-04-28 10:54:17,940 [ERROR] ConfigurationRetriever:142 - IOException on connection: sw-center.st.com
2025-04-28 10:54:17,940 [ERROR] ConfigurationRetriever:142 - IOException on connection: sw-center.st.com
2025-04-28 11:06:19,948 [ERROR] ConfigurationRetriever:142 - IOException on connection: sw-center.st.com
2025-04-28 11:06:19,949 [ERROR] ConfigurationRetriever:142 - IOException on connection: sw-center.st.com
2025-04-28 11:06:19,950 [ERROR] ConfigurationRetriever:142 - IOException on connection: sw-center.st.com
2025-04-28 11:07:06,615 [ERROR] ConfigurationRetriever:142 - IOException on connection: sw-center.st.com
2025-04-28 11:07:06,616 [ERROR] ConfigurationRetriever:142 - IOException on connection: sw-center.st.com
2025-04-28 11:07:06,617 [ERROR] ConfigurationRetriever:142 - IOException on connection: sw-center.st.com
2025-04-28 11:16:45,603 [ERROR] ConfigurationRetriever:142 - IOException on connection: sw-center.st.com
2025-04-28 11:16:45,603 [ERROR] ConfigurationRetriever:142 - IOException on connection: sw-center.st.com
2025-04-28 11:16:45,604 [ERROR] ConfigurationRetriever:142 - IOException on connection: sw-center.st.com
2025-04-28 11:17:13,623 [ERROR] ConfigurationRetriever:142 - IOException on connection: sw-center.st.com
2025-04-28 11:17:13,623 [ERROR] ConfigurationRetriever:142 - IOException on connection: sw-center.st.com
2025-04-28 11:17:13,624 [ERROR] ConfigurationRetriever:142 - IOException on connection: sw-center.st.com
2025-04-28 11:26:36,553 [ERROR] ConfigurationRetriever:142 - IOException on connection: sw-center.st.com
2025-04-28 11:26:36,554 [ERROR] ConfigurationRetriever:142 - IOException on connection: sw-center.st.com
2025-04-28 11:26:36,554 [ERROR] ConfigurationRetriever:142 - IOException on connection: sw-center.st.com
2025-04-28 11:26:39,236 [ERROR] ConfigurationRetriever:142 - IOException on connection: sw-center.st.com
2025-04-28 11:26:39,236 [ERROR] ConfigurationRetriever:142 - IOException on connection: sw-center.st.com
2025-04-28 11:26:39,237 [ERROR] ConfigurationRetriever:142 - IOException on connection: sw-center.st.com
2025-04-28 11:36:08,354 [ERROR] ConfigurationRetriever:142 - IOException on connection: sw-center.st.com
2025-04-28 11:36:08,355 [ERROR] ConfigurationRetriever:142 - IOException on connection: sw-center.st.com
2025-04-28 11:36:08,355 [ERROR] ConfigurationRetriever:142 - IOException on connection: sw-center.st.com
2025-04-28 11:52:59,923 [ERROR] ConfigurationRetriever:142 - IOException on connection: sw-center.st.com
2025-04-28 11:52:59,924 [ERROR] ConfigurationRetriever:142 - IOException on connection: sw-center.st.com
2025-04-28 11:52:59,924 [ERROR] ConfigurationRetriever:142 - IOException on connection: sw-center.st.com
2025-04-28 12:32:15,235 [ERROR] ConfigurationRetriever:142 - IOException on connection: sw-center.st.com
2025-04-28 12:32:15,236 [ERROR] ConfigurationRetriever:142 - IOException on connection: sw-center.st.com
2025-04-28 12:32:15,236 [ERROR] ConfigurationRetriever:142 - IOException on connection: sw-center.st.com
2025-04-28 12:32:15,558 [ERROR] ConfigurationRetriever:142 - IOException on connection: sw-center.st.com
2025-04-28 12:32:15,559 [ERROR] ConfigurationRetriever:142 - IOException on connection: sw-center.st.com
2025-04-28 12:32:15,559 [ERROR] ConfigurationRetriever:142 - IOException on connection: sw-center.st.com
2025-04-28 12:39:00,795 [ERROR] ConfigurationRetriever:142 - IOException on connection: sw-center.st.com
2025-04-28 12:39:00,796 [ERROR] ConfigurationRetriever:142 - IOException on connection: sw-center.st.com
2025-04-28 12:39:00,796 [ERROR] ConfigurationRetriever:142 - IOException on connection: sw-center.st.com
2025-04-28 12:39:04,955 [ERROR] ConfigurationRetriever:142 - IOException on connection: sw-center.st.com
2025-04-28 12:39:04,955 [ERROR] ConfigurationRetriever:142 - IOException on connection: sw-center.st.com
2025-04-28 12:39:04,955 [ERROR] ConfigurationRetriever:142 - IOException on connection: sw-center.st.com
2025-04-28 12:39:23,365 [ERROR] ConfigurationRetriever:142 - IOException on connection: sw-center.st.com
2025-04-28 12:39:23,366 [ERROR] ConfigurationRetriever:142 - IOException on connection: sw-center.st.com
2025-04-28 12:39:23,366 [ERROR] ConfigurationRetriever:142 - IOException on connection: sw-center.st.com
2025-04-28 13:02:22,964 [ERROR] ConfigurationRetriever:142 - IOException on connection: sw-center.st.com
2025-04-28 13:02:22,964 [ERROR] ConfigurationRetriever:142 - IOException on connection: sw-center.st.com
2025-04-28 13:02:22,965 [ERROR] ConfigurationRetriever:142 - IOException on connection: sw-center.st.com
2025-04-28 13:02:24,336 [ERROR] LogOutputStream:75 - [STDERR_REDIRECT] 
2025-04-28 13:02:40,008 [INFO] Activator:176 - 


2025-04-28 13:02:40,010 [INFO] Activator:177 - !SESSION log4j initialized
2025-04-28 13:02:46,745 [INFO] LogOutputStream:77 - [STDOUT_REDIRECT] 
2025-04-28 13:02:47,288 [ERROR] ConfigurationRetriever:142 - IOException on connection: sw-center.st.com
2025-04-28 13:02:47,289 [ERROR] ConfigurationRetriever:142 - IOException on connection: sw-center.st.com
2025-04-28 13:02:47,289 [ERROR] ConfigurationRetriever:142 - IOException on connection: sw-center.st.com
2025-04-28 13:02:48,272 [INFO] ApplicationProperties:184 - Using Application install path: D:\Program Files\en.st-stm32cubeide_1.16.1_22882_20240916_0822_x86_64.exe\STM32CubeIDE_1.16.1\STM32CubeIDE\plugins\com.st.stm32cube.common.mx_6.12.1.202409122256
2025-04-28 13:02:48,306 [INFO] DbMcusXml:78 - Set database path to: D:\Program Files\en.st-stm32cubeide_1.16.1_22882_20240916_0822_x86_64.exe\STM32CubeIDE_1.16.1\STM32CubeIDE\plugins\com.st.stm32cube.common.mx_6.12.1.202409122256\\db\/mcu/
2025-04-28 13:02:48,307 [INFO] ApiDb:274 - Set plugin database path to: D:\Program Files\en.st-stm32cubeide_1.16.1_22882_20240916_0822_x86_64.exe\STM32CubeIDE_1.16.1\STM32CubeIDE\plugins\com.st.stm32cube.common.mx_6.12.1.202409122256\\db\/plugins/boardmanager/
2025-04-28 13:02:48,308 [WARN] ApiDb:259 - Overriding images path with different value:  => D:\Program Files\en.st-stm32cubeide_1.16.1_22882_20240916_0822_x86_64.exe\STM32CubeIDE_1.16.1\STM32CubeIDE\plugins\com.st.stm32cube.common.mx_6.12.1.202409122256\\db\/plugins/mcufinder/images/
2025-04-28 13:02:48,318 [INFO] ApiDb:250 - Set database path to: C:\Users\ashry\.stmcufinder\plugins\mcufinder//mcu/
2025-04-28 13:02:48,320 [INFO] DbMcusAds:125 - Set database path to: C:\Users\ashry\.stmcufinder\plugins\mcufinder//mcu/
2025-04-28 13:02:48,326 [INFO] CrossReferenceDbSqlite:203 - Set database path to: C:\Users\ashry\.stmcufinder\plugins\mcufinder//mcu/cs/
2025-04-28 13:02:48,599 [INFO] RulesReader:64 - Compatibility file has been processed (297 Rules)
2025-04-28 13:02:48,745 [INFO] DbMcusXml:78 - Set database path to: D:\Program Files\en.st-stm32cubeide_1.16.1_22882_20240916_0822_x86_64.exe\STM32CubeIDE_1.16.1\STM32CubeIDE\plugins\com.st.stm32cube.common.mx_6.12.1.202409122256\\db\/mcu/
2025-04-28 13:02:48,746 [INFO] ApiDb:274 - Set plugin database path to: D:\Program Files\en.st-stm32cubeide_1.16.1_22882_20240916_0822_x86_64.exe\STM32CubeIDE_1.16.1\STM32CubeIDE\plugins\com.st.stm32cube.common.mx_6.12.1.202409122256\\db\/plugins/boardmanager/
2025-04-28 13:02:48,746 [INFO] ApiDb:261 - Set plugin images path to: D:\Program Files\en.st-stm32cubeide_1.16.1_22882_20240916_0822_x86_64.exe\STM32CubeIDE_1.16.1\STM32CubeIDE\plugins\com.st.stm32cube.common.mx_6.12.1.202409122256\\db\/plugins/mcufinder/images/
2025-04-28 13:02:48,746 [WARN] DbFile:41 - Overriding database path with different value: C:\Users\ashry\.stmcufinder\plugins\mcufinder/ => C:\Users\ashry\.stmcufinder\plugins\mcufinder
2025-04-28 13:02:48,746 [INFO] ApiDb:250 - Set database path to: C:\Users\ashry\.stmcufinder\plugins\mcufinder//mcu/
2025-04-28 13:02:48,747 [WARN] DbFile:41 - Overriding database path with different value: C:\Users\ashry\.stmcufinder\plugins\mcufinder/ => C:\Users\ashry\.stmcufinder\plugins\mcufinder
2025-04-28 13:02:48,747 [INFO] DbMcusAds:125 - Set database path to: C:\Users\ashry\.stmcufinder\plugins\mcufinder//mcu/
2025-04-28 13:02:48,747 [WARN] DbFile:41 - Overriding database path with different value: C:\Users\ashry\.stmcufinder\plugins\mcufinder/ => C:\Users\ashry\.stmcufinder\plugins\mcufinder
2025-04-28 13:02:48,747 [WARN] DbFile:41 - Overriding database path with different value: C:\Users\ashry\.stmcufinder\plugins\mcufinder/ => C:\Users\ashry\.stmcufinder\plugins\mcufinder
2025-04-28 13:02:48,748 [INFO] CrossReferenceDbSqlite:203 - Set database path to: C:\Users\ashry\.stmcufinder\plugins\mcufinder//mcu/cs/
2025-04-28 13:02:48,855 [INFO] MainPanel:268 - HeapMemory: 268435456
2025-04-28 13:02:48,962 [INFO] DbMcusXml:78 - Set database path to: D:\Program Files\en.st-stm32cubeide_1.16.1_22882_20240916_0822_x86_64.exe\STM32CubeIDE_1.16.1\STM32CubeIDE\plugins\com.st.stm32cube.common.mx_6.12.1.202409122256\\db\/mcu/
2025-04-28 13:02:48,962 [INFO] ApiDb:274 - Set plugin database path to: D:\Program Files\en.st-stm32cubeide_1.16.1_22882_20240916_0822_x86_64.exe\STM32CubeIDE_1.16.1\STM32CubeIDE\plugins\com.st.stm32cube.common.mx_6.12.1.202409122256\\db\/plugins/boardmanager/
2025-04-28 13:02:48,962 [INFO] ApiDb:261 - Set plugin images path to: D:\Program Files\en.st-stm32cubeide_1.16.1_22882_20240916_0822_x86_64.exe\STM32CubeIDE_1.16.1\STM32CubeIDE\plugins\com.st.stm32cube.common.mx_6.12.1.202409122256\\db\/plugins/mcufinder/images/
2025-04-28 13:02:48,963 [WARN] DbFile:41 - Overriding database path with different value: C:\Users\ashry\.stmcufinder\plugins\mcufinder/ => C:\Users\ashry\.stmcufinder\plugins\mcufinder
2025-04-28 13:02:48,963 [INFO] ApiDb:250 - Set database path to: C:\Users\ashry\.stmcufinder\plugins\mcufinder//mcu/
2025-04-28 13:02:48,963 [WARN] DbFile:41 - Overriding database path with different value: C:\Users\ashry\.stmcufinder\plugins\mcufinder/ => C:\Users\ashry\.stmcufinder\plugins\mcufinder
2025-04-28 13:02:48,963 [INFO] DbMcusAds:125 - Set database path to: C:\Users\ashry\.stmcufinder\plugins\mcufinder//mcu/
2025-04-28 13:02:48,963 [WARN] DbFile:41 - Overriding database path with different value: C:\Users\ashry\.stmcufinder\plugins\mcufinder/ => C:\Users\ashry\.stmcufinder\plugins\mcufinder
2025-04-28 13:02:48,963 [WARN] DbFile:41 - Overriding database path with different value: C:\Users\ashry\.stmcufinder\plugins\mcufinder/ => C:\Users\ashry\.stmcufinder\plugins\mcufinder
2025-04-28 13:02:48,964 [INFO] CrossReferenceDbSqlite:203 - Set database path to: C:\Users\ashry\.stmcufinder\plugins\mcufinder//mcu/cs/
2025-04-28 13:02:48,991 [INFO] ApplicationProperties:184 - Using Application install path: D:\Program Files\en.st-stm32cubeide_1.16.1_22882_20240916_0822_x86_64.exe\STM32CubeIDE_1.16.1\STM32CubeIDE\plugins\com.st.stm32cube.common.mx_6.12.1.202409122256
2025-04-28 13:02:48,996 [INFO] PluginManage:196 - Search for loadable plugins [exclusion list=, ]
2025-04-28 13:02:48,998 [INFO] PluginManage:310 - Check plugin analytics
2025-04-28 13:02:49,330 [INFO] AnalyticsPlugin:253 - Accepted Software Licenses: STM32CubeMX.6.14.0
2025-04-28 13:02:49,330 [INFO] AnalyticsPlugin:255 - Accepted CMSIS Pack Licenses: 
2025-04-28 13:02:49,331 [INFO] AnalyticsPlugin:257 - Accepted Firmware Licenses: FW.F4.1.28.0
2025-04-28 13:02:49,334 [INFO] PluginManage:359 - Loaded plugin analytics (category:tool,tabindex:-1)
2025-04-28 13:02:49,335 [ERROR] ConfigurationRetriever:142 - IOException on connection: sw-center.st.com
2025-04-28 13:02:49,335 [INFO] PluginManage:310 - Check plugin cadmodel
2025-04-28 13:02:49,335 [ERROR] ConfigurationRetriever:142 - IOException on connection: sw-center.st.com
2025-04-28 13:02:49,336 [ERROR] ConfigurationRetriever:142 - IOException on connection: sw-center.st.com
2025-04-28 13:02:49,341 [INFO] CADModel:105 - Init CAD model plugin
2025-04-28 13:02:49,341 [INFO] PluginManage:359 - Loaded plugin cadmodel (category:power,tabindex:5)
2025-04-28 13:02:49,341 [INFO] PluginManage:310 - Check plugin clock
2025-04-28 13:02:49,356 [INFO] PluginManage:359 - Loaded plugin clock (category:base,tabindex:2)
2025-04-28 13:02:49,357 [INFO] PluginManage:310 - Check plugin ddr
2025-04-28 13:02:49,360 [INFO] PluginManage:359 - Loaded plugin ddr (category:tool,tabindex:6)
2025-04-28 13:02:49,360 [INFO] PluginManage:310 - Check plugin filemanager
2025-04-28 13:02:49,562 [INFO] PluginManage:359 - Loaded plugin filemanager (category:base,tabindex:10)
2025-04-28 13:02:49,562 [INFO] PluginManage:310 - Check plugin ipmanager
2025-04-28 13:02:49,571 [INFO] PluginManage:359 - Loaded plugin ipmanager (category:base,tabindex:5)
2025-04-28 13:02:49,571 [INFO] PluginManage:310 - Check plugin lpbam
2025-04-28 13:02:49,580 [INFO] PluginManage:359 - Loaded plugin lpbam (category:base,tabindex:0)
2025-04-28 13:02:49,580 [INFO] PluginManage:310 - Check plugin memorymap
2025-04-28 13:02:49,594 [INFO] PluginManage:359 - Loaded plugin memorymap (category:base,tabindex:4)
2025-04-28 13:02:49,594 [INFO] PluginManage:310 - Check plugin pinoutandconfiguration
2025-04-28 13:02:49,603 [INFO] PluginManage:359 - Loaded plugin pinoutandconfiguration (category:base,tabindex:1)
2025-04-28 13:02:49,604 [INFO] PluginManage:310 - Check plugin pinoutconfig
2025-04-28 13:02:49,711 [WARN] SupportedApi:132 - Cannot load RTOS API schema: s4s-elt-must-match.1: The content of 'definitions' must match (annotation?, (simpleType | complexType)?, (unique | key | keyref)*)). A problem was found starting at: attribute.
2025-04-28 13:02:49,894 [INFO] PluginManage:359 - Loaded plugin pinoutconfig (category:base,tabindex:0)
2025-04-28 13:02:49,895 [INFO] PluginManage:310 - Check plugin power
2025-04-28 13:02:49,911 [INFO] PluginManage:359 - Loaded plugin power (category:power,tabindex:4)
2025-04-28 13:02:49,912 [INFO] PluginManage:310 - Check plugin projectmanager
2025-04-28 13:02:49,950 [INFO] PluginManage:359 - Loaded plugin projectmanager (category:projectmanager,tabindex:4)
2025-04-28 13:02:49,951 [INFO] PluginManage:310 - Check plugin rif
2025-04-28 13:02:49,961 [INFO] PluginManage:359 - Loaded plugin rif (category:base,tabindex:3)
2025-04-28 13:02:49,961 [INFO] PluginManage:310 - Check plugin thirdparty
2025-04-28 13:02:50,157 [WARN] IntegrityCheckThread:84 - waiting for thirdparty lock release [integrity check]
2025-04-28 13:02:50,157 [INFO] IntegrityCheckThread:86 - entering critical section [integrity check]
2025-04-28 13:02:50,157 [INFO] PluginManage:359 - Loaded plugin thirdparty (category:base,tabindex:-1)
2025-04-28 13:02:50,158 [INFO] PluginManage:310 - Check plugin tools
2025-04-28 13:02:50,158 [INFO] ThirdPartyUpdaterWithRetryManager:70 - Updater plugin not ready yet. [1/15]
2025-04-28 13:02:50,163 [INFO] PluginManage:359 - Loaded plugin tools (category:base,tabindex:7)
2025-04-28 13:02:50,163 [INFO] PluginManage:310 - Check plugin tutovideos
2025-04-28 13:02:50,363 [INFO] PluginManage:359 - Loaded plugin tutovideos (category:base,tabindex:-1)
2025-04-28 13:02:50,363 [INFO] PluginManage:310 - Check plugin updater
2025-04-28 13:02:50,382 [INFO] PluginManage:359 - Loaded plugin updater (category:base,tabindex:12)
2025-04-28 13:02:50,382 [INFO] PluginManage:310 - Check plugin userauth
2025-04-28 13:02:50,390 [INFO] UserAuth:113 - Init User Auth plugin
2025-04-28 13:02:50,390 [INFO] PluginManage:359 - Loaded plugin userauth (category:base,tabindex:14)
2025-04-28 13:02:50,390 [INFO] PluginManage:283 - PluginManage : Loaded plugins [18]
2025-04-28 13:02:50,658 [INFO] PinOutPanel:1561 - setPackage(No Configuration,No Configuration)
2025-04-28 13:02:50,751 [INFO] CADModel:165 - CPN selected for project level
2025-04-28 13:02:50,751 [INFO] CADModel:114 - Register for checkConnection events
2025-04-28 13:02:50,767 [INFO] IPUIPlugin:80 - create IPUIPlugin
2025-04-28 13:02:50,767 [INFO] PluginManager:220 - loadIPPluginJar : add adc
2025-04-28 13:02:50,769 [INFO] IPUIPlugin:80 - create IPUIPlugin
2025-04-28 13:02:50,770 [INFO] PluginManager:220 - loadIPPluginJar : add aes
2025-04-28 13:02:50,772 [INFO] IPUIPlugin:80 - create IPUIPlugin
2025-04-28 13:02:50,772 [INFO] PluginManager:220 - loadIPPluginJar : add can
2025-04-28 13:02:50,774 [INFO] IPUIPlugin:80 - create IPUIPlugin
2025-04-28 13:02:50,774 [INFO] PluginManager:220 - loadIPPluginJar : add comp
2025-04-28 13:02:50,775 [INFO] IPUIPlugin:80 - create IPUIPlugin
2025-04-28 13:02:50,775 [INFO] PluginManager:220 - loadIPPluginJar : add cryp
2025-04-28 13:02:50,779 [INFO] IPUIPlugin:80 - create IPUIPlugin
2025-04-28 13:02:50,779 [INFO] PluginManager:220 - loadIPPluginJar : add ddr_ctrl_phy
2025-04-28 13:02:50,781 [INFO] IPUIPlugin:80 - create IPUIPlugin
2025-04-28 13:02:50,781 [INFO] PluginManager:220 - loadIPPluginJar : add dfsdm
2025-04-28 13:02:50,786 [INFO] IPUIPlugin:80 - create IPUIPlugin
2025-04-28 13:02:50,786 [INFO] PluginManager:220 - loadIPPluginJar : add dma
2025-04-28 13:02:50,788 [INFO] IPUIPlugin:80 - create IPUIPlugin
2025-04-28 13:02:50,788 [INFO] PluginManager:220 - loadIPPluginJar : add dma3
2025-04-28 13:02:50,791 [INFO] IPUIPlugin:80 - create IPUIPlugin
2025-04-28 13:02:50,791 [INFO] PluginManager:220 - loadIPPluginJar : add extmemmanager
2025-04-28 13:02:50,792 [INFO] IPUIPlugin:80 - create IPUIPlugin
2025-04-28 13:02:50,792 [INFO] PluginManager:220 - loadIPPluginJar : add fatfs
2025-04-28 13:02:50,796 [INFO] IPUIPlugin:80 - create IPUIPlugin
2025-04-28 13:02:50,796 [INFO] PluginManager:220 - loadIPPluginJar : add fmc
2025-04-28 13:02:50,801 [INFO] IPUIPlugin:80 - create IPUIPlugin
2025-04-28 13:02:50,801 [INFO] PluginManager:220 - loadIPPluginJar : add freertos
2025-04-28 13:02:50,802 [INFO] IPUIPlugin:80 - create IPUIPlugin
2025-04-28 13:02:50,803 [INFO] PluginManager:220 - loadIPPluginJar : add genericplugin
2025-04-28 13:02:50,804 [INFO] IPUIPlugin:80 - create IPUIPlugin
2025-04-28 13:02:50,804 [INFO] PluginManager:220 - loadIPPluginJar : add gfxmmu
2025-04-28 13:02:50,808 [INFO] IPUIPlugin:80 - create IPUIPlugin
2025-04-28 13:02:50,808 [INFO] PluginManager:220 - loadIPPluginJar : add gic
2025-04-28 13:02:50,813 [INFO] IPUIPlugin:80 - create IPUIPlugin
2025-04-28 13:02:50,813 [INFO] PluginManager:220 - loadIPPluginJar : add gpio
2025-04-28 13:02:50,815 [INFO] IPUIPlugin:80 - create IPUIPlugin
2025-04-28 13:02:50,815 [INFO] PluginManager:220 - loadIPPluginJar : add gtzc
2025-04-28 13:02:50,817 [INFO] IPUIPlugin:80 - create IPUIPlugin
2025-04-28 13:02:50,817 [INFO] PluginManager:220 - loadIPPluginJar : add hash
2025-04-28 13:02:50,819 [INFO] IPUIPlugin:80 - create IPUIPlugin
2025-04-28 13:02:50,819 [INFO] PluginManager:220 - loadIPPluginJar : add i2c
2025-04-28 13:02:50,821 [INFO] IPUIPlugin:80 - create IPUIPlugin
2025-04-28 13:02:50,821 [INFO] PluginManager:220 - loadIPPluginJar : add i2s
2025-04-28 13:02:50,824 [INFO] IPUIPlugin:80 - create IPUIPlugin
2025-04-28 13:02:50,824 [INFO] PluginManager:220 - loadIPPluginJar : add i3c
2025-04-28 13:02:50,827 [INFO] IPUIPlugin:80 - create IPUIPlugin
2025-04-28 13:02:50,827 [INFO] PluginManager:220 - loadIPPluginJar : add ipddr
2025-04-28 13:02:50,834 [INFO] IPUIPlugin:80 - create IPUIPlugin
2025-04-28 13:02:50,834 [INFO] PluginManager:220 - loadIPPluginJar : add linkedlist
2025-04-28 13:02:50,836 [INFO] IPUIPlugin:80 - create IPUIPlugin
2025-04-28 13:02:50,836 [INFO] PluginManager:220 - loadIPPluginJar : add lorawan
2025-04-28 13:02:50,837 [INFO] IPUIPlugin:80 - create IPUIPlugin
2025-04-28 13:02:50,837 [INFO] PluginManager:220 - loadIPPluginJar : add ltdc
2025-04-28 13:02:50,842 [INFO] IPUIPlugin:80 - create IPUIPlugin
2025-04-28 13:02:50,843 [INFO] PluginManager:220 - loadIPPluginJar : add mdma
2025-04-28 13:02:50,846 [INFO] IPUIPlugin:80 - create IPUIPlugin
2025-04-28 13:02:50,846 [INFO] PluginManager:220 - loadIPPluginJar : add nvic
2025-04-28 13:02:50,848 [INFO] IPUIPlugin:80 - create IPUIPlugin
2025-04-28 13:02:50,849 [INFO] PluginManager:220 - loadIPPluginJar : add opamp
2025-04-28 13:02:50,851 [INFO] IPUIPlugin:80 - create IPUIPlugin
2025-04-28 13:02:50,851 [INFO] PluginManager:220 - loadIPPluginJar : add openamp
2025-04-28 13:02:50,853 [INFO] IPUIPlugin:80 - create IPUIPlugin
2025-04-28 13:02:50,853 [INFO] PluginManager:220 - loadIPPluginJar : add pdm2pcm
2025-04-28 13:02:50,859 [INFO] IPUIPlugin:80 - create IPUIPlugin
2025-04-28 13:02:50,861 [INFO] PluginManager:220 - loadIPPluginJar : add plateformsettings
2025-04-28 13:02:50,863 [INFO] IPUIPlugin:80 - create IPUIPlugin
2025-04-28 13:02:50,863 [INFO] PluginManager:220 - loadIPPluginJar : add quadspi
2025-04-28 13:02:50,864 [INFO] IPUIPlugin:80 - create IPUIPlugin
2025-04-28 13:02:50,864 [INFO] PluginManager:220 - loadIPPluginJar : add radio
2025-04-28 13:02:50,867 [INFO] IPUIPlugin:80 - create IPUIPlugin
2025-04-28 13:02:50,867 [INFO] PluginManager:220 - loadIPPluginJar : add resmgrutility
2025-04-28 13:02:50,870 [INFO] IPUIPlugin:80 - create IPUIPlugin
2025-04-28 13:02:50,870 [INFO] PluginManager:220 - loadIPPluginJar : add sai
2025-04-28 13:02:50,872 [INFO] IPUIPlugin:80 - create IPUIPlugin
2025-04-28 13:02:50,872 [INFO] PluginManager:220 - loadIPPluginJar : add spi
2025-04-28 13:02:50,876 [INFO] IPUIPlugin:80 - create IPUIPlugin
2025-04-28 13:02:50,877 [INFO] PluginManager:220 - loadIPPluginJar : add stm32_wpan
2025-04-28 13:02:50,878 [INFO] IPUIPlugin:80 - create IPUIPlugin
2025-04-28 13:02:50,878 [INFO] PluginManager:220 - loadIPPluginJar : add tim
2025-04-28 13:02:50,881 [INFO] IPUIPlugin:80 - create IPUIPlugin
2025-04-28 13:02:50,881 [INFO] PluginManager:220 - loadIPPluginJar : add touchsensing
2025-04-28 13:02:50,883 [INFO] IPUIPlugin:80 - create IPUIPlugin
2025-04-28 13:02:50,884 [INFO] PluginManager:220 - loadIPPluginJar : add tracer_emb
2025-04-28 13:02:50,885 [INFO] IPUIPlugin:80 - create IPUIPlugin
2025-04-28 13:02:50,885 [INFO] PluginManager:220 - loadIPPluginJar : add ts
2025-04-28 13:02:50,887 [INFO] IPUIPlugin:80 - create IPUIPlugin
2025-04-28 13:02:50,887 [INFO] PluginManager:220 - loadIPPluginJar : add tsc
2025-04-28 13:02:50,889 [INFO] IPUIPlugin:80 - create IPUIPlugin
2025-04-28 13:02:50,889 [INFO] PluginManager:220 - loadIPPluginJar : add ucpd
2025-04-28 13:02:50,892 [INFO] IPUIPlugin:80 - create IPUIPlugin
2025-04-28 13:02:50,892 [INFO] PluginManager:220 - loadIPPluginJar : add usart
2025-04-28 13:02:50,895 [INFO] IPUIPlugin:80 - create IPUIPlugin
2025-04-28 13:02:50,895 [INFO] PluginManager:220 - loadIPPluginJar : add usbx
2025-04-28 13:02:51,042 [INFO] CADModel:165 - CPN selected for project level
2025-04-28 13:02:51,042 [INFO] CADModel:114 - Register for checkConnection events
2025-04-28 13:02:51,043 [FATAL] Updater:334 - Updater called before beeing initialized
2025-04-28 13:02:51,043 [ERROR] CADModel:125 - Updater not yet initialized, retry later 
2025-04-28 13:02:51,232 [INFO] CADModel:165 - CPN selected for project level
2025-04-28 13:02:51,232 [INFO] CADModel:114 - Register for checkConnection events
2025-04-28 13:02:51,232 [FATAL] Updater:334 - Updater called before beeing initialized
2025-04-28 13:02:51,232 [ERROR] CADModel:125 - Updater not yet initialized, retry later 
2025-04-28 13:02:51,236 [FATAL] Updater:334 - Updater called before beeing initialized
2025-04-28 13:02:51,412 [FATAL] Updater:334 - Updater called before beeing initialized
2025-04-28 13:02:51,418 [INFO] DbMcusAds:53 - JSON generation date=Thu Mar 06 16:54:22 EET 2025 (1741272862204)
2025-04-28 13:02:51,418 [FATAL] Updater:334 - Updater called before beeing initialized
2025-04-28 13:02:51,459 [WARN] DetailPanel:346 - Failed to get advertising image, set to default
2025-04-28 13:02:51,575 [ERROR] ConfigurationRetriever:142 - IOException on connection: sw-center.st.com
2025-04-28 13:02:51,576 [ERROR] ConfigurationRetriever:142 - IOException on connection: sw-center.st.com
2025-04-28 13:02:51,577 [ERROR] ConfigurationRetriever:142 - IOException on connection: sw-center.st.com
2025-04-28 13:02:51,587 [FATAL] Updater:334 - Updater called before beeing initialized
2025-04-28 13:02:51,593 [FATAL] Updater:334 - Updater called before beeing initialized
2025-04-28 13:02:51,593 [FATAL] Updater:334 - Updater called before beeing initialized
2025-04-28 13:02:51,593 [WARN] DetailPanel:346 - Failed to get advertising image, set to default
2025-04-28 13:02:51,595 [FATAL] Updater:334 - Updater called before beeing initialized
2025-04-28 13:02:51,717 [ERROR] Updater:1164 - MainUpdater not yet initialized. External WinMGr cannot be set.
2025-04-28 13:02:51,720 [INFO] Updater:1100 - Updater Version found : 6.12.1
2025-04-28 13:02:51,755 [INFO] ApplicationProperties:184 - Using Application install path: D:\Program Files\en.st-stm32cubeide_1.16.1_22882_20240916_0822_x86_64.exe\STM32CubeIDE_1.16.1\STM32CubeIDE\plugins\com.st.stm32cube.common.mx_6.12.1.202409122256
