2025-04-26 11:34:44,528 [INFO] Activator:176 - 


2025-04-26 11:34:44,575 [INFO] Activator:177 - !SESSION log4j initialized
2025-04-26 11:35:02,119 [INFO] LogOutputStream:77 - [STDOUT_REDIRECT] 
2025-04-26 11:35:02,891 [ERROR] ConfigurationRetriever:142 - IOException on connection: sw-center.st.com
2025-04-26 11:35:02,892 [ERROR] ConfigurationRetriever:142 - IOException on connection: sw-center.st.com
2025-04-26 11:35:02,893 [ERROR] ConfigurationRetriever:142 - IOException on connection: sw-center.st.com
2025-04-26 11:35:07,778 [INFO] ApplicationProperties:184 - Using Application install path: D:\Program Files\en.st-stm32cubeide_1.16.1_22882_20240916_0822_x86_64.exe\STM32CubeIDE_1.16.1\STM32CubeIDE\plugins\com.st.stm32cube.common.mx_6.12.1.202409122256
2025-04-26 11:35:07,870 [INFO] DbMcusXml:78 - Set database path to: D:\Program Files\en.st-stm32cubeide_1.16.1_22882_20240916_0822_x86_64.exe\STM32CubeIDE_1.16.1\STM32CubeIDE\plugins\com.st.stm32cube.common.mx_6.12.1.202409122256\\db\/mcu/
2025-04-26 11:35:07,870 [INFO] ApiDb:274 - Set plugin database path to: D:\Program Files\en.st-stm32cubeide_1.16.1_22882_20240916_0822_x86_64.exe\STM32CubeIDE_1.16.1\STM32CubeIDE\plugins\com.st.stm32cube.common.mx_6.12.1.202409122256\\db\/plugins/boardmanager/
2025-04-26 11:35:07,870 [WARN] ApiDb:259 - Overriding images path with different value:  => D:\Program Files\en.st-stm32cubeide_1.16.1_22882_20240916_0822_x86_64.exe\STM32CubeIDE_1.16.1\STM32CubeIDE\plugins\com.st.stm32cube.common.mx_6.12.1.202409122256\\db\/plugins/mcufinder/images/
2025-04-26 11:35:07,952 [INFO] ApiDb:250 - Set database path to: C:\Users\ashry\.stmcufinder\plugins\mcufinder//mcu/
2025-04-26 11:35:07,954 [INFO] DbMcusAds:125 - Set database path to: C:\Users\ashry\.stmcufinder\plugins\mcufinder//mcu/
2025-04-26 11:35:07,986 [INFO] CrossReferenceDbSqlite:203 - Set database path to: C:\Users\ashry\.stmcufinder\plugins\mcufinder//mcu/cs/
2025-04-26 11:35:08,310 [INFO] RulesReader:64 - Compatibility file has been processed (297 Rules)
2025-04-26 11:35:08,794 [INFO] DbMcusXml:78 - Set database path to: D:\Program Files\en.st-stm32cubeide_1.16.1_22882_20240916_0822_x86_64.exe\STM32CubeIDE_1.16.1\STM32CubeIDE\plugins\com.st.stm32cube.common.mx_6.12.1.202409122256\\db\/mcu/
2025-04-26 11:35:08,794 [INFO] ApiDb:274 - Set plugin database path to: D:\Program Files\en.st-stm32cubeide_1.16.1_22882_20240916_0822_x86_64.exe\STM32CubeIDE_1.16.1\STM32CubeIDE\plugins\com.st.stm32cube.common.mx_6.12.1.202409122256\\db\/plugins/boardmanager/
2025-04-26 11:35:08,794 [INFO] ApiDb:261 - Set plugin images path to: D:\Program Files\en.st-stm32cubeide_1.16.1_22882_20240916_0822_x86_64.exe\STM32CubeIDE_1.16.1\STM32CubeIDE\plugins\com.st.stm32cube.common.mx_6.12.1.202409122256\\db\/plugins/mcufinder/images/
2025-04-26 11:35:08,795 [WARN] DbFile:41 - Overriding database path with different value: C:\Users\ashry\.stmcufinder\plugins\mcufinder/ => C:\Users\ashry\.stmcufinder\plugins\mcufinder
2025-04-26 11:35:08,795 [INFO] ApiDb:250 - Set database path to: C:\Users\ashry\.stmcufinder\plugins\mcufinder//mcu/
2025-04-26 11:35:08,795 [WARN] DbFile:41 - Overriding database path with different value: C:\Users\ashry\.stmcufinder\plugins\mcufinder/ => C:\Users\ashry\.stmcufinder\plugins\mcufinder
2025-04-26 11:35:08,795 [INFO] DbMcusAds:125 - Set database path to: C:\Users\ashry\.stmcufinder\plugins\mcufinder//mcu/
2025-04-26 11:35:08,795 [WARN] DbFile:41 - Overriding database path with different value: C:\Users\ashry\.stmcufinder\plugins\mcufinder/ => C:\Users\ashry\.stmcufinder\plugins\mcufinder
2025-04-26 11:35:08,795 [WARN] DbFile:41 - Overriding database path with different value: C:\Users\ashry\.stmcufinder\plugins\mcufinder/ => C:\Users\ashry\.stmcufinder\plugins\mcufinder
2025-04-26 11:35:08,795 [INFO] CrossReferenceDbSqlite:203 - Set database path to: C:\Users\ashry\.stmcufinder\plugins\mcufinder//mcu/cs/
2025-04-26 11:35:09,215 [INFO] MainPanel:268 - HeapMemory: 268435456
2025-04-26 11:35:10,278 [INFO] DbMcusXml:78 - Set database path to: D:\Program Files\en.st-stm32cubeide_1.16.1_22882_20240916_0822_x86_64.exe\STM32CubeIDE_1.16.1\STM32CubeIDE\plugins\com.st.stm32cube.common.mx_6.12.1.202409122256\\db\/mcu/
2025-04-26 11:35:10,278 [INFO] ApiDb:274 - Set plugin database path to: D:\Program Files\en.st-stm32cubeide_1.16.1_22882_20240916_0822_x86_64.exe\STM32CubeIDE_1.16.1\STM32CubeIDE\plugins\com.st.stm32cube.common.mx_6.12.1.202409122256\\db\/plugins/boardmanager/
2025-04-26 11:35:10,278 [INFO] ApiDb:261 - Set plugin images path to: D:\Program Files\en.st-stm32cubeide_1.16.1_22882_20240916_0822_x86_64.exe\STM32CubeIDE_1.16.1\STM32CubeIDE\plugins\com.st.stm32cube.common.mx_6.12.1.202409122256\\db\/plugins/mcufinder/images/
2025-04-26 11:35:10,279 [WARN] DbFile:41 - Overriding database path with different value: C:\Users\ashry\.stmcufinder\plugins\mcufinder/ => C:\Users\ashry\.stmcufinder\plugins\mcufinder
2025-04-26 11:35:10,279 [INFO] ApiDb:250 - Set database path to: C:\Users\ashry\.stmcufinder\plugins\mcufinder//mcu/
2025-04-26 11:35:10,279 [WARN] DbFile:41 - Overriding database path with different value: C:\Users\ashry\.stmcufinder\plugins\mcufinder/ => C:\Users\ashry\.stmcufinder\plugins\mcufinder
2025-04-26 11:35:10,279 [INFO] DbMcusAds:125 - Set database path to: C:\Users\ashry\.stmcufinder\plugins\mcufinder//mcu/
2025-04-26 11:35:10,279 [WARN] DbFile:41 - Overriding database path with different value: C:\Users\ashry\.stmcufinder\plugins\mcufinder/ => C:\Users\ashry\.stmcufinder\plugins\mcufinder
2025-04-26 11:35:10,279 [WARN] DbFile:41 - Overriding database path with different value: C:\Users\ashry\.stmcufinder\plugins\mcufinder/ => C:\Users\ashry\.stmcufinder\plugins\mcufinder
2025-04-26 11:35:10,279 [INFO] CrossReferenceDbSqlite:203 - Set database path to: C:\Users\ashry\.stmcufinder\plugins\mcufinder//mcu/cs/
2025-04-26 11:35:10,363 [INFO] ApplicationProperties:184 - Using Application install path: D:\Program Files\en.st-stm32cubeide_1.16.1_22882_20240916_0822_x86_64.exe\STM32CubeIDE_1.16.1\STM32CubeIDE\plugins\com.st.stm32cube.common.mx_6.12.1.202409122256
2025-04-26 11:35:10,373 [INFO] PluginManage:196 - Search for loadable plugins [exclusion list=, ]
2025-04-26 11:35:10,387 [INFO] PluginManage:310 - Check plugin analytics
2025-04-26 11:35:10,861 [INFO] AnalyticsPlugin:253 - Accepted Software Licenses: STM32CubeMX.6.14.0
2025-04-26 11:35:10,861 [INFO] AnalyticsPlugin:255 - Accepted CMSIS Pack Licenses: 
2025-04-26 11:35:10,861 [INFO] AnalyticsPlugin:257 - Accepted Firmware Licenses: FW.F4.1.28.0
2025-04-26 11:35:10,866 [INFO] PluginManage:359 - Loaded plugin analytics (category:tool,tabindex:-1)
2025-04-26 11:35:10,867 [INFO] PluginManage:310 - Check plugin cadmodel
2025-04-26 11:35:10,867 [ERROR] ConfigurationRetriever:142 - IOException on connection: sw-center.st.com
2025-04-26 11:35:10,868 [ERROR] ConfigurationRetriever:142 - IOException on connection: sw-center.st.com
2025-04-26 11:35:10,868 [ERROR] ConfigurationRetriever:142 - IOException on connection: sw-center.st.com
2025-04-26 11:35:10,929 [INFO] CADModel:105 - Init CAD model plugin
2025-04-26 11:35:10,929 [INFO] PluginManage:359 - Loaded plugin cadmodel (category:power,tabindex:5)
2025-04-26 11:35:10,929 [INFO] PluginManage:310 - Check plugin clock
2025-04-26 11:35:11,025 [INFO] PluginManage:359 - Loaded plugin clock (category:base,tabindex:2)
2025-04-26 11:35:11,025 [INFO] PluginManage:310 - Check plugin ddr
2025-04-26 11:35:11,057 [INFO] PluginManage:359 - Loaded plugin ddr (category:tool,tabindex:6)
2025-04-26 11:35:11,058 [INFO] PluginManage:310 - Check plugin filemanager
2025-04-26 11:35:11,718 [INFO] PluginManage:359 - Loaded plugin filemanager (category:base,tabindex:10)
2025-04-26 11:35:11,718 [INFO] PluginManage:310 - Check plugin ipmanager
2025-04-26 11:35:11,744 [INFO] PluginManage:359 - Loaded plugin ipmanager (category:base,tabindex:5)
2025-04-26 11:35:11,744 [INFO] PluginManage:310 - Check plugin lpbam
2025-04-26 11:35:11,781 [INFO] PluginManage:359 - Loaded plugin lpbam (category:base,tabindex:0)
2025-04-26 11:35:11,781 [INFO] PluginManage:310 - Check plugin memorymap
2025-04-26 11:35:11,945 [INFO] PluginManage:359 - Loaded plugin memorymap (category:base,tabindex:4)
2025-04-26 11:35:11,945 [INFO] PluginManage:310 - Check plugin pinoutandconfiguration
2025-04-26 11:35:12,025 [INFO] PluginManage:359 - Loaded plugin pinoutandconfiguration (category:base,tabindex:1)
2025-04-26 11:35:12,025 [INFO] PluginManage:310 - Check plugin pinoutconfig
2025-04-26 11:35:12,333 [WARN] SupportedApi:132 - Cannot load RTOS API schema: s4s-elt-must-match.1: The content of 'definitions' must match (annotation?, (simpleType | complexType)?, (unique | key | keyref)*)). A problem was found starting at: attribute.
2025-04-26 11:35:12,773 [INFO] PluginManage:359 - Loaded plugin pinoutconfig (category:base,tabindex:0)
2025-04-26 11:35:12,773 [INFO] PluginManage:310 - Check plugin power
2025-04-26 11:35:12,856 [INFO] PluginManage:359 - Loaded plugin power (category:power,tabindex:4)
2025-04-26 11:35:12,857 [INFO] PluginManage:310 - Check plugin projectmanager
2025-04-26 11:35:12,904 [INFO] PluginManage:359 - Loaded plugin projectmanager (category:projectmanager,tabindex:4)
2025-04-26 11:35:12,904 [INFO] PluginManage:310 - Check plugin rif
2025-04-26 11:35:12,969 [INFO] PluginManage:359 - Loaded plugin rif (category:base,tabindex:3)
2025-04-26 11:35:12,969 [INFO] PluginManage:310 - Check plugin thirdparty
2025-04-26 11:35:13,678 [INFO] PluginManage:359 - Loaded plugin thirdparty (category:base,tabindex:-1)
2025-04-26 11:35:13,678 [WARN] IntegrityCheckThread:84 - waiting for thirdparty lock release [integrity check]
2025-04-26 11:35:13,679 [INFO] PluginManage:310 - Check plugin tools
2025-04-26 11:35:13,679 [INFO] IntegrityCheckThread:86 - entering critical section [integrity check]
2025-04-26 11:35:13,680 [INFO] ThirdPartyUpdaterWithRetryManager:70 - Updater plugin not ready yet. [1/15]
2025-04-26 11:35:13,706 [INFO] PluginManage:359 - Loaded plugin tools (category:base,tabindex:7)
2025-04-26 11:35:13,706 [INFO] PluginManage:310 - Check plugin tutovideos
2025-04-26 11:35:14,354 [INFO] PluginManage:359 - Loaded plugin tutovideos (category:base,tabindex:-1)
2025-04-26 11:35:14,354 [INFO] PluginManage:310 - Check plugin updater
2025-04-26 11:35:14,425 [INFO] PluginManage:359 - Loaded plugin updater (category:base,tabindex:12)
2025-04-26 11:35:14,425 [INFO] PluginManage:310 - Check plugin userauth
2025-04-26 11:35:14,451 [INFO] UserAuth:113 - Init User Auth plugin
2025-04-26 11:35:14,451 [INFO] PluginManage:359 - Loaded plugin userauth (category:base,tabindex:14)
2025-04-26 11:35:14,451 [INFO] PluginManage:283 - PluginManage : Loaded plugins [18]
2025-04-26 11:35:15,271 [INFO] PinOutPanel:1561 - setPackage(No Configuration,No Configuration)
2025-04-26 11:35:15,558 [INFO] CADModel:165 - CPN selected for project level
2025-04-26 11:35:15,558 [INFO] CADModel:114 - Register for checkConnection events
2025-04-26 11:35:15,658 [INFO] IPUIPlugin:80 - create IPUIPlugin
2025-04-26 11:35:15,659 [INFO] PluginManager:220 - loadIPPluginJar : add adc
2025-04-26 11:35:15,689 [INFO] IPUIPlugin:80 - create IPUIPlugin
2025-04-26 11:35:15,690 [INFO] PluginManager:220 - loadIPPluginJar : add aes
2025-04-26 11:35:15,740 [INFO] IPUIPlugin:80 - create IPUIPlugin
2025-04-26 11:35:15,740 [INFO] PluginManager:220 - loadIPPluginJar : add can
2025-04-26 11:35:15,753 [INFO] IPUIPlugin:80 - create IPUIPlugin
2025-04-26 11:35:15,753 [INFO] PluginManager:220 - loadIPPluginJar : add comp
2025-04-26 11:35:15,788 [INFO] IPUIPlugin:80 - create IPUIPlugin
2025-04-26 11:35:15,788 [INFO] PluginManager:220 - loadIPPluginJar : add cryp
2025-04-26 11:35:15,818 [INFO] IPUIPlugin:80 - create IPUIPlugin
2025-04-26 11:35:15,818 [INFO] PluginManager:220 - loadIPPluginJar : add ddr_ctrl_phy
2025-04-26 11:35:15,842 [INFO] IPUIPlugin:80 - create IPUIPlugin
2025-04-26 11:35:15,843 [INFO] PluginManager:220 - loadIPPluginJar : add dfsdm
2025-04-26 11:35:15,864 [INFO] IPUIPlugin:80 - create IPUIPlugin
2025-04-26 11:35:15,865 [INFO] PluginManager:220 - loadIPPluginJar : add dma
2025-04-26 11:35:15,908 [INFO] IPUIPlugin:80 - create IPUIPlugin
2025-04-26 11:35:15,908 [INFO] PluginManager:220 - loadIPPluginJar : add dma3
2025-04-26 11:35:15,945 [INFO] IPUIPlugin:80 - create IPUIPlugin
2025-04-26 11:35:15,945 [INFO] PluginManager:220 - loadIPPluginJar : add extmemmanager
2025-04-26 11:35:15,961 [INFO] IPUIPlugin:80 - create IPUIPlugin
2025-04-26 11:35:15,961 [INFO] PluginManager:220 - loadIPPluginJar : add fatfs
2025-04-26 11:35:15,993 [INFO] IPUIPlugin:80 - create IPUIPlugin
2025-04-26 11:35:15,994 [INFO] PluginManager:220 - loadIPPluginJar : add fmc
2025-04-26 11:35:16,026 [INFO] IPUIPlugin:80 - create IPUIPlugin
2025-04-26 11:35:16,026 [INFO] PluginManager:220 - loadIPPluginJar : add freertos
2025-04-26 11:35:16,050 [INFO] IPUIPlugin:80 - create IPUIPlugin
2025-04-26 11:35:16,051 [INFO] PluginManager:220 - loadIPPluginJar : add genericplugin
2025-04-26 11:35:16,089 [INFO] IPUIPlugin:80 - create IPUIPlugin
2025-04-26 11:35:16,089 [INFO] PluginManager:220 - loadIPPluginJar : add gfxmmu
2025-04-26 11:35:16,112 [INFO] IPUIPlugin:80 - create IPUIPlugin
2025-04-26 11:35:16,112 [INFO] PluginManager:220 - loadIPPluginJar : add gic
2025-04-26 11:35:16,147 [INFO] IPUIPlugin:80 - create IPUIPlugin
2025-04-26 11:35:16,147 [INFO] PluginManager:220 - loadIPPluginJar : add gpio
2025-04-26 11:35:16,179 [INFO] IPUIPlugin:80 - create IPUIPlugin
2025-04-26 11:35:16,179 [INFO] PluginManager:220 - loadIPPluginJar : add gtzc
2025-04-26 11:35:16,211 [INFO] IPUIPlugin:80 - create IPUIPlugin
2025-04-26 11:35:16,212 [INFO] PluginManager:220 - loadIPPluginJar : add hash
2025-04-26 11:35:16,255 [INFO] IPUIPlugin:80 - create IPUIPlugin
2025-04-26 11:35:16,255 [INFO] PluginManager:220 - loadIPPluginJar : add i2c
2025-04-26 11:35:16,284 [INFO] IPUIPlugin:80 - create IPUIPlugin
2025-04-26 11:35:16,284 [INFO] PluginManager:220 - loadIPPluginJar : add i2s
2025-04-26 11:35:16,312 [INFO] IPUIPlugin:80 - create IPUIPlugin
2025-04-26 11:35:16,312 [INFO] PluginManager:220 - loadIPPluginJar : add i3c
2025-04-26 11:35:16,333 [INFO] IPUIPlugin:80 - create IPUIPlugin
2025-04-26 11:35:16,333 [INFO] PluginManager:220 - loadIPPluginJar : add ipddr
2025-04-26 11:35:16,400 [INFO] IPUIPlugin:80 - create IPUIPlugin
2025-04-26 11:35:16,401 [INFO] PluginManager:220 - loadIPPluginJar : add linkedlist
2025-04-26 11:35:16,431 [INFO] IPUIPlugin:80 - create IPUIPlugin
2025-04-26 11:35:16,431 [INFO] PluginManager:220 - loadIPPluginJar : add lorawan
2025-04-26 11:35:16,472 [INFO] IPUIPlugin:80 - create IPUIPlugin
2025-04-26 11:35:16,472 [INFO] PluginManager:220 - loadIPPluginJar : add ltdc
2025-04-26 11:35:16,505 [INFO] IPUIPlugin:80 - create IPUIPlugin
2025-04-26 11:35:16,505 [INFO] PluginManager:220 - loadIPPluginJar : add mdma
2025-04-26 11:35:16,546 [INFO] IPUIPlugin:80 - create IPUIPlugin
2025-04-26 11:35:16,546 [INFO] PluginManager:220 - loadIPPluginJar : add nvic
2025-04-26 11:35:16,577 [INFO] IPUIPlugin:80 - create IPUIPlugin
2025-04-26 11:35:16,577 [INFO] PluginManager:220 - loadIPPluginJar : add opamp
2025-04-26 11:35:16,626 [INFO] IPUIPlugin:80 - create IPUIPlugin
2025-04-26 11:35:16,626 [INFO] PluginManager:220 - loadIPPluginJar : add openamp
2025-04-26 11:35:16,666 [INFO] IPUIPlugin:80 - create IPUIPlugin
2025-04-26 11:35:16,666 [INFO] PluginManager:220 - loadIPPluginJar : add pdm2pcm
2025-04-26 11:35:16,684 [INFO] ThirdPartyUpdaterWithRetryManager:70 - Updater plugin not ready yet. [2/15]
2025-04-26 11:35:16,711 [INFO] IPUIPlugin:80 - create IPUIPlugin
2025-04-26 11:35:16,719 [INFO] PluginManager:220 - loadIPPluginJar : add plateformsettings
2025-04-26 11:35:16,755 [INFO] IPUIPlugin:80 - create IPUIPlugin
2025-04-26 11:35:16,755 [INFO] PluginManager:220 - loadIPPluginJar : add quadspi
2025-04-26 11:35:16,783 [INFO] IPUIPlugin:80 - create IPUIPlugin
2025-04-26 11:35:16,785 [INFO] PluginManager:220 - loadIPPluginJar : add radio
2025-04-26 11:35:16,828 [INFO] IPUIPlugin:80 - create IPUIPlugin
2025-04-26 11:35:16,828 [INFO] PluginManager:220 - loadIPPluginJar : add resmgrutility
2025-04-26 11:35:16,860 [INFO] IPUIPlugin:80 - create IPUIPlugin
2025-04-26 11:35:16,860 [INFO] PluginManager:220 - loadIPPluginJar : add sai
2025-04-26 11:35:16,882 [INFO] IPUIPlugin:80 - create IPUIPlugin
2025-04-26 11:35:16,882 [INFO] PluginManager:220 - loadIPPluginJar : add spi
2025-04-26 11:35:16,914 [INFO] IPUIPlugin:80 - create IPUIPlugin
2025-04-26 11:35:16,914 [INFO] PluginManager:220 - loadIPPluginJar : add stm32_wpan
2025-04-26 11:35:16,937 [INFO] IPUIPlugin:80 - create IPUIPlugin
2025-04-26 11:35:16,938 [INFO] PluginManager:220 - loadIPPluginJar : add tim
2025-04-26 11:35:16,962 [INFO] IPUIPlugin:80 - create IPUIPlugin
2025-04-26 11:35:16,963 [INFO] PluginManager:220 - loadIPPluginJar : add touchsensing
2025-04-26 11:35:16,992 [INFO] IPUIPlugin:80 - create IPUIPlugin
2025-04-26 11:35:16,992 [INFO] PluginManager:220 - loadIPPluginJar : add tracer_emb
2025-04-26 11:35:17,015 [INFO] IPUIPlugin:80 - create IPUIPlugin
2025-04-26 11:35:17,015 [INFO] PluginManager:220 - loadIPPluginJar : add ts
2025-04-26 11:35:17,038 [INFO] IPUIPlugin:80 - create IPUIPlugin
2025-04-26 11:35:17,038 [INFO] PluginManager:220 - loadIPPluginJar : add tsc
2025-04-26 11:35:17,061 [INFO] IPUIPlugin:80 - create IPUIPlugin
2025-04-26 11:35:17,062 [INFO] PluginManager:220 - loadIPPluginJar : add ucpd
2025-04-26 11:35:17,095 [INFO] IPUIPlugin:80 - create IPUIPlugin
2025-04-26 11:35:17,096 [INFO] PluginManager:220 - loadIPPluginJar : add usart
2025-04-26 11:35:17,129 [INFO] IPUIPlugin:80 - create IPUIPlugin
2025-04-26 11:35:17,130 [INFO] PluginManager:220 - loadIPPluginJar : add usbx
2025-04-26 11:35:17,346 [INFO] CADModel:165 - CPN selected for project level
2025-04-26 11:35:17,346 [INFO] CADModel:114 - Register for checkConnection events
2025-04-26 11:35:17,346 [FATAL] Updater:334 - Updater called before beeing initialized
2025-04-26 11:35:17,346 [ERROR] CADModel:125 - Updater not yet initialized, retry later 
2025-04-26 11:35:18,139 [INFO] CADModel:165 - CPN selected for project level
2025-04-26 11:35:18,139 [INFO] CADModel:114 - Register for checkConnection events
2025-04-26 11:35:18,139 [FATAL] Updater:334 - Updater called before beeing initialized
2025-04-26 11:35:18,139 [ERROR] CADModel:125 - Updater not yet initialized, retry later 
2025-04-26 11:35:18,143 [FATAL] Updater:334 - Updater called before beeing initialized
2025-04-26 11:35:18,341 [FATAL] Updater:334 - Updater called before beeing initialized
2025-04-26 11:35:18,347 [INFO] DbMcusAds:53 - JSON generation date=Thu Mar 06 16:54:22 EET 2025 (1741272862204)
2025-04-26 11:35:18,347 [FATAL] Updater:334 - Updater called before beeing initialized
2025-04-26 11:35:18,576 [WARN] DetailPanel:346 - Failed to get advertising image, set to default
2025-04-26 11:35:18,708 [FATAL] Updater:334 - Updater called before beeing initialized
2025-04-26 11:35:18,712 [FATAL] Updater:334 - Updater called before beeing initialized
2025-04-26 11:35:18,712 [FATAL] Updater:334 - Updater called before beeing initialized
2025-04-26 11:35:18,712 [WARN] DetailPanel:346 - Failed to get advertising image, set to default
2025-04-26 11:35:18,713 [FATAL] Updater:334 - Updater called before beeing initialized
2025-04-26 11:35:18,906 [ERROR] Updater:1164 - MainUpdater not yet initialized. External WinMGr cannot be set.
2025-04-26 11:35:18,931 [INFO] Updater:1100 - Updater Version found : 6.12.1
2025-04-26 11:35:19,007 [INFO] ApplicationProperties:184 - Using Application install path: D:\Program Files\en.st-stm32cubeide_1.16.1_22882_20240916_0822_x86_64.exe\STM32CubeIDE_1.16.1\STM32CubeIDE\plugins\com.st.stm32cube.common.mx_6.12.1.202409122256
2025-04-26 11:35:19,686 [INFO] ThirdPartyUpdaterWithRetryManager:70 - Updater plugin not ready yet. [3/15]
2025-04-26 11:35:20,637 [ERROR] LogOutputStream:75 - [STDERR_REDIRECT] Apr 26, 2025 11:35:20 AM java.util.prefs.WindowsPreferences <init>
2025-04-26 11:35:20,639 [ERROR] LogOutputStream:75 - [STDERR_REDIRECT] WARNING: Could not open/create prefs root node Software\JavaSoft\Prefs at root 0xffffffff80000002. Windows RegCreateKeyEx(...) returned error code 5.
2025-04-26 11:35:20,639 [ERROR] LogOutputStream:75 - [STDERR_REDIRECT] 
2025-04-26 11:35:21,233 [INFO] MainUpdater:2873 - connection check result : 22
2025-04-26 11:35:21,234 [INFO] MainUpdater:290 - Updater Check For Update Now.
2025-04-26 11:35:21,234 [INFO] MicroXplorer:498 - Change Database Version : DB.6.0.121
2025-04-26 11:35:21,251 [INFO] McuFinderGlobals:63 - Set McuFinder mode to 2 (CubeIDE integrated)
2025-04-26 11:35:21,251 [INFO] UserAuth:179 - activating auth plugin
2025-04-26 11:35:21,261 [INFO] UserAuth:417 - Internet connection configuration mode: 2
2025-04-26 11:35:21,297 [INFO] UserAuth:417 - Internet connection configuration mode: 2
2025-04-26 11:35:21,506 [INFO] CheckServerUpdateThread:120 - End of CheckServer Thread
2025-04-26 11:35:23,104 [WARN] PackLoader:240 - Cannot read IP mode file for STMicroelectronics.FP-SNS-MOTENVWB1.1.4.0
2025-04-26 11:35:23,130 [WARN] PackLoader:240 - Cannot read IP mode file for STMicroelectronics.FP-ATR-ASTRA1.2.0.2
2025-04-26 11:35:23,137 [WARN] PackLoader:240 - Cannot read IP mode file for STMicroelectronics.FP-ATR-ASTRA1.2.0.1
2025-04-26 11:35:23,157 [WARN] PackLoader:240 - Cannot read IP mode file for STMicroelectronics.X-CUBE-SMBUS.2.1.0
2025-04-26 11:35:23,170 [WARN] PackLoader:240 - Cannot read IP mode file for STMicroelectronics.X-CUBE-WB05N.1.1.0
2025-04-26 11:35:23,224 [WARN] PackLoader:240 - Cannot read IP mode file for STMicroelectronics.X-CUBE-AZRTOS-F7.1.1.0
2025-04-26 11:35:23,239 [WARN] PackLoader:240 - Cannot read IP mode file for STMicroelectronics.FP-SNS-FLIGHT1.5.0.2
2025-04-26 11:35:23,291 [WARN] PackLoader:240 - Cannot read IP mode file for Infineon.AIROC-Wi-Fi-Bluetooth-STM32.1.7.0
2025-04-26 11:35:23,310 [WARN] PackLoader:240 - Cannot read IP mode file for STMicroelectronics.X-CUBE-DISPLAY.3.0.0
2025-04-26 11:35:23,326 [WARN] PackLoader:240 - Cannot read IP mode file for STMicroelectronics.X-CUBE-BLE1.7.0.0
2025-04-26 11:35:23,337 [WARN] PackLoader:240 - Cannot read IP mode file for STMicroelectronics.X-CUBE-NFC10.1.0.0
2025-04-26 11:35:23,360 [WARN] PackLoader:240 - Cannot read IP mode file for STMicroelectronics.X-CUBE-BLEMGR.4.0.0
2025-04-26 11:35:23,373 [WARN] PackLoader:240 - Cannot read IP mode file for emotas.I-CUBE-CANOPEN.1.3.0
2025-04-26 11:35:23,381 [WARN] PackLoader:240 - Cannot read IP mode file for STMicroelectronics.X-CUBE-AI.10.0.0
2025-04-26 11:35:23,388 [WARN] PackLoader:240 - Cannot read IP mode file for STMicroelectronics.FP-SNS-SMARTAG2.1.2.0
2025-04-26 11:35:23,393 [ERROR] Engine:466 - C:\Users\ashry\.stm32cubemx\thirdparties\pdsc\STMicroelectronics.FP-SNS-FLIGHT1.5.1.0.pdsc: PDSC version is not supported
2025-04-26 11:35:23,481 [WARN] PackLoader:240 - Cannot read IP mode file for STMicroelectronics.X-CUBE-MEMS1.11.1.0
2025-04-26 11:35:23,657 [INFO] LogOutputStream:77 - [STDOUT_REDIRECT] 1 : Invalid condition id : UX_CORESTACK_Condition cause : null
2025-04-26 11:35:23,657 [INFO] LogOutputStream:77 - [STDOUT_REDIRECT] 1 : Invalid condition id : UX_CORESTACK_Condition cause : null
2025-04-26 11:35:23,659 [INFO] LogOutputStream:77 - [STDOUT_REDIRECT] 1 : Invalid condition id : UX_CORESTACK_Condition cause : null
2025-04-26 11:35:23,660 [INFO] LogOutputStream:77 - [STDOUT_REDIRECT] 1 : Invalid condition id : UX_CORESTACK_Condition cause : null
2025-04-26 11:35:23,662 [INFO] LogOutputStream:77 - [STDOUT_REDIRECT] 1 : Invalid condition id : UX_CORESTACK_Condition cause : null
2025-04-26 11:35:23,669 [WARN] PackLoader:240 - Cannot read IP mode file for STMicroelectronics.X-CUBE-AZRTOS-WL.2.0.0
2025-04-26 11:35:23,678 [WARN] PackLoader:240 - Cannot read IP mode file for STMicroelectronics.FP-SNS-MOTENV1.5.0.0
2025-04-26 11:35:23,685 [WARN] PackLoader:240 - Cannot read IP mode file for wolfSSL.I-CUBE-wolfMQTT.1.19.0
2025-04-26 11:35:23,696 [WARN] PackLoader:240 - Cannot read IP mode file for WES.I-CUBE-Cesium.1.3.0
2025-04-26 11:35:23,703 [WARN] PackLoader:240 - Cannot read IP mode file for STMicroelectronics.X-CUBE-BLE2.3.3.0
2025-04-26 11:35:23,712 [WARN] PackLoader:240 - Cannot read IP mode file for STMicroelectronics.X-CUBE-NFC9.1.0.0
2025-04-26 11:35:23,721 [WARN] PackLoader:240 - Cannot read IP mode file for STMicroelectronics.X-CUBE-BLE1.7.1.0
2025-04-26 11:35:23,822 [WARN] PackLoader:240 - Cannot read IP mode file for STMicroelectronics.X-CUBE-MEMS1.11.2.0
2025-04-26 11:35:23,999 [WARN] PackLoader:240 - Cannot read IP mode file for STMicroelectronics.X-CUBE-AZRTOS-G0.1.1.0
2025-04-26 11:35:24,010 [WARN] PackLoader:240 - Cannot read IP mode file for STMicroelectronics.X-CUBE-SAFEA1.1.2.2
2025-04-26 11:35:24,018 [WARN] PackLoader:240 - Cannot read IP mode file for STMicroelectronics.X-CUBE-NFC4.3.0.0
2025-04-26 11:35:24,031 [WARN] PackLoader:240 - Cannot read IP mode file for EmbeddedOffice.I-CUBE-FS-RTOS.1.0.1
2025-04-26 11:35:24,032 [ERROR] ConditionMgr:805 - Attr not supported : Dmpu
2025-04-26 11:35:24,032 [ERROR] ConditionMgr:805 - Attr not supported : Dmpu
2025-04-26 11:35:24,032 [ERROR] ConditionMgr:805 - Attr not supported : Dmpu
2025-04-26 11:35:24,032 [ERROR] ConditionMgr:805 - Attr not supported : Dmpu
2025-04-26 11:35:24,032 [ERROR] ConditionMgr:805 - Attr not supported : Dmpu
2025-04-26 11:35:24,032 [ERROR] ConditionMgr:805 - Attr not supported : Dmpu
2025-04-26 11:35:24,032 [ERROR] ConditionMgr:805 - Attr not supported : Dmpu
2025-04-26 11:35:24,032 [ERROR] ConditionMgr:805 - Attr not supported : Dmpu
2025-04-26 11:35:24,032 [ERROR] ConditionMgr:805 - Attr not supported : Dmpu
2025-04-26 11:35:24,032 [ERROR] ConditionMgr:805 - Attr not supported : Dmpu
2025-04-26 11:35:24,033 [ERROR] ConditionMgr:805 - Attr not supported : Dmpu
2025-04-26 11:35:24,033 [ERROR] ConditionMgr:805 - Attr not supported : Dmpu
2025-04-26 11:35:24,033 [ERROR] ConditionMgr:805 - Attr not supported : Dmpu
2025-04-26 11:35:24,033 [ERROR] ConditionMgr:805 - Attr not supported : Dmpu
2025-04-26 11:35:24,033 [ERROR] ConditionMgr:805 - Attr not supported : Dmpu
2025-04-26 11:35:24,033 [ERROR] ConditionMgr:805 - Attr not supported : Dmpu
2025-04-26 11:35:24,033 [ERROR] ConditionMgr:805 - Attr not supported : Dmpu
2025-04-26 11:35:24,033 [ERROR] ConditionMgr:805 - Attr not supported : Dmpu
2025-04-26 11:35:24,033 [ERROR] ConditionMgr:805 - Attr not supported : Dmpu
2025-04-26 11:35:24,033 [ERROR] ConditionMgr:805 - Attr not supported : Dmpu
2025-04-26 11:35:24,033 [ERROR] ConditionMgr:805 - Attr not supported : Dmpu
2025-04-26 11:35:24,033 [ERROR] ConditionMgr:805 - Attr not supported : Dmpu
2025-04-26 11:35:24,033 [ERROR] ConditionMgr:805 - Attr not supported : Dmpu
2025-04-26 11:35:24,034 [ERROR] ConditionMgr:805 - Attr not supported : Dmpu
2025-04-26 11:35:24,034 [ERROR] ConditionMgr:805 - Attr not supported : Dmpu
2025-04-26 11:35:24,034 [ERROR] ConditionMgr:805 - Attr not supported : Dmpu
2025-04-26 11:35:24,034 [ERROR] ConditionMgr:805 - Attr not supported : Dmpu
2025-04-26 11:35:24,034 [ERROR] ConditionMgr:805 - Attr not supported : Dmpu
2025-04-26 11:35:24,034 [ERROR] ConditionMgr:805 - Attr not supported : Dmpu
2025-04-26 11:35:24,034 [ERROR] ConditionMgr:805 - Attr not supported : Dmpu
2025-04-26 11:35:24,034 [ERROR] ConditionMgr:805 - Attr not supported : Dmpu
2025-04-26 11:35:24,034 [ERROR] ConditionMgr:805 - Attr not supported : Dmpu
2025-04-26 11:35:24,034 [ERROR] ConditionMgr:805 - Attr not supported : Dmpu
2025-04-26 11:35:24,034 [ERROR] ConditionMgr:805 - Attr not supported : Dmpu
2025-04-26 11:35:24,034 [ERROR] ConditionMgr:805 - Attr not supported : Dmpu
2025-04-26 11:35:24,034 [ERROR] ConditionMgr:805 - Attr not supported : Dmpu
2025-04-26 11:35:24,035 [ERROR] ConditionMgr:805 - Attr not supported : Dmpu
2025-04-26 11:35:24,035 [ERROR] ConditionMgr:805 - Attr not supported : Dmpu
2025-04-26 11:35:24,035 [ERROR] ConditionMgr:805 - Attr not supported : Dmpu
2025-04-26 11:35:24,035 [ERROR] ConditionMgr:805 - Attr not supported : Dmpu
2025-04-26 11:35:24,035 [ERROR] ConditionMgr:805 - Attr not supported : Dmpu
2025-04-26 11:35:24,035 [ERROR] ConditionMgr:805 - Attr not supported : Dmpu
2025-04-26 11:35:24,035 [ERROR] ConditionMgr:805 - Attr not supported : Dmpu
2025-04-26 11:35:24,035 [ERROR] ConditionMgr:805 - Attr not supported : Dmpu
2025-04-26 11:35:24,035 [ERROR] ConditionMgr:805 - Attr not supported : Dmpu
2025-04-26 11:35:24,035 [ERROR] ConditionMgr:805 - Attr not supported : Dmpu
2025-04-26 11:35:24,035 [ERROR] ConditionMgr:805 - Attr not supported : Dmpu
2025-04-26 11:35:24,035 [ERROR] ConditionMgr:805 - Attr not supported : Dmpu
2025-04-26 11:35:24,036 [ERROR] ConditionMgr:805 - Attr not supported : Dmpu
2025-04-26 11:35:24,036 [ERROR] ConditionMgr:805 - Attr not supported : Dmpu
2025-04-26 11:35:24,036 [ERROR] ConditionMgr:805 - Attr not supported : Dmpu
2025-04-26 11:35:24,036 [ERROR] ConditionMgr:805 - Attr not supported : Dmpu
2025-04-26 11:35:24,036 [ERROR] ConditionMgr:805 - Attr not supported : Dmpu
2025-04-26 11:35:24,036 [ERROR] ConditionMgr:805 - Attr not supported : Dmpu
2025-04-26 11:35:24,036 [ERROR] ConditionMgr:805 - Attr not supported : Dmpu
2025-04-26 11:35:24,036 [ERROR] ConditionMgr:805 - Attr not supported : Dmpu
2025-04-26 11:35:24,036 [ERROR] ConditionMgr:805 - Attr not supported : Dmpu
2025-04-26 11:35:24,036 [ERROR] ConditionMgr:805 - Attr not supported : Dmpu
2025-04-26 11:35:24,036 [ERROR] ConditionMgr:805 - Attr not supported : Dmpu
2025-04-26 11:35:24,036 [ERROR] ConditionMgr:805 - Attr not supported : Dmpu
2025-04-26 11:35:24,037 [ERROR] ConditionMgr:805 - Attr not supported : Dmpu
2025-04-26 11:35:24,037 [ERROR] ConditionMgr:805 - Attr not supported : Dmpu
2025-04-26 11:35:24,037 [ERROR] ConditionMgr:805 - Attr not supported : Dmpu
2025-04-26 11:35:24,037 [ERROR] ConditionMgr:805 - Attr not supported : Dmpu
2025-04-26 11:35:24,041 [WARN] PackLoader:240 - Cannot read IP mode file for STMicroelectronics.X-CUBE-WB05N.2.0.0
2025-04-26 11:35:24,045 [ERROR] Engine:466 - C:\Users\ashry\.stm32cubemx\thirdparties\pdsc\STMicroelectronics.X-CUBE-TCPP.4.2.0.pdsc: PDSC version is not supported
2025-04-26 11:35:24,050 [WARN] PackLoader:240 - Cannot read IP mode file for RealThread.X-CUBE-RT-Thread_Nano.4.1.1
2025-04-26 11:35:24,054 [WARN] PackLoader:240 - Cannot read IP mode file for STMicroelectronics.FP-ATR-SIGFOX1.3.2.0
2025-04-26 11:35:24,059 [WARN] ConditionMgr:438 - getConditionDescription Invalid condition id : Cortex-A Device cause : null
2025-04-26 11:35:24,089 [WARN] ConditionMgr:1039 - genDependencies : Invalid condition id : Cortex-A Device cause : null
2025-04-26 11:35:24,089 [WARN] ConditionMgr:1039 - genDependencies : Invalid condition id : Cortex-A Device cause : null
2025-04-26 11:35:24,090 [WARN] ConditionMgr:1039 - genDependencies : Invalid condition id : Cortex-A Device cause : null
2025-04-26 11:35:24,096 [WARN] PackLoader:240 - Cannot read IP mode file for STMicroelectronics.X-CUBE-EEPRMA1.5.1.0
2025-04-26 11:35:24,101 [WARN] PackLoader:240 - Cannot read IP mode file for wolfSSL.I-CUBE-wolfSSL.5.7.6
2025-04-26 11:35:24,108 [WARN] PackLoader:240 - Cannot read IP mode file for ITTIA_DB.I-CUBE-ITTIADB.8.9.0
2025-04-26 11:35:24,148 [WARN] PackLoader:240 - Cannot read IP mode file for SEGGER.I-CUBE-embOS.1.3.1
2025-04-26 11:35:24,197 [WARN] PackLoader:240 - Cannot read IP mode file for STMicroelectronics.X-CUBE-ALGOBUILD.1.4.0
2025-04-26 11:35:24,225 [WARN] PackLoader:240 - Cannot read IP mode file for STMicroelectronics.X-CUBE-AZRTOS-F4.1.1.0
2025-04-26 11:35:24,234 [ERROR] Engine:466 - C:\Users\ashry\.stm32cubemx\thirdparties\pdsc\Avnet-IotConnect.X-CUBE-IoTC-DA16k-PMOD.1.0.0.pdsc: PDSC version is not supported
2025-04-26 11:35:24,241 [WARN] PackLoader:240 - Cannot read IP mode file for STMicroelectronics.X-CUBE-ISPU.2.1.0
2025-04-26 11:35:24,274 [WARN] PackLoader:240 - Cannot read IP mode file for STMicroelectronics.X-CUBE-AZRTOS-L5.2.0.0
2025-04-26 11:35:24,291 [WARN] PackLoader:240 - Cannot read IP mode file for STMicroelectronics.X-CUBE-NFC6.3.1.0
2025-04-26 11:35:24,304 [WARN] PackLoader:240 - Cannot read IP mode file for STMicroelectronics.X-CUBE-DPower.1.2.0
2025-04-26 11:35:24,313 [WARN] PackLoader:240 - Cannot read IP mode file for STMicroelectronics.X-CUBE-FREERTOS.1.3.0
2025-04-26 11:35:24,321 [WARN] PackLoader:240 - Cannot read IP mode file for STMicroelectronics.X-CUBE-NFC7.1.0.1
2025-04-26 11:35:24,339 [WARN] PackLoader:240 - Cannot read IP mode file for STMicroelectronics.X-CUBE-DPower.1.3.0
2025-04-26 11:35:24,367 [WARN] ConditionMgr:438 - getConditionDescription Invalid condition id : LAN8742 Phy interface Condition cause : null
2025-04-26 11:35:24,368 [WARN] PackLoader:240 - Cannot read IP mode file for STMicroelectronics.X-CUBE-AZRTOS-L4.2.0.0
2025-04-26 11:35:24,369 [WARN] ConditionMgr:1039 - genDependencies : Invalid condition id : LAN8742 Phy interface Condition cause : null
2025-04-26 11:35:24,370 [WARN] ConditionMgr:1039 - genDependencies : Invalid condition id : LAN8742 Phy interface Condition cause : null
2025-04-26 11:35:24,371 [WARN] ConditionMgr:1039 - genDependencies : Invalid condition id : LAN8742 Phy interface Condition cause : null
2025-04-26 11:35:24,386 [WARN] PackLoader:240 - Cannot read IP mode file for STMicroelectronics.X-CUBE-SFXS2LP1.4.0.0
2025-04-26 11:35:24,415 [WARN] PackLoader:240 - Cannot read IP mode file for STMicroelectronics.X-CUBE-AZRTOS-H7.3.3.0
2025-04-26 11:35:24,436 [WARN] ConditionMgr:438 - getConditionDescription Invalid condition id : UX DEVICE CLASS RTOS Condition cause : null
2025-04-26 11:35:24,436 [WARN] ConditionMgr:438 - getConditionDescription Invalid condition id : UX DEVICE CLASS RTOS Condition cause : null
2025-04-26 11:35:24,441 [WARN] PackLoader:240 - Cannot read IP mode file for STMicroelectronics.X-CUBE-AZRTOS-WB.2.0.0
2025-04-26 11:35:24,442 [WARN] ConditionMgr:1039 - genDependencies : Invalid condition id : UX DEVICE CLASS RTOS Condition cause : null
2025-04-26 11:35:24,442 [WARN] ConditionMgr:1039 - genDependencies : Invalid condition id : UX DEVICE CLASS RTOS Condition cause : null
2025-04-26 11:35:24,443 [WARN] ConditionMgr:1039 - genDependencies : Invalid condition id : UX DEVICE CLASS RTOS Condition cause : null
2025-04-26 11:35:24,443 [WARN] ConditionMgr:1039 - genDependencies : Invalid condition id : UX DEVICE CLASS RTOS Condition cause : null
2025-04-26 11:35:24,443 [WARN] ConditionMgr:1039 - genDependencies : Invalid condition id : UX DEVICE CLASS RTOS Condition cause : null
2025-04-26 11:35:24,451 [WARN] PackLoader:240 - Cannot read IP mode file for STMicroelectronics.X-CUBE-GNSS1.7.0.1
2025-04-26 11:35:24,457 [WARN] PackLoader:240 - Cannot read IP mode file for STMicroelectronics.X-CUBE-TOUCHGFX.4.25.0
2025-04-26 11:35:24,464 [WARN] PackLoader:240 - Cannot read IP mode file for STMicroelectronics.FP-SNS-STBOX1.2.0.0
2025-04-26 11:35:24,481 [WARN] PackLoader:240 - Cannot read IP mode file for STMicroelectronics.X-CUBE-SUBG2.5.0.0
2025-04-26 11:35:24,512 [WARN] PackLoader:240 - Cannot read IP mode file for STMicroelectronics.X-CUBE-AZRTOS-H7RS.1.1.0
2025-04-26 11:35:24,520 [WARN] PackLoader:240 - Cannot read IP mode file for Cesanta.I-CUBE-Mongoose.7.13.0
2025-04-26 11:35:24,539 [WARN] PackLoader:240 - Cannot read IP mode file for STMicroelectronics.X-CUBE-AZRTOS-G4.2.0.0
2025-04-26 11:35:24,547 [ERROR] Engine:466 - C:\Users\ashry\.stm32cubemx\thirdparties\pdsc\STMicroelectronics.X-CUBE-IPS.3.1.0.pdsc: PDSC version is not supported
2025-04-26 11:35:24,552 [WARN] PackLoader:240 - Cannot read IP mode file for STMicroelectronics.X-CUBE-ALS.1.0.2
2025-04-26 11:35:24,556 [WARN] PackLoader:240 - Cannot read IP mode file for STMicroelectronics.X-CUBE-TOUCHGFX.4.24.2
2025-04-26 11:35:24,560 [WARN] PackLoader:240 - Cannot read IP mode file for wolfSSL.I-CUBE-wolfTPM.3.4.0
2025-04-26 11:35:24,566 [WARN] PackLoader:240 - Cannot read IP mode file for portGmbH.I-Cube-SoM-uGOAL.1.1.0
2025-04-26 11:35:24,613 [WARN] PackLoader:240 - Cannot read IP mode file for STMicroelectronics.X-CUBE-AZRTOS-H7RS.1.0.0
2025-04-26 11:35:24,629 [WARN] PackLoader:240 - Cannot read IP mode file for STMicroelectronics.X-CUBE-TOF1.3.4.2
2025-04-26 11:35:24,648 [ERROR] Engine:466 - C:\Users\ashry\.stm32cubemx\thirdparties\pdsc\STMicroelectronics.X-CUBE-TOF1.3.4.3.pdsc: PDSC version is not supported
2025-04-26 11:35:24,652 [WARN] PackLoader:240 - Cannot read IP mode file for wolfSSL.I-CUBE-wolfSSH.1.4.17
2025-04-26 11:35:24,653 [INFO] ThirdParty:978 - Integrity check success = true
2025-04-26 11:35:24,653 [INFO] IntegrityCheckThread:100 - exiting critical section [integrity check]
2025-04-26 11:35:24,653 [INFO] IntegrityCheckThread:103 - End integrity checks thread
2025-04-26 11:36:47,465 [ERROR] ConfigurationRetriever:142 - IOException on connection: sw-center.st.com
2025-04-26 11:36:47,466 [ERROR] ConfigurationRetriever:142 - IOException on connection: sw-center.st.com
2025-04-26 11:36:47,466 [ERROR] ConfigurationRetriever:142 - IOException on connection: sw-center.st.com
2025-04-26 11:37:12,397 [ERROR] ConfigurationRetriever:142 - IOException on connection: sw-center.st.com
2025-04-26 11:37:12,398 [ERROR] ConfigurationRetriever:142 - IOException on connection: sw-center.st.com
2025-04-26 11:37:12,398 [ERROR] ConfigurationRetriever:142 - IOException on connection: sw-center.st.com
2025-04-26 11:37:51,692 [ERROR] ConfigurationRetriever:142 - IOException on connection: sw-center.st.com
2025-04-26 11:37:51,693 [ERROR] ConfigurationRetriever:142 - IOException on connection: sw-center.st.com
2025-04-26 11:37:51,694 [ERROR] ConfigurationRetriever:142 - IOException on connection: sw-center.st.com
2025-04-26 13:02:51,257 [ERROR] ConfigurationRetriever:142 - IOException on connection: sw-center.st.com
2025-04-26 13:02:51,258 [ERROR] ConfigurationRetriever:142 - IOException on connection: sw-center.st.com
2025-04-26 13:02:51,259 [ERROR] ConfigurationRetriever:142 - IOException on connection: sw-center.st.com
2025-04-26 13:03:10,793 [ERROR] ConfigurationRetriever:142 - IOException on connection: sw-center.st.com
2025-04-26 13:03:10,794 [ERROR] ConfigurationRetriever:142 - IOException on connection: sw-center.st.com
2025-04-26 13:03:10,794 [ERROR] ConfigurationRetriever:142 - IOException on connection: sw-center.st.com
2025-04-26 13:42:04,775 [ERROR] ConfigurationRetriever:142 - IOException on connection: sw-center.st.com
2025-04-26 13:42:04,776 [ERROR] ConfigurationRetriever:142 - IOException on connection: sw-center.st.com
2025-04-26 13:42:04,776 [ERROR] ConfigurationRetriever:142 - IOException on connection: sw-center.st.com
2025-04-26 13:42:48,976 [ERROR] ConfigurationRetriever:142 - IOException on connection: sw-center.st.com
2025-04-26 13:42:48,976 [ERROR] ConfigurationRetriever:142 - IOException on connection: sw-center.st.com
2025-04-26 13:42:48,977 [ERROR] ConfigurationRetriever:142 - IOException on connection: sw-center.st.com
2025-04-26 13:52:59,560 [ERROR] ConfigurationRetriever:142 - IOException on connection: sw-center.st.com
2025-04-26 13:52:59,561 [ERROR] ConfigurationRetriever:142 - IOException on connection: sw-center.st.com
2025-04-26 13:52:59,561 [ERROR] ConfigurationRetriever:142 - IOException on connection: sw-center.st.com
2025-04-26 13:53:53,941 [ERROR] ConfigurationRetriever:142 - IOException on connection: sw-center.st.com
2025-04-26 13:53:53,942 [ERROR] ConfigurationRetriever:142 - IOException on connection: sw-center.st.com
2025-04-26 13:53:53,942 [ERROR] ConfigurationRetriever:142 - IOException on connection: sw-center.st.com
2025-04-26 13:54:15,409 [ERROR] ConfigurationRetriever:142 - IOException on connection: sw-center.st.com
2025-04-26 13:54:15,409 [ERROR] ConfigurationRetriever:142 - IOException on connection: sw-center.st.com
2025-04-26 13:54:15,409 [ERROR] ConfigurationRetriever:142 - IOException on connection: sw-center.st.com
2025-04-26 13:54:41,733 [ERROR] ConfigurationRetriever:142 - IOException on connection: sw-center.st.com
2025-04-26 13:54:41,733 [ERROR] ConfigurationRetriever:142 - IOException on connection: sw-center.st.com
2025-04-26 13:54:41,734 [ERROR] ConfigurationRetriever:142 - IOException on connection: sw-center.st.com
2025-04-26 14:05:20,367 [ERROR] ConfigurationRetriever:142 - IOException on connection: sw-center.st.com
2025-04-26 14:05:20,367 [ERROR] ConfigurationRetriever:142 - IOException on connection: sw-center.st.com
2025-04-26 14:05:20,368 [ERROR] ConfigurationRetriever:142 - IOException on connection: sw-center.st.com
2025-04-26 14:05:22,465 [ERROR] ConfigurationRetriever:142 - IOException on connection: sw-center.st.com
2025-04-26 14:05:22,466 [ERROR] ConfigurationRetriever:142 - IOException on connection: sw-center.st.com
2025-04-26 14:05:22,467 [ERROR] ConfigurationRetriever:142 - IOException on connection: sw-center.st.com
2025-04-26 14:07:27,841 [ERROR] ConfigurationRetriever:142 - IOException on connection: sw-center.st.com
2025-04-26 14:07:27,841 [ERROR] ConfigurationRetriever:142 - IOException on connection: sw-center.st.com
2025-04-26 14:07:27,841 [ERROR] ConfigurationRetriever:142 - IOException on connection: sw-center.st.com
2025-04-26 14:07:56,818 [ERROR] ConfigurationRetriever:142 - IOException on connection: sw-center.st.com
2025-04-26 14:07:56,818 [ERROR] ConfigurationRetriever:142 - IOException on connection: sw-center.st.com
2025-04-26 14:07:56,818 [ERROR] ConfigurationRetriever:142 - IOException on connection: sw-center.st.com
2025-04-26 14:08:05,646 [ERROR] ConfigurationRetriever:142 - IOException on connection: sw-center.st.com
2025-04-26 14:08:05,646 [ERROR] ConfigurationRetriever:142 - IOException on connection: sw-center.st.com
2025-04-26 14:08:05,647 [ERROR] ConfigurationRetriever:142 - IOException on connection: sw-center.st.com
2025-04-26 14:17:41,278 [ERROR] ConfigurationRetriever:142 - IOException on connection: sw-center.st.com
2025-04-26 14:17:41,279 [ERROR] ConfigurationRetriever:142 - IOException on connection: sw-center.st.com
2025-04-26 14:17:41,279 [ERROR] ConfigurationRetriever:142 - IOException on connection: sw-center.st.com
2025-04-26 14:17:47,222 [ERROR] ConfigurationRetriever:142 - IOException on connection: sw-center.st.com
2025-04-26 14:17:47,222 [ERROR] ConfigurationRetriever:142 - IOException on connection: sw-center.st.com
2025-04-26 14:17:47,223 [ERROR] ConfigurationRetriever:142 - IOException on connection: sw-center.st.com
2025-04-26 14:18:49,445 [ERROR] ConfigurationRetriever:142 - IOException on connection: sw-center.st.com
2025-04-26 14:18:49,446 [ERROR] ConfigurationRetriever:142 - IOException on connection: sw-center.st.com
2025-04-26 14:18:49,446 [ERROR] ConfigurationRetriever:142 - IOException on connection: sw-center.st.com
2025-04-26 14:18:53,503 [ERROR] ConfigurationRetriever:142 - IOException on connection: sw-center.st.com
2025-04-26 14:18:53,503 [ERROR] ConfigurationRetriever:142 - IOException on connection: sw-center.st.com
2025-04-26 14:18:53,504 [ERROR] ConfigurationRetriever:142 - IOException on connection: sw-center.st.com
2025-04-26 14:20:39,536 [ERROR] ConfigurationRetriever:142 - IOException on connection: sw-center.st.com
2025-04-26 14:20:39,537 [ERROR] ConfigurationRetriever:142 - IOException on connection: sw-center.st.com
2025-04-26 14:20:39,538 [ERROR] ConfigurationRetriever:142 - IOException on connection: sw-center.st.com
2025-04-26 14:21:18,720 [ERROR] ConfigurationRetriever:142 - IOException on connection: sw-center.st.com
2025-04-26 14:21:18,720 [ERROR] ConfigurationRetriever:142 - IOException on connection: sw-center.st.com
2025-04-26 14:21:18,721 [ERROR] ConfigurationRetriever:142 - IOException on connection: sw-center.st.com
2025-04-26 14:21:23,082 [ERROR] ConfigurationRetriever:142 - IOException on connection: sw-center.st.com
2025-04-26 14:21:23,082 [ERROR] ConfigurationRetriever:142 - IOException on connection: sw-center.st.com
2025-04-26 14:21:23,083 [ERROR] ConfigurationRetriever:142 - IOException on connection: sw-center.st.com
2025-04-26 14:21:47,020 [ERROR] ConfigurationRetriever:142 - IOException on connection: sw-center.st.com
2025-04-26 14:21:47,020 [ERROR] ConfigurationRetriever:142 - IOException on connection: sw-center.st.com
2025-04-26 14:21:47,021 [ERROR] ConfigurationRetriever:142 - IOException on connection: sw-center.st.com
2025-04-26 14:22:32,859 [ERROR] ConfigurationRetriever:142 - IOException on connection: sw-center.st.com
2025-04-26 14:22:32,859 [ERROR] ConfigurationRetriever:142 - IOException on connection: sw-center.st.com
2025-04-26 14:22:32,860 [ERROR] ConfigurationRetriever:142 - IOException on connection: sw-center.st.com
2025-04-26 14:22:50,692 [ERROR] ConfigurationRetriever:142 - IOException on connection: sw-center.st.com
2025-04-26 14:22:50,692 [ERROR] ConfigurationRetriever:142 - IOException on connection: sw-center.st.com
2025-04-26 14:22:50,692 [ERROR] ConfigurationRetriever:142 - IOException on connection: sw-center.st.com
2025-04-26 14:27:29,557 [ERROR] ConfigurationRetriever:142 - IOException on connection: sw-center.st.com
2025-04-26 14:27:29,557 [ERROR] ConfigurationRetriever:142 - IOException on connection: sw-center.st.com
2025-04-26 14:27:29,558 [ERROR] ConfigurationRetriever:142 - IOException on connection: sw-center.st.com
2025-04-26 14:27:45,788 [ERROR] ConfigurationRetriever:142 - IOException on connection: sw-center.st.com
2025-04-26 14:27:45,788 [ERROR] ConfigurationRetriever:142 - IOException on connection: sw-center.st.com
2025-04-26 14:27:45,789 [ERROR] ConfigurationRetriever:142 - IOException on connection: sw-center.st.com
2025-04-26 14:27:49,644 [ERROR] ConfigurationRetriever:142 - IOException on connection: sw-center.st.com
2025-04-26 14:27:49,645 [ERROR] ConfigurationRetriever:142 - IOException on connection: sw-center.st.com
2025-04-26 14:27:49,646 [ERROR] ConfigurationRetriever:142 - IOException on connection: sw-center.st.com
2025-04-26 14:28:12,962 [ERROR] ConfigurationRetriever:142 - IOException on connection: sw-center.st.com
2025-04-26 14:28:12,963 [ERROR] ConfigurationRetriever:142 - IOException on connection: sw-center.st.com
2025-04-26 14:28:12,963 [ERROR] ConfigurationRetriever:142 - IOException on connection: sw-center.st.com
2025-04-26 14:28:31,292 [ERROR] ConfigurationRetriever:142 - IOException on connection: sw-center.st.com
2025-04-26 14:28:31,293 [ERROR] ConfigurationRetriever:142 - IOException on connection: sw-center.st.com
2025-04-26 14:28:31,293 [ERROR] ConfigurationRetriever:142 - IOException on connection: sw-center.st.com
2025-04-26 14:29:11,493 [ERROR] ConfigurationRetriever:142 - IOException on connection: sw-center.st.com
2025-04-26 14:29:11,494 [ERROR] ConfigurationRetriever:142 - IOException on connection: sw-center.st.com
2025-04-26 14:29:11,494 [ERROR] ConfigurationRetriever:142 - IOException on connection: sw-center.st.com
2025-04-26 14:54:06,685 [ERROR] ConfigurationRetriever:142 - IOException on connection: sw-center.st.com
2025-04-26 14:54:06,686 [ERROR] ConfigurationRetriever:142 - IOException on connection: sw-center.st.com
2025-04-26 14:54:06,687 [ERROR] ConfigurationRetriever:142 - IOException on connection: sw-center.st.com
2025-04-26 14:54:10,940 [ERROR] ConfigurationRetriever:142 - IOException on connection: sw-center.st.com
2025-04-26 14:54:10,940 [ERROR] ConfigurationRetriever:142 - IOException on connection: sw-center.st.com
2025-04-26 14:54:10,941 [ERROR] ConfigurationRetriever:142 - IOException on connection: sw-center.st.com
2025-04-26 14:54:29,979 [ERROR] ConfigurationRetriever:142 - IOException on connection: sw-center.st.com
2025-04-26 14:54:29,980 [ERROR] ConfigurationRetriever:142 - IOException on connection: sw-center.st.com
2025-04-26 14:54:29,980 [ERROR] ConfigurationRetriever:142 - IOException on connection: sw-center.st.com
2025-04-26 14:56:28,287 [ERROR] ConfigurationRetriever:142 - IOException on connection: sw-center.st.com
2025-04-26 14:56:28,287 [ERROR] ConfigurationRetriever:142 - IOException on connection: sw-center.st.com
2025-04-26 14:56:28,288 [ERROR] ConfigurationRetriever:142 - IOException on connection: sw-center.st.com
2025-04-26 14:56:31,520 [ERROR] ConfigurationRetriever:142 - IOException on connection: sw-center.st.com
2025-04-26 14:56:31,521 [ERROR] ConfigurationRetriever:142 - IOException on connection: sw-center.st.com
2025-04-26 14:56:31,521 [ERROR] ConfigurationRetriever:142 - IOException on connection: sw-center.st.com
2025-04-26 15:00:25,665 [ERROR] ConfigurationRetriever:142 - IOException on connection: sw-center.st.com
2025-04-26 15:00:25,666 [ERROR] ConfigurationRetriever:142 - IOException on connection: sw-center.st.com
2025-04-26 15:00:25,666 [ERROR] ConfigurationRetriever:142 - IOException on connection: sw-center.st.com
2025-04-26 15:00:28,997 [ERROR] ConfigurationRetriever:142 - IOException on connection: sw-center.st.com
2025-04-26 15:00:28,997 [ERROR] ConfigurationRetriever:142 - IOException on connection: sw-center.st.com
2025-04-26 15:00:28,998 [ERROR] ConfigurationRetriever:142 - IOException on connection: sw-center.st.com
2025-04-26 15:05:01,716 [ERROR] ConfigurationRetriever:142 - IOException on connection: sw-center.st.com
2025-04-26 15:05:01,717 [ERROR] ConfigurationRetriever:142 - IOException on connection: sw-center.st.com
2025-04-26 15:05:01,717 [ERROR] ConfigurationRetriever:142 - IOException on connection: sw-center.st.com
2025-04-26 15:05:06,036 [ERROR] ConfigurationRetriever:142 - IOException on connection: sw-center.st.com
2025-04-26 15:05:06,037 [ERROR] ConfigurationRetriever:142 - IOException on connection: sw-center.st.com
2025-04-26 15:05:06,038 [ERROR] ConfigurationRetriever:142 - IOException on connection: sw-center.st.com
2025-04-26 15:13:26,946 [ERROR] ConfigurationRetriever:142 - IOException on connection: sw-center.st.com
2025-04-26 15:13:26,947 [ERROR] ConfigurationRetriever:142 - IOException on connection: sw-center.st.com
2025-04-26 15:13:26,947 [ERROR] ConfigurationRetriever:142 - IOException on connection: sw-center.st.com
2025-04-26 15:13:31,172 [ERROR] ConfigurationRetriever:142 - IOException on connection: sw-center.st.com
2025-04-26 15:13:31,173 [ERROR] ConfigurationRetriever:142 - IOException on connection: sw-center.st.com
2025-04-26 15:13:31,173 [ERROR] ConfigurationRetriever:142 - IOException on connection: sw-center.st.com
2025-04-26 15:13:46,193 [ERROR] ConfigurationRetriever:142 - IOException on connection: sw-center.st.com
2025-04-26 15:13:46,194 [ERROR] ConfigurationRetriever:142 - IOException on connection: sw-center.st.com
2025-04-26 15:13:46,194 [ERROR] ConfigurationRetriever:142 - IOException on connection: sw-center.st.com
2025-04-26 15:14:11,570 [ERROR] ConfigurationRetriever:142 - IOException on connection: sw-center.st.com
2025-04-26 15:14:11,570 [ERROR] ConfigurationRetriever:142 - IOException on connection: sw-center.st.com
2025-04-26 15:14:11,570 [ERROR] ConfigurationRetriever:142 - IOException on connection: sw-center.st.com
2025-04-26 15:14:54,546 [ERROR] ConfigurationRetriever:142 - IOException on connection: sw-center.st.com
2025-04-26 15:14:54,546 [ERROR] ConfigurationRetriever:142 - IOException on connection: sw-center.st.com
2025-04-26 15:14:54,547 [ERROR] ConfigurationRetriever:142 - IOException on connection: sw-center.st.com
2025-04-26 15:15:01,155 [ERROR] ConfigurationRetriever:142 - IOException on connection: sw-center.st.com
2025-04-26 15:15:01,155 [ERROR] ConfigurationRetriever:142 - IOException on connection: sw-center.st.com
2025-04-26 15:15:01,156 [ERROR] ConfigurationRetriever:142 - IOException on connection: sw-center.st.com
2025-04-26 15:15:16,136 [ERROR] ConfigurationRetriever:142 - IOException on connection: sw-center.st.com
2025-04-26 15:15:16,136 [ERROR] ConfigurationRetriever:142 - IOException on connection: sw-center.st.com
2025-04-26 15:15:16,137 [ERROR] ConfigurationRetriever:142 - IOException on connection: sw-center.st.com
2025-04-26 15:15:51,129 [ERROR] ConfigurationRetriever:142 - IOException on connection: sw-center.st.com
2025-04-26 15:15:51,129 [ERROR] ConfigurationRetriever:142 - IOException on connection: sw-center.st.com
2025-04-26 15:15:51,130 [ERROR] ConfigurationRetriever:142 - IOException on connection: sw-center.st.com
2025-04-26 15:16:13,695 [ERROR] ConfigurationRetriever:142 - IOException on connection: sw-center.st.com
2025-04-26 15:16:13,696 [ERROR] ConfigurationRetriever:142 - IOException on connection: sw-center.st.com
2025-04-26 15:16:13,696 [ERROR] ConfigurationRetriever:142 - IOException on connection: sw-center.st.com
2025-04-26 15:17:16,865 [ERROR] ConfigurationRetriever:142 - IOException on connection: sw-center.st.com
2025-04-26 15:17:16,866 [ERROR] ConfigurationRetriever:142 - IOException on connection: sw-center.st.com
2025-04-26 15:17:16,866 [ERROR] ConfigurationRetriever:142 - IOException on connection: sw-center.st.com
2025-04-26 15:23:19,860 [ERROR] ConfigurationRetriever:142 - IOException on connection: sw-center.st.com
2025-04-26 15:23:19,861 [ERROR] ConfigurationRetriever:142 - IOException on connection: sw-center.st.com
2025-04-26 15:23:19,861 [ERROR] ConfigurationRetriever:142 - IOException on connection: sw-center.st.com
2025-04-26 15:24:48,940 [ERROR] ConfigurationRetriever:142 - IOException on connection: sw-center.st.com
2025-04-26 15:24:48,941 [ERROR] ConfigurationRetriever:142 - IOException on connection: sw-center.st.com
2025-04-26 15:24:48,942 [ERROR] ConfigurationRetriever:142 - IOException on connection: sw-center.st.com
2025-04-26 15:24:57,728 [ERROR] ConfigurationRetriever:142 - IOException on connection: sw-center.st.com
2025-04-26 15:24:57,728 [ERROR] ConfigurationRetriever:142 - IOException on connection: sw-center.st.com
2025-04-26 15:24:57,728 [ERROR] ConfigurationRetriever:142 - IOException on connection: sw-center.st.com
2025-04-26 15:25:12,129 [ERROR] ConfigurationRetriever:142 - IOException on connection: sw-center.st.com
2025-04-26 15:25:12,129 [ERROR] ConfigurationRetriever:142 - IOException on connection: sw-center.st.com
2025-04-26 15:25:12,130 [ERROR] ConfigurationRetriever:142 - IOException on connection: sw-center.st.com
2025-04-26 15:26:33,409 [ERROR] ConfigurationRetriever:142 - IOException on connection: sw-center.st.com
2025-04-26 15:26:33,410 [ERROR] ConfigurationRetriever:142 - IOException on connection: sw-center.st.com
2025-04-26 15:26:33,410 [ERROR] ConfigurationRetriever:142 - IOException on connection: sw-center.st.com
2025-04-26 15:27:10,350 [ERROR] ConfigurationRetriever:142 - IOException on connection: sw-center.st.com
2025-04-26 15:27:10,351 [ERROR] ConfigurationRetriever:142 - IOException on connection: sw-center.st.com
2025-04-26 15:27:10,352 [ERROR] ConfigurationRetriever:142 - IOException on connection: sw-center.st.com
2025-04-26 15:28:44,443 [ERROR] ConfigurationRetriever:142 - IOException on connection: sw-center.st.com
2025-04-26 15:28:44,443 [ERROR] ConfigurationRetriever:142 - IOException on connection: sw-center.st.com
2025-04-26 15:28:44,443 [ERROR] ConfigurationRetriever:142 - IOException on connection: sw-center.st.com
2025-04-26 15:29:44,429 [ERROR] ConfigurationRetriever:142 - IOException on connection: sw-center.st.com
2025-04-26 15:29:44,430 [ERROR] ConfigurationRetriever:142 - IOException on connection: sw-center.st.com
2025-04-26 15:29:44,430 [ERROR] ConfigurationRetriever:142 - IOException on connection: sw-center.st.com
2025-04-26 15:29:47,475 [ERROR] ConfigurationRetriever:142 - IOException on connection: sw-center.st.com
2025-04-26 15:29:47,476 [ERROR] ConfigurationRetriever:142 - IOException on connection: sw-center.st.com
2025-04-26 15:29:47,476 [ERROR] ConfigurationRetriever:142 - IOException on connection: sw-center.st.com
2025-04-26 15:30:45,492 [ERROR] ConfigurationRetriever:142 - IOException on connection: sw-center.st.com
2025-04-26 15:30:45,492 [ERROR] ConfigurationRetriever:142 - IOException on connection: sw-center.st.com
2025-04-26 15:30:45,493 [ERROR] ConfigurationRetriever:142 - IOException on connection: sw-center.st.com
2025-04-26 15:30:48,547 [ERROR] ConfigurationRetriever:142 - IOException on connection: sw-center.st.com
2025-04-26 15:30:48,547 [ERROR] ConfigurationRetriever:142 - IOException on connection: sw-center.st.com
2025-04-26 15:30:48,548 [ERROR] ConfigurationRetriever:142 - IOException on connection: sw-center.st.com
2025-04-26 15:31:46,264 [ERROR] ConfigurationRetriever:142 - IOException on connection: sw-center.st.com
2025-04-26 15:31:46,264 [ERROR] ConfigurationRetriever:142 - IOException on connection: sw-center.st.com
2025-04-26 15:31:46,265 [ERROR] ConfigurationRetriever:142 - IOException on connection: sw-center.st.com
2025-04-26 15:31:48,925 [ERROR] ConfigurationRetriever:142 - IOException on connection: sw-center.st.com
2025-04-26 15:31:48,926 [ERROR] ConfigurationRetriever:142 - IOException on connection: sw-center.st.com
2025-04-26 15:31:48,926 [ERROR] ConfigurationRetriever:142 - IOException on connection: sw-center.st.com
2025-04-26 15:33:44,012 [ERROR] ConfigurationRetriever:142 - IOException on connection: sw-center.st.com
2025-04-26 15:33:44,012 [ERROR] ConfigurationRetriever:142 - IOException on connection: sw-center.st.com
2025-04-26 15:33:44,013 [ERROR] ConfigurationRetriever:142 - IOException on connection: sw-center.st.com
2025-04-26 15:33:48,023 [ERROR] ConfigurationRetriever:142 - IOException on connection: sw-center.st.com
2025-04-26 15:33:48,023 [ERROR] ConfigurationRetriever:142 - IOException on connection: sw-center.st.com
2025-04-26 15:33:48,024 [ERROR] ConfigurationRetriever:142 - IOException on connection: sw-center.st.com
2025-04-26 15:34:11,607 [ERROR] ConfigurationRetriever:142 - IOException on connection: sw-center.st.com
2025-04-26 15:34:11,607 [ERROR] ConfigurationRetriever:142 - IOException on connection: sw-center.st.com
2025-04-26 15:34:11,608 [ERROR] ConfigurationRetriever:142 - IOException on connection: sw-center.st.com
2025-04-26 15:34:37,576 [ERROR] ConfigurationRetriever:142 - IOException on connection: sw-center.st.com
2025-04-26 15:34:37,576 [ERROR] ConfigurationRetriever:142 - IOException on connection: sw-center.st.com
2025-04-26 15:34:37,576 [ERROR] ConfigurationRetriever:142 - IOException on connection: sw-center.st.com
2025-04-26 15:34:40,235 [ERROR] ConfigurationRetriever:142 - IOException on connection: sw-center.st.com
2025-04-26 15:34:40,235 [ERROR] ConfigurationRetriever:142 - IOException on connection: sw-center.st.com
2025-04-26 15:34:40,236 [ERROR] ConfigurationRetriever:142 - IOException on connection: sw-center.st.com
2025-04-26 15:35:11,136 [ERROR] ConfigurationRetriever:142 - IOException on connection: sw-center.st.com
2025-04-26 15:35:11,136 [ERROR] ConfigurationRetriever:142 - IOException on connection: sw-center.st.com
2025-04-26 15:35:11,136 [ERROR] ConfigurationRetriever:142 - IOException on connection: sw-center.st.com
2025-04-26 15:37:03,595 [ERROR] ConfigurationRetriever:142 - IOException on connection: sw-center.st.com
2025-04-26 15:37:03,596 [ERROR] ConfigurationRetriever:142 - IOException on connection: sw-center.st.com
2025-04-26 15:37:03,596 [ERROR] ConfigurationRetriever:142 - IOException on connection: sw-center.st.com
2025-04-26 15:37:20,468 [ERROR] ConfigurationRetriever:142 - IOException on connection: sw-center.st.com
2025-04-26 15:37:20,469 [ERROR] ConfigurationRetriever:142 - IOException on connection: sw-center.st.com
2025-04-26 15:37:20,469 [ERROR] ConfigurationRetriever:142 - IOException on connection: sw-center.st.com
2025-04-26 15:39:49,636 [ERROR] ConfigurationRetriever:142 - IOException on connection: sw-center.st.com
2025-04-26 15:39:49,636 [ERROR] ConfigurationRetriever:142 - IOException on connection: sw-center.st.com
2025-04-26 15:39:49,637 [ERROR] ConfigurationRetriever:142 - IOException on connection: sw-center.st.com
2025-04-26 15:39:53,757 [ERROR] ConfigurationRetriever:142 - IOException on connection: sw-center.st.com
2025-04-26 15:39:53,757 [ERROR] ConfigurationRetriever:142 - IOException on connection: sw-center.st.com
2025-04-26 15:39:53,757 [ERROR] ConfigurationRetriever:142 - IOException on connection: sw-center.st.com
2025-04-26 15:43:48,339 [ERROR] ConfigurationRetriever:142 - IOException on connection: sw-center.st.com
2025-04-26 15:43:48,340 [ERROR] ConfigurationRetriever:142 - IOException on connection: sw-center.st.com
2025-04-26 15:43:48,340 [ERROR] ConfigurationRetriever:142 - IOException on connection: sw-center.st.com
2025-04-26 15:44:50,083 [ERROR] ConfigurationRetriever:142 - IOException on connection: sw-center.st.com
2025-04-26 15:44:50,084 [ERROR] ConfigurationRetriever:142 - IOException on connection: sw-center.st.com
2025-04-26 15:44:50,084 [ERROR] ConfigurationRetriever:142 - IOException on connection: sw-center.st.com
2025-04-26 15:46:20,366 [ERROR] ConfigurationRetriever:142 - IOException on connection: sw-center.st.com
2025-04-26 15:46:20,367 [ERROR] ConfigurationRetriever:142 - IOException on connection: sw-center.st.com
2025-04-26 15:46:20,367 [ERROR] ConfigurationRetriever:142 - IOException on connection: sw-center.st.com
2025-04-26 16:03:14,956 [ERROR] ConfigurationRetriever:142 - IOException on connection: sw-center.st.com
2025-04-26 16:03:14,957 [ERROR] ConfigurationRetriever:142 - IOException on connection: sw-center.st.com
2025-04-26 16:03:14,957 [ERROR] ConfigurationRetriever:142 - IOException on connection: sw-center.st.com
2025-04-26 16:03:20,712 [ERROR] ConfigurationRetriever:142 - IOException on connection: sw-center.st.com
2025-04-26 16:03:20,713 [ERROR] ConfigurationRetriever:142 - IOException on connection: sw-center.st.com
2025-04-26 16:03:20,713 [ERROR] ConfigurationRetriever:142 - IOException on connection: sw-center.st.com
2025-04-26 16:03:44,966 [ERROR] ConfigurationRetriever:142 - IOException on connection: sw-center.st.com
2025-04-26 16:03:44,967 [ERROR] ConfigurationRetriever:142 - IOException on connection: sw-center.st.com
2025-04-26 16:03:44,967 [ERROR] ConfigurationRetriever:142 - IOException on connection: sw-center.st.com
2025-04-26 16:03:59,124 [ERROR] ConfigurationRetriever:142 - IOException on connection: sw-center.st.com
2025-04-26 16:03:59,125 [ERROR] ConfigurationRetriever:142 - IOException on connection: sw-center.st.com
2025-04-26 16:03:59,126 [ERROR] ConfigurationRetriever:142 - IOException on connection: sw-center.st.com
2025-04-26 16:04:53,554 [ERROR] ConfigurationRetriever:142 - IOException on connection: sw-center.st.com
2025-04-26 16:04:53,555 [ERROR] ConfigurationRetriever:142 - IOException on connection: sw-center.st.com
2025-04-26 16:04:53,555 [ERROR] ConfigurationRetriever:142 - IOException on connection: sw-center.st.com
2025-04-26 16:04:56,875 [ERROR] ConfigurationRetriever:142 - IOException on connection: sw-center.st.com
2025-04-26 16:04:56,875 [ERROR] ConfigurationRetriever:142 - IOException on connection: sw-center.st.com
2025-04-26 16:04:56,875 [ERROR] ConfigurationRetriever:142 - IOException on connection: sw-center.st.com
2025-04-26 16:15:58,079 [ERROR] ConfigurationRetriever:142 - IOException on connection: sw-center.st.com
2025-04-26 16:15:58,080 [ERROR] ConfigurationRetriever:142 - IOException on connection: sw-center.st.com
2025-04-26 16:15:58,080 [ERROR] ConfigurationRetriever:142 - IOException on connection: sw-center.st.com
2025-04-26 16:17:39,117 [ERROR] ConfigurationRetriever:142 - IOException on connection: sw-center.st.com
2025-04-26 16:17:39,117 [ERROR] ConfigurationRetriever:142 - IOException on connection: sw-center.st.com
2025-04-26 16:17:39,118 [ERROR] ConfigurationRetriever:142 - IOException on connection: sw-center.st.com
2025-04-26 16:17:54,963 [ERROR] ConfigurationRetriever:142 - IOException on connection: sw-center.st.com
2025-04-26 16:17:54,964 [ERROR] ConfigurationRetriever:142 - IOException on connection: sw-center.st.com
2025-04-26 16:17:54,964 [ERROR] ConfigurationRetriever:142 - IOException on connection: sw-center.st.com
2025-04-26 16:33:00,057 [ERROR] ConfigurationRetriever:142 - IOException on connection: sw-center.st.com
2025-04-26 16:33:00,058 [ERROR] ConfigurationRetriever:142 - IOException on connection: sw-center.st.com
2025-04-26 16:33:00,059 [ERROR] ConfigurationRetriever:142 - IOException on connection: sw-center.st.com
2025-04-26 16:33:52,221 [ERROR] ConfigurationRetriever:142 - IOException on connection: sw-center.st.com
2025-04-26 16:33:52,221 [ERROR] ConfigurationRetriever:142 - IOException on connection: sw-center.st.com
2025-04-26 16:33:52,221 [ERROR] ConfigurationRetriever:142 - IOException on connection: sw-center.st.com
2025-04-26 16:34:07,427 [ERROR] ConfigurationRetriever:142 - IOException on connection: sw-center.st.com
2025-04-26 16:34:07,428 [ERROR] ConfigurationRetriever:142 - IOException on connection: sw-center.st.com
2025-04-26 16:34:07,428 [ERROR] ConfigurationRetriever:142 - IOException on connection: sw-center.st.com
2025-04-26 16:43:59,981 [ERROR] ConfigurationRetriever:142 - IOException on connection: sw-center.st.com
2025-04-26 16:43:59,982 [ERROR] ConfigurationRetriever:142 - IOException on connection: sw-center.st.com
2025-04-26 16:43:59,982 [ERROR] ConfigurationRetriever:142 - IOException on connection: sw-center.st.com
2025-04-26 16:44:02,909 [ERROR] ConfigurationRetriever:142 - IOException on connection: sw-center.st.com
2025-04-26 16:44:02,910 [ERROR] ConfigurationRetriever:142 - IOException on connection: sw-center.st.com
2025-04-26 16:44:02,910 [ERROR] ConfigurationRetriever:142 - IOException on connection: sw-center.st.com
2025-04-26 16:44:21,139 [ERROR] ConfigurationRetriever:142 - IOException on connection: sw-center.st.com
2025-04-26 16:44:21,139 [ERROR] ConfigurationRetriever:142 - IOException on connection: sw-center.st.com
2025-04-26 16:44:21,140 [ERROR] ConfigurationRetriever:142 - IOException on connection: sw-center.st.com
2025-04-26 17:08:40,997 [ERROR] ConfigurationRetriever:142 - IOException on connection: sw-center.st.com
2025-04-26 17:08:40,997 [ERROR] ConfigurationRetriever:142 - IOException on connection: sw-center.st.com
2025-04-26 17:08:40,998 [ERROR] ConfigurationRetriever:142 - IOException on connection: sw-center.st.com
2025-04-26 17:08:54,491 [ERROR] ConfigurationRetriever:142 - IOException on connection: sw-center.st.com
2025-04-26 17:08:54,492 [ERROR] ConfigurationRetriever:142 - IOException on connection: sw-center.st.com
2025-04-26 17:08:54,492 [ERROR] ConfigurationRetriever:142 - IOException on connection: sw-center.st.com
2025-04-26 17:09:14,078 [ERROR] ConfigurationRetriever:142 - IOException on connection: sw-center.st.com
2025-04-26 17:09:14,078 [ERROR] ConfigurationRetriever:142 - IOException on connection: sw-center.st.com
2025-04-26 17:09:14,079 [ERROR] ConfigurationRetriever:142 - IOException on connection: sw-center.st.com
2025-04-26 17:59:23,849 [ERROR] ConfigurationRetriever:142 - IOException on connection: sw-center.st.com
2025-04-26 17:59:23,850 [ERROR] ConfigurationRetriever:142 - IOException on connection: sw-center.st.com
2025-04-26 17:59:23,851 [ERROR] ConfigurationRetriever:142 - IOException on connection: sw-center.st.com
2025-04-26 17:59:26,345 [ERROR] ConfigurationRetriever:142 - IOException on connection: sw-center.st.com
2025-04-26 17:59:26,346 [ERROR] ConfigurationRetriever:142 - IOException on connection: sw-center.st.com
2025-04-26 17:59:26,346 [ERROR] ConfigurationRetriever:142 - IOException on connection: sw-center.st.com
2025-04-26 18:00:10,985 [ERROR] ConfigurationRetriever:142 - IOException on connection: sw-center.st.com
2025-04-26 18:00:10,986 [ERROR] ConfigurationRetriever:142 - IOException on connection: sw-center.st.com
2025-04-26 18:00:10,987 [ERROR] ConfigurationRetriever:142 - IOException on connection: sw-center.st.com
2025-04-26 18:08:11,621 [ERROR] ConfigurationRetriever:142 - IOException on connection: sw-center.st.com
2025-04-26 18:08:11,622 [ERROR] ConfigurationRetriever:142 - IOException on connection: sw-center.st.com
2025-04-26 18:08:11,622 [ERROR] ConfigurationRetriever:142 - IOException on connection: sw-center.st.com
2025-04-26 18:08:15,737 [ERROR] ConfigurationRetriever:142 - IOException on connection: sw-center.st.com
2025-04-26 18:08:15,737 [ERROR] ConfigurationRetriever:142 - IOException on connection: sw-center.st.com
2025-04-26 18:08:15,738 [ERROR] ConfigurationRetriever:142 - IOException on connection: sw-center.st.com
2025-04-26 18:08:59,953 [ERROR] ConfigurationRetriever:142 - IOException on connection: sw-center.st.com
2025-04-26 18:08:59,954 [ERROR] ConfigurationRetriever:142 - IOException on connection: sw-center.st.com
2025-04-26 18:08:59,955 [ERROR] ConfigurationRetriever:142 - IOException on connection: sw-center.st.com
2025-04-26 18:09:02,198 [ERROR] LogOutputStream:75 - [STDERR_REDIRECT] 
