2025-04-30 10:27:40,956 [INFO] Activator:176 - 


2025-04-30 10:27:40,992 [INFO] Activator:177 - !SESSION log4j initialized
2025-04-30 10:28:00,377 [INFO] LogOutputStream:77 - [STDOUT_REDIRECT] 
2025-04-30 10:28:05,550 [INFO] ApplicationProperties:184 - Using Application install path: D:\Program Files\en.st-stm32cubeide_1.16.1_22882_20240916_0822_x86_64.exe\STM32CubeIDE_1.16.1\STM32CubeIDE\plugins\com.st.stm32cube.common.mx_6.12.1.202409122256
2025-04-30 10:28:05,621 [INFO] DbMcusXml:78 - Set database path to: D:\Program Files\en.st-stm32cubeide_1.16.1_22882_20240916_0822_x86_64.exe\STM32CubeIDE_1.16.1\STM32CubeIDE\plugins\com.st.stm32cube.common.mx_6.12.1.202409122256\\db\/mcu/
2025-04-30 10:28:05,622 [INFO] ApiDb:274 - Set plugin database path to: D:\Program Files\en.st-stm32cubeide_1.16.1_22882_20240916_0822_x86_64.exe\STM32CubeIDE_1.16.1\STM32CubeIDE\plugins\com.st.stm32cube.common.mx_6.12.1.202409122256\\db\/plugins/boardmanager/
2025-04-30 10:28:05,622 [WARN] ApiDb:259 - Overriding images path with different value:  => D:\Program Files\en.st-stm32cubeide_1.16.1_22882_20240916_0822_x86_64.exe\STM32CubeIDE_1.16.1\STM32CubeIDE\plugins\com.st.stm32cube.common.mx_6.12.1.202409122256\\db\/plugins/mcufinder/images/
2025-04-30 10:28:05,672 [INFO] ApiDb:250 - Set database path to: C:\Users\ashry\.stmcufinder\plugins\mcufinder//mcu/
2025-04-30 10:28:05,673 [INFO] DbMcusAds:125 - Set database path to: C:\Users\ashry\.stmcufinder\plugins\mcufinder//mcu/
2025-04-30 10:28:05,723 [INFO] CrossReferenceDbSqlite:203 - Set database path to: C:\Users\ashry\.stmcufinder\plugins\mcufinder//mcu/cs/
2025-04-30 10:28:06,126 [INFO] RulesReader:64 - Compatibility file has been processed (297 Rules)
2025-04-30 10:28:06,629 [INFO] DbMcusXml:78 - Set database path to: D:\Program Files\en.st-stm32cubeide_1.16.1_22882_20240916_0822_x86_64.exe\STM32CubeIDE_1.16.1\STM32CubeIDE\plugins\com.st.stm32cube.common.mx_6.12.1.202409122256\\db\/mcu/
2025-04-30 10:28:06,629 [INFO] ApiDb:274 - Set plugin database path to: D:\Program Files\en.st-stm32cubeide_1.16.1_22882_20240916_0822_x86_64.exe\STM32CubeIDE_1.16.1\STM32CubeIDE\plugins\com.st.stm32cube.common.mx_6.12.1.202409122256\\db\/plugins/boardmanager/
2025-04-30 10:28:06,629 [INFO] ApiDb:261 - Set plugin images path to: D:\Program Files\en.st-stm32cubeide_1.16.1_22882_20240916_0822_x86_64.exe\STM32CubeIDE_1.16.1\STM32CubeIDE\plugins\com.st.stm32cube.common.mx_6.12.1.202409122256\\db\/plugins/mcufinder/images/
2025-04-30 10:28:06,629 [WARN] DbFile:41 - Overriding database path with different value: C:\Users\ashry\.stmcufinder\plugins\mcufinder/ => C:\Users\ashry\.stmcufinder\plugins\mcufinder
2025-04-30 10:28:06,630 [INFO] ApiDb:250 - Set database path to: C:\Users\ashry\.stmcufinder\plugins\mcufinder//mcu/
2025-04-30 10:28:06,630 [WARN] DbFile:41 - Overriding database path with different value: C:\Users\ashry\.stmcufinder\plugins\mcufinder/ => C:\Users\ashry\.stmcufinder\plugins\mcufinder
2025-04-30 10:28:06,630 [INFO] DbMcusAds:125 - Set database path to: C:\Users\ashry\.stmcufinder\plugins\mcufinder//mcu/
2025-04-30 10:28:06,630 [WARN] DbFile:41 - Overriding database path with different value: C:\Users\ashry\.stmcufinder\plugins\mcufinder/ => C:\Users\ashry\.stmcufinder\plugins\mcufinder
2025-04-30 10:28:06,630 [WARN] DbFile:41 - Overriding database path with different value: C:\Users\ashry\.stmcufinder\plugins\mcufinder/ => C:\Users\ashry\.stmcufinder\plugins\mcufinder
2025-04-30 10:28:06,630 [INFO] CrossReferenceDbSqlite:203 - Set database path to: C:\Users\ashry\.stmcufinder\plugins\mcufinder//mcu/cs/
2025-04-30 10:28:07,119 [INFO] MainPanel:268 - HeapMemory: 268435456
2025-04-30 10:28:08,049 [INFO] DbMcusXml:78 - Set database path to: D:\Program Files\en.st-stm32cubeide_1.16.1_22882_20240916_0822_x86_64.exe\STM32CubeIDE_1.16.1\STM32CubeIDE\plugins\com.st.stm32cube.common.mx_6.12.1.202409122256\\db\/mcu/
2025-04-30 10:28:08,049 [INFO] ApiDb:274 - Set plugin database path to: D:\Program Files\en.st-stm32cubeide_1.16.1_22882_20240916_0822_x86_64.exe\STM32CubeIDE_1.16.1\STM32CubeIDE\plugins\com.st.stm32cube.common.mx_6.12.1.202409122256\\db\/plugins/boardmanager/
2025-04-30 10:28:08,049 [INFO] ApiDb:261 - Set plugin images path to: D:\Program Files\en.st-stm32cubeide_1.16.1_22882_20240916_0822_x86_64.exe\STM32CubeIDE_1.16.1\STM32CubeIDE\plugins\com.st.stm32cube.common.mx_6.12.1.202409122256\\db\/plugins/mcufinder/images/
2025-04-30 10:28:08,066 [WARN] DbFile:41 - Overriding database path with different value: C:\Users\ashry\.stmcufinder\plugins\mcufinder/ => C:\Users\ashry\.stmcufinder\plugins\mcufinder
2025-04-30 10:28:08,066 [INFO] ApiDb:250 - Set database path to: C:\Users\ashry\.stmcufinder\plugins\mcufinder//mcu/
2025-04-30 10:28:08,066 [WARN] DbFile:41 - Overriding database path with different value: C:\Users\ashry\.stmcufinder\plugins\mcufinder/ => C:\Users\ashry\.stmcufinder\plugins\mcufinder
2025-04-30 10:28:08,066 [INFO] DbMcusAds:125 - Set database path to: C:\Users\ashry\.stmcufinder\plugins\mcufinder//mcu/
2025-04-30 10:28:08,067 [WARN] DbFile:41 - Overriding database path with different value: C:\Users\ashry\.stmcufinder\plugins\mcufinder/ => C:\Users\ashry\.stmcufinder\plugins\mcufinder
2025-04-30 10:28:08,067 [WARN] DbFile:41 - Overriding database path with different value: C:\Users\ashry\.stmcufinder\plugins\mcufinder/ => C:\Users\ashry\.stmcufinder\plugins\mcufinder
2025-04-30 10:28:08,067 [INFO] CrossReferenceDbSqlite:203 - Set database path to: C:\Users\ashry\.stmcufinder\plugins\mcufinder//mcu/cs/
2025-04-30 10:28:08,135 [INFO] ApplicationProperties:184 - Using Application install path: D:\Program Files\en.st-stm32cubeide_1.16.1_22882_20240916_0822_x86_64.exe\STM32CubeIDE_1.16.1\STM32CubeIDE\plugins\com.st.stm32cube.common.mx_6.12.1.202409122256
2025-04-30 10:28:08,144 [INFO] PluginManage:196 - Search for loadable plugins [exclusion list=, ]
2025-04-30 10:28:08,158 [INFO] PluginManage:310 - Check plugin analytics
2025-04-30 10:28:08,693 [INFO] AnalyticsPlugin:253 - Accepted Software Licenses: STM32CubeMX.6.14.0
2025-04-30 10:28:08,693 [INFO] AnalyticsPlugin:255 - Accepted CMSIS Pack Licenses: 
2025-04-30 10:28:08,694 [INFO] AnalyticsPlugin:257 - Accepted Firmware Licenses: FW.F4.1.28.0
2025-04-30 10:28:08,698 [INFO] PluginManage:359 - Loaded plugin analytics (category:tool,tabindex:-1)
2025-04-30 10:28:08,698 [INFO] PluginManage:310 - Check plugin cadmodel
2025-04-30 10:28:08,752 [INFO] CADModel:105 - Init CAD model plugin
2025-04-30 10:28:08,752 [INFO] PluginManage:359 - Loaded plugin cadmodel (category:power,tabindex:5)
2025-04-30 10:28:08,753 [INFO] PluginManage:310 - Check plugin clock
2025-04-30 10:28:08,871 [INFO] PluginManage:359 - Loaded plugin clock (category:base,tabindex:2)
2025-04-30 10:28:08,872 [INFO] PluginManage:310 - Check plugin ddr
2025-04-30 10:28:08,928 [INFO] PluginManage:359 - Loaded plugin ddr (category:tool,tabindex:6)
2025-04-30 10:28:08,928 [INFO] PluginManage:310 - Check plugin filemanager
2025-04-30 10:28:09,558 [INFO] PluginManage:359 - Loaded plugin filemanager (category:base,tabindex:10)
2025-04-30 10:28:09,558 [INFO] PluginManage:310 - Check plugin ipmanager
2025-04-30 10:28:09,735 [INFO] PluginManage:359 - Loaded plugin ipmanager (category:base,tabindex:5)
2025-04-30 10:28:09,736 [INFO] PluginManage:310 - Check plugin lpbam
2025-04-30 10:28:09,781 [INFO] PluginManage:359 - Loaded plugin lpbam (category:base,tabindex:0)
2025-04-30 10:28:09,781 [INFO] PluginManage:310 - Check plugin memorymap
2025-04-30 10:28:09,937 [INFO] PluginManage:359 - Loaded plugin memorymap (category:base,tabindex:4)
2025-04-30 10:28:09,937 [INFO] PluginManage:310 - Check plugin pinoutandconfiguration
2025-04-30 10:28:10,017 [INFO] PluginManage:359 - Loaded plugin pinoutandconfiguration (category:base,tabindex:1)
2025-04-30 10:28:10,017 [INFO] PluginManage:310 - Check plugin pinoutconfig
2025-04-30 10:28:10,343 [WARN] SupportedApi:132 - Cannot load RTOS API schema: s4s-elt-must-match.1: The content of 'definitions' must match (annotation?, (simpleType | complexType)?, (unique | key | keyref)*)). A problem was found starting at: attribute.
2025-04-30 10:28:10,886 [INFO] PluginManage:359 - Loaded plugin pinoutconfig (category:base,tabindex:0)
2025-04-30 10:28:10,886 [INFO] PluginManage:310 - Check plugin power
2025-04-30 10:28:11,036 [INFO] PluginManage:359 - Loaded plugin power (category:power,tabindex:4)
2025-04-30 10:28:11,036 [INFO] PluginManage:310 - Check plugin projectmanager
2025-04-30 10:28:11,067 [INFO] PluginManage:359 - Loaded plugin projectmanager (category:projectmanager,tabindex:4)
2025-04-30 10:28:11,067 [INFO] PluginManage:310 - Check plugin rif
2025-04-30 10:28:11,136 [INFO] PluginManage:359 - Loaded plugin rif (category:base,tabindex:3)
2025-04-30 10:28:11,136 [INFO] PluginManage:310 - Check plugin thirdparty
2025-04-30 10:28:11,716 [INFO] PluginManage:359 - Loaded plugin thirdparty (category:base,tabindex:-1)
2025-04-30 10:28:11,716 [WARN] IntegrityCheckThread:84 - waiting for thirdparty lock release [integrity check]
2025-04-30 10:28:11,717 [INFO] IntegrityCheckThread:86 - entering critical section [integrity check]
2025-04-30 10:28:11,717 [INFO] PluginManage:310 - Check plugin tools
2025-04-30 10:28:11,717 [INFO] ThirdPartyUpdaterWithRetryManager:70 - Updater plugin not ready yet. [1/15]
2025-04-30 10:28:11,742 [INFO] PluginManage:359 - Loaded plugin tools (category:base,tabindex:7)
2025-04-30 10:28:11,742 [INFO] PluginManage:310 - Check plugin tutovideos
2025-04-30 10:28:12,180 [INFO] PluginManage:359 - Loaded plugin tutovideos (category:base,tabindex:-1)
2025-04-30 10:28:12,181 [INFO] PluginManage:310 - Check plugin updater
2025-04-30 10:28:12,262 [INFO] PluginManage:359 - Loaded plugin updater (category:base,tabindex:12)
2025-04-30 10:28:12,262 [INFO] PluginManage:310 - Check plugin userauth
2025-04-30 10:28:12,287 [INFO] UserAuth:113 - Init User Auth plugin
2025-04-30 10:28:12,287 [INFO] PluginManage:359 - Loaded plugin userauth (category:base,tabindex:14)
2025-04-30 10:28:12,288 [INFO] PluginManage:283 - PluginManage : Loaded plugins [18]
2025-04-30 10:28:13,008 [INFO] PinOutPanel:1561 - setPackage(No Configuration,No Configuration)
2025-04-30 10:28:13,306 [INFO] CADModel:165 - CPN selected for project level
2025-04-30 10:28:13,306 [INFO] CADModel:114 - Register for checkConnection events
2025-04-30 10:28:13,394 [INFO] IPUIPlugin:80 - create IPUIPlugin
2025-04-30 10:28:13,394 [INFO] PluginManager:220 - loadIPPluginJar : add adc
2025-04-30 10:28:13,414 [INFO] IPUIPlugin:80 - create IPUIPlugin
2025-04-30 10:28:13,414 [INFO] PluginManager:220 - loadIPPluginJar : add aes
2025-04-30 10:28:13,444 [INFO] IPUIPlugin:80 - create IPUIPlugin
2025-04-30 10:28:13,444 [INFO] PluginManager:220 - loadIPPluginJar : add can
2025-04-30 10:28:13,457 [INFO] IPUIPlugin:80 - create IPUIPlugin
2025-04-30 10:28:13,457 [INFO] PluginManager:220 - loadIPPluginJar : add comp
2025-04-30 10:28:13,491 [INFO] IPUIPlugin:80 - create IPUIPlugin
2025-04-30 10:28:13,491 [INFO] PluginManager:220 - loadIPPluginJar : add cryp
2025-04-30 10:28:13,599 [INFO] IPUIPlugin:80 - create IPUIPlugin
2025-04-30 10:28:13,599 [INFO] PluginManager:220 - loadIPPluginJar : add ddr_ctrl_phy
2025-04-30 10:28:13,646 [INFO] IPUIPlugin:80 - create IPUIPlugin
2025-04-30 10:28:13,646 [INFO] PluginManager:220 - loadIPPluginJar : add dfsdm
2025-04-30 10:28:13,689 [INFO] IPUIPlugin:80 - create IPUIPlugin
2025-04-30 10:28:13,690 [INFO] PluginManager:220 - loadIPPluginJar : add dma
2025-04-30 10:28:13,734 [INFO] IPUIPlugin:80 - create IPUIPlugin
2025-04-30 10:28:13,734 [INFO] PluginManager:220 - loadIPPluginJar : add dma3
2025-04-30 10:28:13,758 [INFO] IPUIPlugin:80 - create IPUIPlugin
2025-04-30 10:28:13,758 [INFO] PluginManager:220 - loadIPPluginJar : add extmemmanager
2025-04-30 10:28:13,776 [INFO] IPUIPlugin:80 - create IPUIPlugin
2025-04-30 10:28:13,776 [INFO] PluginManager:220 - loadIPPluginJar : add fatfs
2025-04-30 10:28:13,797 [INFO] IPUIPlugin:80 - create IPUIPlugin
2025-04-30 10:28:13,797 [INFO] PluginManager:220 - loadIPPluginJar : add fmc
2025-04-30 10:28:13,829 [INFO] IPUIPlugin:80 - create IPUIPlugin
2025-04-30 10:28:13,830 [INFO] PluginManager:220 - loadIPPluginJar : add freertos
2025-04-30 10:28:13,844 [INFO] IPUIPlugin:80 - create IPUIPlugin
2025-04-30 10:28:13,844 [INFO] PluginManager:220 - loadIPPluginJar : add genericplugin
2025-04-30 10:28:13,880 [INFO] IPUIPlugin:80 - create IPUIPlugin
2025-04-30 10:28:13,880 [INFO] PluginManager:220 - loadIPPluginJar : add gfxmmu
2025-04-30 10:28:13,904 [INFO] IPUIPlugin:80 - create IPUIPlugin
2025-04-30 10:28:13,904 [INFO] PluginManager:220 - loadIPPluginJar : add gic
2025-04-30 10:28:13,940 [INFO] IPUIPlugin:80 - create IPUIPlugin
2025-04-30 10:28:13,940 [INFO] PluginManager:220 - loadIPPluginJar : add gpio
2025-04-30 10:28:13,970 [INFO] IPUIPlugin:80 - create IPUIPlugin
2025-04-30 10:28:13,970 [INFO] PluginManager:220 - loadIPPluginJar : add gtzc
2025-04-30 10:28:13,990 [INFO] IPUIPlugin:80 - create IPUIPlugin
2025-04-30 10:28:13,990 [INFO] PluginManager:220 - loadIPPluginJar : add hash
2025-04-30 10:28:14,010 [INFO] IPUIPlugin:80 - create IPUIPlugin
2025-04-30 10:28:14,010 [INFO] PluginManager:220 - loadIPPluginJar : add i2c
2025-04-30 10:28:14,031 [INFO] IPUIPlugin:80 - create IPUIPlugin
2025-04-30 10:28:14,031 [INFO] PluginManager:220 - loadIPPluginJar : add i2s
2025-04-30 10:28:14,050 [INFO] IPUIPlugin:80 - create IPUIPlugin
2025-04-30 10:28:14,050 [INFO] PluginManager:220 - loadIPPluginJar : add i3c
2025-04-30 10:28:14,069 [INFO] IPUIPlugin:80 - create IPUIPlugin
2025-04-30 10:28:14,070 [INFO] PluginManager:220 - loadIPPluginJar : add ipddr
2025-04-30 10:28:14,155 [INFO] IPUIPlugin:80 - create IPUIPlugin
2025-04-30 10:28:14,156 [INFO] PluginManager:220 - loadIPPluginJar : add linkedlist
2025-04-30 10:28:14,177 [INFO] IPUIPlugin:80 - create IPUIPlugin
2025-04-30 10:28:14,177 [INFO] PluginManager:220 - loadIPPluginJar : add lorawan
2025-04-30 10:28:14,208 [INFO] IPUIPlugin:80 - create IPUIPlugin
2025-04-30 10:28:14,208 [INFO] PluginManager:220 - loadIPPluginJar : add ltdc
2025-04-30 10:28:14,255 [INFO] IPUIPlugin:80 - create IPUIPlugin
2025-04-30 10:28:14,255 [INFO] PluginManager:220 - loadIPPluginJar : add mdma
2025-04-30 10:28:14,301 [INFO] IPUIPlugin:80 - create IPUIPlugin
2025-04-30 10:28:14,302 [INFO] PluginManager:220 - loadIPPluginJar : add nvic
2025-04-30 10:28:14,333 [INFO] IPUIPlugin:80 - create IPUIPlugin
2025-04-30 10:28:14,333 [INFO] PluginManager:220 - loadIPPluginJar : add opamp
2025-04-30 10:28:14,370 [INFO] IPUIPlugin:80 - create IPUIPlugin
2025-04-30 10:28:14,370 [INFO] PluginManager:220 - loadIPPluginJar : add openamp
2025-04-30 10:28:14,403 [INFO] IPUIPlugin:80 - create IPUIPlugin
2025-04-30 10:28:14,403 [INFO] PluginManager:220 - loadIPPluginJar : add pdm2pcm
2025-04-30 10:28:14,452 [INFO] IPUIPlugin:80 - create IPUIPlugin
2025-04-30 10:28:14,458 [INFO] PluginManager:220 - loadIPPluginJar : add plateformsettings
2025-04-30 10:28:14,470 [INFO] IPUIPlugin:80 - create IPUIPlugin
2025-04-30 10:28:14,470 [INFO] PluginManager:220 - loadIPPluginJar : add quadspi
2025-04-30 10:28:14,497 [INFO] IPUIPlugin:80 - create IPUIPlugin
2025-04-30 10:28:14,497 [INFO] PluginManager:220 - loadIPPluginJar : add radio
2025-04-30 10:28:14,591 [INFO] IPUIPlugin:80 - create IPUIPlugin
2025-04-30 10:28:14,591 [INFO] PluginManager:220 - loadIPPluginJar : add resmgrutility
2025-04-30 10:28:14,627 [INFO] IPUIPlugin:80 - create IPUIPlugin
2025-04-30 10:28:14,628 [INFO] PluginManager:220 - loadIPPluginJar : add sai
2025-04-30 10:28:14,655 [INFO] IPUIPlugin:80 - create IPUIPlugin
2025-04-30 10:28:14,655 [INFO] PluginManager:220 - loadIPPluginJar : add spi
2025-04-30 10:28:14,688 [INFO] IPUIPlugin:80 - create IPUIPlugin
2025-04-30 10:28:14,689 [INFO] PluginManager:220 - loadIPPluginJar : add stm32_wpan
2025-04-30 10:28:14,717 [INFO] ThirdPartyUpdaterWithRetryManager:70 - Updater plugin not ready yet. [2/15]
2025-04-30 10:28:14,718 [INFO] IPUIPlugin:80 - create IPUIPlugin
2025-04-30 10:28:14,719 [INFO] PluginManager:220 - loadIPPluginJar : add tim
2025-04-30 10:28:14,741 [INFO] IPUIPlugin:80 - create IPUIPlugin
2025-04-30 10:28:14,742 [INFO] PluginManager:220 - loadIPPluginJar : add touchsensing
2025-04-30 10:28:14,763 [INFO] IPUIPlugin:80 - create IPUIPlugin
2025-04-30 10:28:14,763 [INFO] PluginManager:220 - loadIPPluginJar : add tracer_emb
2025-04-30 10:28:14,783 [INFO] IPUIPlugin:80 - create IPUIPlugin
2025-04-30 10:28:14,784 [INFO] PluginManager:220 - loadIPPluginJar : add ts
2025-04-30 10:28:14,806 [INFO] IPUIPlugin:80 - create IPUIPlugin
2025-04-30 10:28:14,807 [INFO] PluginManager:220 - loadIPPluginJar : add tsc
2025-04-30 10:28:14,828 [INFO] IPUIPlugin:80 - create IPUIPlugin
2025-04-30 10:28:14,828 [INFO] PluginManager:220 - loadIPPluginJar : add ucpd
2025-04-30 10:28:14,850 [INFO] IPUIPlugin:80 - create IPUIPlugin
2025-04-30 10:28:14,850 [INFO] PluginManager:220 - loadIPPluginJar : add usart
2025-04-30 10:28:14,872 [INFO] IPUIPlugin:80 - create IPUIPlugin
2025-04-30 10:28:14,872 [INFO] PluginManager:220 - loadIPPluginJar : add usbx
2025-04-30 10:28:15,069 [INFO] CADModel:165 - CPN selected for project level
2025-04-30 10:28:15,069 [INFO] CADModel:114 - Register for checkConnection events
2025-04-30 10:28:15,070 [FATAL] Updater:334 - Updater called before beeing initialized
2025-04-30 10:28:15,071 [ERROR] CADModel:125 - Updater not yet initialized, retry later 
2025-04-30 10:28:15,754 [INFO] CADModel:165 - CPN selected for project level
2025-04-30 10:28:15,754 [INFO] CADModel:114 - Register for checkConnection events
2025-04-30 10:28:15,754 [FATAL] Updater:334 - Updater called before beeing initialized
2025-04-30 10:28:15,754 [ERROR] CADModel:125 - Updater not yet initialized, retry later 
2025-04-30 10:28:15,758 [FATAL] Updater:334 - Updater called before beeing initialized
2025-04-30 10:28:15,965 [FATAL] Updater:334 - Updater called before beeing initialized
2025-04-30 10:28:15,971 [INFO] DbMcusAds:53 - JSON generation date=Thu Mar 06 16:54:22 EET 2025 (1741272862204)
2025-04-30 10:28:15,972 [FATAL] Updater:334 - Updater called before beeing initialized
2025-04-30 10:28:16,219 [WARN] DetailPanel:346 - Failed to get advertising image, set to default
2025-04-30 10:28:16,353 [FATAL] Updater:334 - Updater called before beeing initialized
2025-04-30 10:28:16,355 [FATAL] Updater:334 - Updater called before beeing initialized
2025-04-30 10:28:16,355 [FATAL] Updater:334 - Updater called before beeing initialized
2025-04-30 10:28:16,355 [WARN] DetailPanel:346 - Failed to get advertising image, set to default
2025-04-30 10:28:16,356 [FATAL] Updater:334 - Updater called before beeing initialized
2025-04-30 10:28:16,506 [ERROR] Updater:1164 - MainUpdater not yet initialized. External WinMGr cannot be set.
2025-04-30 10:28:16,527 [INFO] Updater:1100 - Updater Version found : 6.12.1
2025-04-30 10:28:16,600 [INFO] ApplicationProperties:184 - Using Application install path: D:\Program Files\en.st-stm32cubeide_1.16.1_22882_20240916_0822_x86_64.exe\STM32CubeIDE_1.16.1\STM32CubeIDE\plugins\com.st.stm32cube.common.mx_6.12.1.202409122256
2025-04-30 10:28:17,718 [INFO] ThirdPartyUpdaterWithRetryManager:70 - Updater plugin not ready yet. [3/15]
2025-04-30 10:28:18,185 [ERROR] LogOutputStream:75 - [STDERR_REDIRECT] Apr 30, 2025 10:28:18 AM java.util.prefs.WindowsPreferences <init>
2025-04-30 10:28:18,187 [ERROR] LogOutputStream:75 - [STDERR_REDIRECT] WARNING: Could not open/create prefs root node Software\JavaSoft\Prefs at root 0xffffffff80000002. Windows RegCreateKeyEx(...) returned error code 5.
2025-04-30 10:28:18,187 [ERROR] LogOutputStream:75 - [STDERR_REDIRECT] 
2025-04-30 10:28:19,020 [INFO] MainUpdater:2873 - connection check result : 10
2025-04-30 10:28:19,021 [INFO] MainUpdater:3567 - Updater definition file requires update
2025-04-30 10:28:19,023 [INFO] MainUpdater:290 - Updater Check For Update Now.
2025-04-30 10:28:19,023 [INFO] MicroXplorer:498 - Change Database Version : DB.6.0.121
2025-04-30 10:28:19,040 [INFO] McuFinderGlobals:63 - Set McuFinder mode to 2 (CubeIDE integrated)
2025-04-30 10:28:19,040 [INFO] UserAuth:179 - activating auth plugin
2025-04-30 10:28:19,053 [INFO] UserAuth:417 - Internet connection configuration mode: 1
2025-04-30 10:28:19,269 [INFO] JxBrowserEngine:152 - Initiate JxBrowser Engine with user profile folder
2025-04-30 10:28:19,314 [INFO] ServerAccessManage:473 - Download File updaters.zip
2025-04-30 10:28:19,581 [INFO] FileExtend:240 - Unzip File : updaters.zip
2025-04-30 10:28:19,581 [INFO] FileExtend:255 - Standard Zip Deflate
2025-04-30 10:28:20,281 [INFO] ServerAccessManage:473 - Download File PacksControlFlags.xml
2025-04-30 10:28:20,558 [INFO] ServerAccessManage:473 - Download File cubemx.pidx
2025-04-30 10:28:20,718 [WARN] MainUpdater:1194 - Updater busy. Cannot search thirdparties
2025-04-30 10:28:20,718 [INFO] ThirdPartyUpdaterWithRetryManager:96 - Updater plugin is busy. [1/15]
2025-04-30 10:28:20,929 [INFO] LoadServerUpdatesThread:375 - End of LoadServerUpdate Thread
2025-04-30 10:28:21,141 [INFO] CheckServerUpdateThread:120 - End of CheckServer Thread
2025-04-30 10:28:22,973 [INFO] WebApp:167 - Instantiating new browser for Auth
2025-04-30 10:28:24,200 [WARN] PackLoader:240 - Cannot read IP mode file for STMicroelectronics.FP-SNS-MOTENVWB1.1.4.0
2025-04-30 10:28:24,213 [WARN] PackLoader:240 - Cannot read IP mode file for STMicroelectronics.FP-ATR-ASTRA1.2.0.2
2025-04-30 10:28:24,220 [WARN] PackLoader:240 - Cannot read IP mode file for STMicroelectronics.FP-ATR-ASTRA1.2.0.1
2025-04-30 10:28:24,232 [WARN] PackLoader:240 - Cannot read IP mode file for STMicroelectronics.X-CUBE-SMBUS.2.1.0
2025-04-30 10:28:24,246 [WARN] PackLoader:240 - Cannot read IP mode file for STMicroelectronics.X-CUBE-WB05N.1.1.0
2025-04-30 10:28:24,300 [WARN] PackLoader:240 - Cannot read IP mode file for STMicroelectronics.X-CUBE-AZRTOS-F7.1.1.0
2025-04-30 10:28:24,314 [WARN] PackLoader:240 - Cannot read IP mode file for STMicroelectronics.FP-SNS-FLIGHT1.5.0.2
2025-04-30 10:28:24,363 [WARN] PackLoader:240 - Cannot read IP mode file for Infineon.AIROC-Wi-Fi-Bluetooth-STM32.1.7.0
2025-04-30 10:28:24,388 [WARN] PackLoader:240 - Cannot read IP mode file for STMicroelectronics.X-CUBE-DISPLAY.3.0.0
2025-04-30 10:28:24,411 [WARN] PackLoader:240 - Cannot read IP mode file for STMicroelectronics.X-CUBE-BLE1.7.0.0
2025-04-30 10:28:24,426 [WARN] PackLoader:240 - Cannot read IP mode file for STMicroelectronics.X-CUBE-NFC10.1.0.0
2025-04-30 10:28:24,456 [WARN] PackLoader:240 - Cannot read IP mode file for STMicroelectronics.X-CUBE-BLEMGR.4.0.0
2025-04-30 10:28:24,479 [WARN] PackLoader:240 - Cannot read IP mode file for emotas.I-CUBE-CANOPEN.1.3.0
2025-04-30 10:28:24,485 [WARN] PackLoader:240 - Cannot read IP mode file for STMicroelectronics.X-CUBE-AI.10.0.0
2025-04-30 10:28:24,498 [WARN] PackLoader:240 - Cannot read IP mode file for STMicroelectronics.FP-SNS-SMARTAG2.1.2.0
2025-04-30 10:28:24,504 [ERROR] Engine:466 - C:\Users\ashry\.stm32cubemx\thirdparties\pdsc\STMicroelectronics.FP-SNS-FLIGHT1.5.1.0.pdsc: PDSC version is not supported
2025-04-30 10:28:24,580 [WARN] PackLoader:240 - Cannot read IP mode file for STMicroelectronics.X-CUBE-MEMS1.11.1.0
2025-04-30 10:28:24,840 [INFO] LogOutputStream:77 - [STDOUT_REDIRECT] 1 : Invalid condition id : UX_CORESTACK_Condition cause : null
2025-04-30 10:28:24,841 [INFO] LogOutputStream:77 - [STDOUT_REDIRECT] 1 : Invalid condition id : UX_CORESTACK_Condition cause : null
2025-04-30 10:28:24,843 [INFO] LogOutputStream:77 - [STDOUT_REDIRECT] 1 : Invalid condition id : UX_CORESTACK_Condition cause : null
2025-04-30 10:28:24,847 [INFO] LogOutputStream:77 - [STDOUT_REDIRECT] 1 : Invalid condition id : UX_CORESTACK_Condition cause : null
2025-04-30 10:28:24,851 [INFO] LogOutputStream:77 - [STDOUT_REDIRECT] 1 : Invalid condition id : UX_CORESTACK_Condition cause : null
2025-04-30 10:28:24,857 [WARN] PackLoader:240 - Cannot read IP mode file for STMicroelectronics.X-CUBE-AZRTOS-WL.2.0.0
2025-04-30 10:28:24,869 [WARN] PackLoader:240 - Cannot read IP mode file for STMicroelectronics.FP-SNS-MOTENV1.5.0.0
2025-04-30 10:28:24,882 [WARN] PackLoader:240 - Cannot read IP mode file for wolfSSL.I-CUBE-wolfMQTT.1.19.0
2025-04-30 10:28:24,895 [WARN] PackLoader:240 - Cannot read IP mode file for WES.I-CUBE-Cesium.1.3.0
2025-04-30 10:28:24,906 [WARN] PackLoader:240 - Cannot read IP mode file for STMicroelectronics.X-CUBE-BLE2.3.3.0
2025-04-30 10:28:24,922 [WARN] PackLoader:240 - Cannot read IP mode file for STMicroelectronics.X-CUBE-NFC9.1.0.0
2025-04-30 10:28:24,932 [WARN] PackLoader:240 - Cannot read IP mode file for STMicroelectronics.X-CUBE-BLE1.7.1.0
2025-04-30 10:28:25,024 [WARN] PackLoader:240 - Cannot read IP mode file for STMicroelectronics.X-CUBE-MEMS1.11.2.0
2025-04-30 10:28:25,041 [INFO] WebApp:448 - Apply proxy settings
2025-04-30 10:28:25,042 [INFO] WebApp:533 - Chromium requires no authentication
2025-04-30 10:28:25,081 [INFO] WebApp:476 - Direct internet connection detected
2025-04-30 10:28:25,171 [INFO] WebApp:869 - Register for checkConnection events
2025-04-30 10:28:25,171 [INFO] WebApp:448 - Apply proxy settings
2025-04-30 10:28:25,171 [INFO] WebApp:533 - Chromium requires no authentication
2025-04-30 10:28:25,172 [INFO] WebApp:476 - Direct internet connection detected
2025-04-30 10:28:25,217 [WARN] PackLoader:240 - Cannot read IP mode file for STMicroelectronics.X-CUBE-AZRTOS-G0.1.1.0
2025-04-30 10:28:25,228 [WARN] PackLoader:240 - Cannot read IP mode file for STMicroelectronics.X-CUBE-SAFEA1.1.2.2
2025-04-30 10:28:25,249 [WARN] PackLoader:240 - Cannot read IP mode file for STMicroelectronics.X-CUBE-NFC4.3.0.0
2025-04-30 10:28:25,275 [WARN] PackLoader:240 - Cannot read IP mode file for EmbeddedOffice.I-CUBE-FS-RTOS.1.0.1
2025-04-30 10:28:25,275 [ERROR] ConditionMgr:805 - Attr not supported : Dmpu
2025-04-30 10:28:25,275 [ERROR] ConditionMgr:805 - Attr not supported : Dmpu
2025-04-30 10:28:25,276 [ERROR] ConditionMgr:805 - Attr not supported : Dmpu
2025-04-30 10:28:25,276 [ERROR] ConditionMgr:805 - Attr not supported : Dmpu
2025-04-30 10:28:25,276 [ERROR] ConditionMgr:805 - Attr not supported : Dmpu
2025-04-30 10:28:25,276 [ERROR] ConditionMgr:805 - Attr not supported : Dmpu
2025-04-30 10:28:25,276 [ERROR] ConditionMgr:805 - Attr not supported : Dmpu
2025-04-30 10:28:25,276 [ERROR] ConditionMgr:805 - Attr not supported : Dmpu
2025-04-30 10:28:25,276 [ERROR] ConditionMgr:805 - Attr not supported : Dmpu
2025-04-30 10:28:25,276 [ERROR] ConditionMgr:805 - Attr not supported : Dmpu
2025-04-30 10:28:25,276 [ERROR] ConditionMgr:805 - Attr not supported : Dmpu
2025-04-30 10:28:25,276 [ERROR] ConditionMgr:805 - Attr not supported : Dmpu
2025-04-30 10:28:25,276 [ERROR] ConditionMgr:805 - Attr not supported : Dmpu
2025-04-30 10:28:25,276 [ERROR] ConditionMgr:805 - Attr not supported : Dmpu
2025-04-30 10:28:25,276 [ERROR] ConditionMgr:805 - Attr not supported : Dmpu
2025-04-30 10:28:25,277 [ERROR] ConditionMgr:805 - Attr not supported : Dmpu
2025-04-30 10:28:25,277 [ERROR] ConditionMgr:805 - Attr not supported : Dmpu
2025-04-30 10:28:25,277 [ERROR] ConditionMgr:805 - Attr not supported : Dmpu
2025-04-30 10:28:25,277 [ERROR] ConditionMgr:805 - Attr not supported : Dmpu
2025-04-30 10:28:25,277 [ERROR] ConditionMgr:805 - Attr not supported : Dmpu
2025-04-30 10:28:25,277 [ERROR] ConditionMgr:805 - Attr not supported : Dmpu
2025-04-30 10:28:25,277 [ERROR] ConditionMgr:805 - Attr not supported : Dmpu
2025-04-30 10:28:25,277 [ERROR] ConditionMgr:805 - Attr not supported : Dmpu
2025-04-30 10:28:25,277 [ERROR] ConditionMgr:805 - Attr not supported : Dmpu
2025-04-30 10:28:25,277 [ERROR] ConditionMgr:805 - Attr not supported : Dmpu
2025-04-30 10:28:25,278 [ERROR] ConditionMgr:805 - Attr not supported : Dmpu
2025-04-30 10:28:25,278 [ERROR] ConditionMgr:805 - Attr not supported : Dmpu
2025-04-30 10:28:25,278 [ERROR] ConditionMgr:805 - Attr not supported : Dmpu
2025-04-30 10:28:25,278 [ERROR] ConditionMgr:805 - Attr not supported : Dmpu
2025-04-30 10:28:25,278 [ERROR] ConditionMgr:805 - Attr not supported : Dmpu
2025-04-30 10:28:25,278 [ERROR] ConditionMgr:805 - Attr not supported : Dmpu
2025-04-30 10:28:25,278 [ERROR] ConditionMgr:805 - Attr not supported : Dmpu
2025-04-30 10:28:25,278 [ERROR] ConditionMgr:805 - Attr not supported : Dmpu
2025-04-30 10:28:25,278 [ERROR] ConditionMgr:805 - Attr not supported : Dmpu
2025-04-30 10:28:25,278 [ERROR] ConditionMgr:805 - Attr not supported : Dmpu
2025-04-30 10:28:25,278 [ERROR] ConditionMgr:805 - Attr not supported : Dmpu
2025-04-30 10:28:25,279 [ERROR] ConditionMgr:805 - Attr not supported : Dmpu
2025-04-30 10:28:25,279 [ERROR] ConditionMgr:805 - Attr not supported : Dmpu
2025-04-30 10:28:25,279 [ERROR] ConditionMgr:805 - Attr not supported : Dmpu
2025-04-30 10:28:25,279 [ERROR] ConditionMgr:805 - Attr not supported : Dmpu
2025-04-30 10:28:25,279 [ERROR] ConditionMgr:805 - Attr not supported : Dmpu
2025-04-30 10:28:25,279 [ERROR] ConditionMgr:805 - Attr not supported : Dmpu
2025-04-30 10:28:25,279 [ERROR] ConditionMgr:805 - Attr not supported : Dmpu
2025-04-30 10:28:25,279 [ERROR] ConditionMgr:805 - Attr not supported : Dmpu
2025-04-30 10:28:25,279 [ERROR] ConditionMgr:805 - Attr not supported : Dmpu
2025-04-30 10:28:25,280 [ERROR] ConditionMgr:805 - Attr not supported : Dmpu
2025-04-30 10:28:25,280 [ERROR] ConditionMgr:805 - Attr not supported : Dmpu
2025-04-30 10:28:25,280 [ERROR] ConditionMgr:805 - Attr not supported : Dmpu
2025-04-30 10:28:25,280 [ERROR] ConditionMgr:805 - Attr not supported : Dmpu
2025-04-30 10:28:25,280 [ERROR] ConditionMgr:805 - Attr not supported : Dmpu
2025-04-30 10:28:25,280 [ERROR] ConditionMgr:805 - Attr not supported : Dmpu
2025-04-30 10:28:25,280 [ERROR] ConditionMgr:805 - Attr not supported : Dmpu
2025-04-30 10:28:25,280 [ERROR] ConditionMgr:805 - Attr not supported : Dmpu
2025-04-30 10:28:25,280 [ERROR] ConditionMgr:805 - Attr not supported : Dmpu
2025-04-30 10:28:25,280 [ERROR] ConditionMgr:805 - Attr not supported : Dmpu
2025-04-30 10:28:25,280 [ERROR] ConditionMgr:805 - Attr not supported : Dmpu
2025-04-30 10:28:25,280 [ERROR] ConditionMgr:805 - Attr not supported : Dmpu
2025-04-30 10:28:25,281 [ERROR] ConditionMgr:805 - Attr not supported : Dmpu
2025-04-30 10:28:25,281 [ERROR] ConditionMgr:805 - Attr not supported : Dmpu
2025-04-30 10:28:25,281 [ERROR] ConditionMgr:805 - Attr not supported : Dmpu
2025-04-30 10:28:25,281 [ERROR] ConditionMgr:805 - Attr not supported : Dmpu
2025-04-30 10:28:25,281 [ERROR] ConditionMgr:805 - Attr not supported : Dmpu
2025-04-30 10:28:25,281 [ERROR] ConditionMgr:805 - Attr not supported : Dmpu
2025-04-30 10:28:25,281 [ERROR] ConditionMgr:805 - Attr not supported : Dmpu
2025-04-30 10:28:25,287 [WARN] PackLoader:240 - Cannot read IP mode file for STMicroelectronics.X-CUBE-WB05N.2.0.0
2025-04-30 10:28:25,293 [ERROR] Engine:466 - C:\Users\ashry\.stm32cubemx\thirdparties\pdsc\STMicroelectronics.X-CUBE-TCPP.4.2.0.pdsc: PDSC version is not supported
2025-04-30 10:28:25,297 [WARN] PackLoader:240 - Cannot read IP mode file for RealThread.X-CUBE-RT-Thread_Nano.4.1.1
2025-04-30 10:28:25,302 [WARN] PackLoader:240 - Cannot read IP mode file for STMicroelectronics.FP-ATR-SIGFOX1.3.2.0
2025-04-30 10:28:25,315 [WARN] ConditionMgr:438 - getConditionDescription Invalid condition id : Cortex-A Device cause : null
2025-04-30 10:28:25,332 [WARN] ConditionMgr:1039 - genDependencies : Invalid condition id : Cortex-A Device cause : null
2025-04-30 10:28:25,333 [WARN] ConditionMgr:1039 - genDependencies : Invalid condition id : Cortex-A Device cause : null
2025-04-30 10:28:25,333 [WARN] ConditionMgr:1039 - genDependencies : Invalid condition id : Cortex-A Device cause : null
2025-04-30 10:28:25,340 [WARN] PackLoader:240 - Cannot read IP mode file for STMicroelectronics.X-CUBE-EEPRMA1.5.1.0
2025-04-30 10:28:25,347 [WARN] PackLoader:240 - Cannot read IP mode file for wolfSSL.I-CUBE-wolfSSL.5.7.6
2025-04-30 10:28:25,362 [WARN] PackLoader:240 - Cannot read IP mode file for ITTIA_DB.I-CUBE-ITTIADB.8.9.0
2025-04-30 10:28:25,408 [WARN] PackLoader:240 - Cannot read IP mode file for SEGGER.I-CUBE-embOS.1.3.1
2025-04-30 10:28:25,487 [WARN] PackLoader:240 - Cannot read IP mode file for STMicroelectronics.X-CUBE-ALGOBUILD.1.4.0
2025-04-30 10:28:25,520 [WARN] PackLoader:240 - Cannot read IP mode file for STMicroelectronics.X-CUBE-AZRTOS-F4.1.1.0
2025-04-30 10:28:25,528 [ERROR] Engine:466 - C:\Users\ashry\.stm32cubemx\thirdparties\pdsc\Avnet-IotConnect.X-CUBE-IoTC-DA16k-PMOD.1.0.0.pdsc: PDSC version is not supported
2025-04-30 10:28:25,542 [WARN] PackLoader:240 - Cannot read IP mode file for STMicroelectronics.X-CUBE-ISPU.2.1.0
2025-04-30 10:28:25,570 [WARN] PackLoader:240 - Cannot read IP mode file for STMicroelectronics.X-CUBE-AZRTOS-L5.2.0.0
2025-04-30 10:28:25,594 [WARN] PackLoader:240 - Cannot read IP mode file for STMicroelectronics.X-CUBE-NFC6.3.1.0
2025-04-30 10:28:25,605 [WARN] PackLoader:240 - Cannot read IP mode file for STMicroelectronics.X-CUBE-DPower.1.2.0
2025-04-30 10:28:25,613 [WARN] PackLoader:240 - Cannot read IP mode file for STMicroelectronics.X-CUBE-FREERTOS.1.3.0
2025-04-30 10:28:25,621 [WARN] PackLoader:240 - Cannot read IP mode file for STMicroelectronics.X-CUBE-NFC7.1.0.1
2025-04-30 10:28:25,627 [WARN] PackLoader:240 - Cannot read IP mode file for STMicroelectronics.X-CUBE-DPower.1.3.0
2025-04-30 10:28:25,656 [WARN] ConditionMgr:438 - getConditionDescription Invalid condition id : LAN8742 Phy interface Condition cause : null
2025-04-30 10:28:25,657 [WARN] PackLoader:240 - Cannot read IP mode file for STMicroelectronics.X-CUBE-AZRTOS-L4.2.0.0
2025-04-30 10:28:25,658 [WARN] ConditionMgr:1039 - genDependencies : Invalid condition id : LAN8742 Phy interface Condition cause : null
2025-04-30 10:28:25,659 [WARN] ConditionMgr:1039 - genDependencies : Invalid condition id : LAN8742 Phy interface Condition cause : null
2025-04-30 10:28:25,660 [WARN] ConditionMgr:1039 - genDependencies : Invalid condition id : LAN8742 Phy interface Condition cause : null
2025-04-30 10:28:25,670 [WARN] PackLoader:240 - Cannot read IP mode file for STMicroelectronics.X-CUBE-SFXS2LP1.4.0.0
2025-04-30 10:28:25,698 [WARN] PackLoader:240 - Cannot read IP mode file for STMicroelectronics.X-CUBE-AZRTOS-H7.3.3.0
2025-04-30 10:28:25,715 [WARN] ConditionMgr:438 - getConditionDescription Invalid condition id : UX DEVICE CLASS RTOS Condition cause : null
2025-04-30 10:28:25,715 [WARN] ConditionMgr:438 - getConditionDescription Invalid condition id : UX DEVICE CLASS RTOS Condition cause : null
2025-04-30 10:28:25,718 [WARN] PackLoader:240 - Cannot read IP mode file for STMicroelectronics.X-CUBE-AZRTOS-WB.2.0.0
2025-04-30 10:28:25,719 [WARN] ConditionMgr:1039 - genDependencies : Invalid condition id : UX DEVICE CLASS RTOS Condition cause : null
2025-04-30 10:28:25,719 [WARN] ConditionMgr:1039 - genDependencies : Invalid condition id : UX DEVICE CLASS RTOS Condition cause : null
2025-04-30 10:28:25,720 [WARN] ConditionMgr:1039 - genDependencies : Invalid condition id : UX DEVICE CLASS RTOS Condition cause : null
2025-04-30 10:28:25,720 [WARN] ConditionMgr:1039 - genDependencies : Invalid condition id : UX DEVICE CLASS RTOS Condition cause : null
2025-04-30 10:28:25,720 [WARN] ConditionMgr:1039 - genDependencies : Invalid condition id : UX DEVICE CLASS RTOS Condition cause : null
2025-04-30 10:28:25,726 [WARN] PackLoader:240 - Cannot read IP mode file for STMicroelectronics.X-CUBE-GNSS1.7.0.1
2025-04-30 10:28:25,734 [WARN] PackLoader:240 - Cannot read IP mode file for STMicroelectronics.X-CUBE-TOUCHGFX.4.25.0
2025-04-30 10:28:25,740 [WARN] PackLoader:240 - Cannot read IP mode file for STMicroelectronics.FP-SNS-STBOX1.2.0.0
2025-04-30 10:28:25,756 [WARN] PackLoader:240 - Cannot read IP mode file for STMicroelectronics.X-CUBE-SUBG2.5.0.0
2025-04-30 10:28:25,785 [WARN] PackLoader:240 - Cannot read IP mode file for STMicroelectronics.X-CUBE-AZRTOS-H7RS.1.1.0
2025-04-30 10:28:25,798 [WARN] PackLoader:240 - Cannot read IP mode file for Cesanta.I-CUBE-Mongoose.7.13.0
2025-04-30 10:28:25,824 [WARN] PackLoader:240 - Cannot read IP mode file for STMicroelectronics.X-CUBE-AZRTOS-G4.2.0.0
2025-04-30 10:28:25,850 [ERROR] Engine:466 - C:\Users\ashry\.stm32cubemx\thirdparties\pdsc\STMicroelectronics.X-CUBE-IPS.3.1.0.pdsc: PDSC version is not supported
2025-04-30 10:28:25,855 [INFO] WebApp:186 - Connection restablished
2025-04-30 10:28:25,857 [WARN] PackLoader:240 - Cannot read IP mode file for STMicroelectronics.X-CUBE-ALS.1.0.2
2025-04-30 10:28:25,863 [WARN] PackLoader:240 - Cannot read IP mode file for STMicroelectronics.X-CUBE-TOUCHGFX.4.24.2
2025-04-30 10:28:25,877 [WARN] PackLoader:240 - Cannot read IP mode file for wolfSSL.I-CUBE-wolfTPM.3.4.0
2025-04-30 10:28:25,891 [WARN] PackLoader:240 - Cannot read IP mode file for portGmbH.I-Cube-SoM-uGOAL.1.1.0
2025-04-30 10:28:25,925 [WARN] PackLoader:240 - Cannot read IP mode file for STMicroelectronics.X-CUBE-AZRTOS-H7RS.1.0.0
2025-04-30 10:28:25,947 [WARN] PackLoader:240 - Cannot read IP mode file for STMicroelectronics.X-CUBE-TOF1.3.4.2
2025-04-30 10:28:25,947 [INFO] WebApp:220 - Starting web application
2025-04-30 10:28:25,947 [INFO] WebApp:578 - Web application path used D:\Program Files\en.st-stm32cubeide_1.16.1_22882_20240916_0822_x86_64.exe\STM32CubeIDE_1.16.1\STM32CubeIDE\plugins\com.st.stm32cube.common.mx_6.12.1.202409122256\db\plugins\mcufinder\reactClient1\index.html
2025-04-30 10:28:25,980 [ERROR] Engine:466 - C:\Users\ashry\.stm32cubemx\thirdparties\pdsc\STMicroelectronics.X-CUBE-TOF1.3.4.3.pdsc: PDSC version is not supported
2025-04-30 10:28:25,985 [WARN] PackLoader:240 - Cannot read IP mode file for wolfSSL.I-CUBE-wolfSSH.1.4.17
2025-04-30 10:28:25,987 [INFO] ThirdParty:978 - Integrity check success = true
2025-04-30 10:28:25,987 [INFO] IntegrityCheckThread:100 - exiting critical section [integrity check]
2025-04-30 10:28:25,988 [INFO] IntegrityCheckThread:103 - End integrity checks thread
2025-04-30 10:33:40,752 [ERROR] LogOutputStream:75 - [STDERR_REDIRECT] 
2025-04-30 10:33:40,753 [ERROR] LogOutputStream:75 - [STDERR_REDIRECT] 
